running develop
running egg_info
creating teachbot_recorder.egg-info
writing teachbot_recorder.egg-info/PKG-INFO
writing dependency_links to teachbot_recorder.egg-info/dependency_links.txt
writing entry points to teachbot_recorder.egg-info/entry_points.txt
writing requirements to teachbot_recorder.egg-info/requires.txt
writing top-level names to teachbot_recorder.egg-info/top_level.txt
writing manifest file 'teachbot_recorder.egg-info/SOURCES.txt'
reading manifest file 'teachbot_recorder.egg-info/SOURCES.txt'
writing manifest file 'teachbot_recorder.egg-info/SOURCES.txt'
running build_ext
Creating /home/martijn/teachbot/install/teachbot_recorder/lib/python3.10/site-packages/teachbot-recorder.egg-link (link to .)
Installing recorder script to /home/martijn/teachbot/install/teachbot_recorder/lib/teachbot_recorder

Installed /home/martijn/teachbot/build/teachbot_recorder
running symlink_data
creating /home/martijn/teachbot/install/teachbot_recorder/share/ament_index
creating /home/martijn/teachbot/install/teachbot_recorder/share/ament_index/resource_index
creating /home/martijn/teachbot/install/teachbot_recorder/share/ament_index/resource_index/packages
symbolically linking /home/martijn/teachbot/build/teachbot_recorder/resource/teachbot_recorder -> /home/martijn/teachbot/install/teachbot_recorder/share/ament_index/resource_index/packages
symbolically linking /home/martijn/teachbot/build/teachbot_recorder/package.xml -> /home/martijn/teachbot/install/teachbot_recorder/share/teachbot_recorder
creating /home/martijn/teachbot/install/teachbot_recorder/share/teachbot_recorder/launch
symbolically linking /home/martijn/teachbot/build/teachbot_recorder/launch/recorder.launch.py -> /home/martijn/teachbot/install/teachbot_recorder/share/teachbot_recorder/launch/
creating /home/martijn/teachbot/install/teachbot_recorder/share/teachbot_recorder/config
symbolically linking /home/martijn/teachbot/build/teachbot_recorder/config/ur.yaml -> /home/martijn/teachbot/install/teachbot_recorder/share/teachbot_recorder/config/
