[0.015s] Invoking command in '/home/martijn/teachbot/build/teachbot_interfaces': CMAKE_PREFIX_PATH=${CMAKE_PREFIX_PATH}:/home/martijn/interbotix_ws/install/interbotix_xs_modules:/home/martijn/interbotix_ws/install/interbotix_common_modules:/opt/ros/humble /usr/bin/cmake /home/martijn/teachbot/teachbot_interfaces -DAMENT_CMAKE_SYMLINK_INSTALL=1 -DCMAKE_INSTALL_PREFIX=/home/martijn/teachbot/install/teachbot_interfaces
[0.152s] -- The C compiler identification is GNU 13.1.0
[0.190s] -- The CXX compiler identification is GNU 13.1.0
[0.198s] -- Detecting C compiler ABI info
[0.249s] -- Detecting C compiler ABI info - done
[0.253s] -- Check for working C compiler: /usr/bin/cc - skipped
[0.253s] -- Detecting C compile features
[0.254s] -- Detecting C compile features - done
[0.256s] -- Detecting CXX compiler ABI info
[0.312s] -- Detecting CXX compiler ABI info - done
[0.316s] -- Check for working CXX compiler: /usr/bin/c++ - skipped
[0.316s] -- Detecting CXX compile features
[0.316s] -- Detecting CXX compile features - done
[0.324s] -- Found ament_cmake: 1.3.12 (/opt/ros/humble/share/ament_cmake/cmake)
[0.422s] -- Found Python3: /usr/bin/python3 (found version "3.10.12") found components: Interpreter 
[0.458s] -- Override CMake install command with custom implementation using symlinks instead of copying resources
[0.507s] -- Found std_msgs: 4.9.0 (/opt/ros/humble/share/std_msgs/cmake)
[0.551s] -- Found rosidl_generator_c: 3.1.7 (/opt/ros/humble/share/rosidl_generator_c/cmake)
[0.559s] -- Found rosidl_adapter: 3.1.7 (/opt/ros/humble/share/rosidl_adapter/cmake)
[0.569s] -- Found rosidl_generator_cpp: 3.1.7 (/opt/ros/humble/share/rosidl_generator_cpp/cmake)
[0.582s] -- Using all available rosidl_typesupport_c: rosidl_typesupport_fastrtps_c;rosidl_typesupport_introspection_c
[0.602s] -- Using all available rosidl_typesupport_cpp: rosidl_typesupport_fastrtps_cpp;rosidl_typesupport_introspection_cpp
[0.625s] -- Found geometry_msgs: 4.9.0 (/opt/ros/humble/share/geometry_msgs/cmake)
[0.637s] -- Found rosidl_default_generators: 1.2.0 (/opt/ros/humble/share/rosidl_default_generators/cmake)
[0.808s] -- Found ament_cmake_ros: 0.10.0 (/opt/ros/humble/share/ament_cmake_ros/cmake)
[1.041s] -- Using all available rosidl_typesupport_c: rosidl_typesupport_fastrtps_c;rosidl_typesupport_introspection_c
[1.130s] -- Using all available rosidl_typesupport_cpp: rosidl_typesupport_fastrtps_cpp;rosidl_typesupport_introspection_cpp
[1.145s] -- Found PythonInterp: /usr/bin/python3 (found suitable version "3.10.12", minimum required is "3.6") 
[1.148s] -- Found python_cmake_module: 0.10.0 (/opt/ros/humble/share/python_cmake_module/cmake)
[1.165s] -- Found PythonLibs: /usr/lib/x86_64-linux-gnu/libpython3.10.so (found suitable version "3.10.12", minimum required is "3.5") 
[1.165s] -- Using PYTHON_EXECUTABLE: /usr/bin/python3
[1.166s] -- Using PYTHON_INCLUDE_DIRS: /usr/include/python3.10
[1.166s] -- Using PYTHON_LIBRARIES: /usr/lib/x86_64-linux-gnu/libpython3.10.so
[1.177s] -- Found PythonExtra: .so  
[1.221s] -- Found ament_lint_auto: 0.12.14 (/opt/ros/humble/share/ament_lint_auto/cmake)
[1.245s] -- Added test 'lint_cmake' to check CMake code style
[1.246s] -- Added test 'xmllint' to check XML markup files
[1.248s] -- Configuring done
[1.268s] -- Generating done
[1.274s] -- Build files have been written to: /home/martijn/teachbot/build/teachbot_interfaces
[1.280s] Invoked command in '/home/martijn/teachbot/build/teachbot_interfaces' returned '0': CMAKE_PREFIX_PATH=${CMAKE_PREFIX_PATH}:/home/martijn/interbotix_ws/install/interbotix_xs_modules:/home/martijn/interbotix_ws/install/interbotix_common_modules:/opt/ros/humble /usr/bin/cmake /home/martijn/teachbot/teachbot_interfaces -DAMENT_CMAKE_SYMLINK_INSTALL=1 -DCMAKE_INSTALL_PREFIX=/home/martijn/teachbot/install/teachbot_interfaces
[1.281s] Invoking command in '/home/martijn/teachbot/build/teachbot_interfaces': CMAKE_PREFIX_PATH=${CMAKE_PREFIX_PATH}:/home/martijn/interbotix_ws/install/interbotix_xs_modules:/home/martijn/interbotix_ws/install/interbotix_common_modules:/opt/ros/humble /usr/bin/cmake --build /home/martijn/teachbot/build/teachbot_interfaces -- -j16 -l16
[1.310s] [  2%] [34m[1mGenerating C code for ROS interfaces[0m
[1.317s] [  5%] [34m[1mGenerating C++ code for ROS interfaces[0m
[1.323s] [  5%] Built target ament_cmake_python_symlink_teachbot_interfaces
[1.442s] running egg_info
[1.442s] creating teachbot_interfaces.egg-info
[1.442s] writing teachbot_interfaces.egg-info/PKG-INFO
[1.442s] writing dependency_links to teachbot_interfaces.egg-info/dependency_links.txt
[1.442s] writing top-level names to teachbot_interfaces.egg-info/top_level.txt
[1.442s] writing manifest file 'teachbot_interfaces.egg-info/SOURCES.txt'
[1.443s] reading manifest file 'teachbot_interfaces.egg-info/SOURCES.txt'
[1.443s] writing manifest file 'teachbot_interfaces.egg-info/SOURCES.txt'
[1.460s] [  5%] Built target ament_cmake_python_build_teachbot_interfaces_egg
[1.535s] [  5%] Built target teachbot_interfaces__cpp
[1.536s] [  7%] [32mBuilding C object CMakeFiles/teachbot_interfaces__rosidl_generator_c.dir/rosidl_generator_c/teachbot_interfaces/msg/detail/teachbot_pistol_state__functions.c.o[0m
[1.536s] [ 10%] [32mBuilding C object CMakeFiles/teachbot_interfaces__rosidl_generator_c.dir/rosidl_generator_c/teachbot_interfaces/msg/detail/teachbot_state__functions.c.o[0m
[1.542s] [ 17%] [34m[1mGenerating C++ type support dispatch for ROS interfaces[0m
[1.542s] [ 17%] [34m[1mGenerating C++ type support for eProsima Fast-RTPS[0m
[1.542s] [ 17%] [34m[1mGenerating C++ introspection for ROS interfaces[0m
[1.583s] [ 20%] [32m[1mLinking C shared library libteachbot_interfaces__rosidl_generator_c.so[0m
[1.610s] [ 20%] Built target teachbot_interfaces__rosidl_generator_c
[1.617s] [ 25%] [34m[1mGenerating C introspection for ROS interfaces[0m
[1.617s] [ 25%] [34m[1mGenerating C type support for eProsima Fast-RTPS[0m
[1.617s] [ 28%] [34m[1mGenerating C type support dispatch for ROS interfaces[0m
[1.735s] [ 30%] [32mBuilding CXX object CMakeFiles/teachbot_interfaces__rosidl_typesupport_cpp.dir/rosidl_typesupport_cpp/teachbot_interfaces/msg/teachbot_pistol_state__type_support.cpp.o[0m
[1.736s] [ 33%] [32mBuilding CXX object CMakeFiles/teachbot_interfaces__rosidl_typesupport_cpp.dir/rosidl_typesupport_cpp/teachbot_interfaces/msg/teachbot_state__type_support.cpp.o[0m
[1.743s] [ 35%] [32mBuilding CXX object CMakeFiles/teachbot_interfaces__rosidl_typesupport_introspection_cpp.dir/rosidl_typesupport_introspection_cpp/teachbot_interfaces/msg/detail/teachbot_state__type_support.cpp.o[0m
[1.743s] [ 38%] [32mBuilding CXX object CMakeFiles/teachbot_interfaces__rosidl_typesupport_introspection_cpp.dir/rosidl_typesupport_introspection_cpp/teachbot_interfaces/msg/detail/teachbot_pistol_state__type_support.cpp.o[0m
[1.756s] [ 43%] [32mBuilding CXX object CMakeFiles/teachbot_interfaces__rosidl_typesupport_fastrtps_cpp.dir/rosidl_typesupport_fastrtps_cpp/teachbot_interfaces/msg/detail/dds_fastrtps/teachbot_state__type_support.cpp.o[0m
[1.756s] [ 43%] [32mBuilding CXX object CMakeFiles/teachbot_interfaces__rosidl_typesupport_fastrtps_cpp.dir/rosidl_typesupport_fastrtps_cpp/teachbot_interfaces/msg/detail/dds_fastrtps/teachbot_pistol_state__type_support.cpp.o[0m
[1.825s] [ 48%] [32mBuilding CXX object CMakeFiles/teachbot_interfaces__rosidl_typesupport_c.dir/rosidl_typesupport_c/teachbot_interfaces/msg/teachbot_state__type_support.cpp.o[0m
[1.826s] [ 48%] [32mBuilding CXX object CMakeFiles/teachbot_interfaces__rosidl_typesupport_c.dir/rosidl_typesupport_c/teachbot_interfaces/msg/teachbot_pistol_state__type_support.cpp.o[0m
[1.843s] [ 58%] [32mBuilding C object CMakeFiles/teachbot_interfaces__rosidl_typesupport_introspection_c.dir/rosidl_typesupport_introspection_c/teachbot_interfaces/msg/detail/teachbot_pistol_state__type_support.c.o[0m
[1.843s] [ 58%] [32mBuilding CXX object CMakeFiles/teachbot_interfaces__rosidl_typesupport_fastrtps_c.dir/rosidl_typesupport_fastrtps_c/teachbot_interfaces/msg/detail/teachbot_state__type_support_c.cpp.o[0m
[1.843s] [ 58%] [32mBuilding CXX object CMakeFiles/teachbot_interfaces__rosidl_typesupport_fastrtps_c.dir/rosidl_typesupport_fastrtps_c/teachbot_interfaces/msg/detail/teachbot_pistol_state__type_support_c.cpp.o[0m
[1.843s] [ 58%] [32mBuilding C object CMakeFiles/teachbot_interfaces__rosidl_typesupport_introspection_c.dir/rosidl_typesupport_introspection_c/teachbot_interfaces/msg/detail/teachbot_state__type_support.c.o[0m
[1.857s] [ 61%] [32m[1mLinking CXX shared library libteachbot_interfaces__rosidl_typesupport_c.so[0m
[1.880s] [ 64%] [32m[1mLinking C shared library libteachbot_interfaces__rosidl_typesupport_introspection_c.so[0m
[1.897s] [ 64%] Built target teachbot_interfaces__rosidl_typesupport_c
[1.912s] [ 64%] Built target teachbot_interfaces__rosidl_typesupport_introspection_c
[1.932s] [ 66%] [32m[1mLinking CXX shared library libteachbot_interfaces__rosidl_typesupport_cpp.so[0m
[1.962s] [ 66%] Built target teachbot_interfaces__rosidl_typesupport_cpp
[1.974s] [ 69%] [32m[1mLinking CXX shared library libteachbot_interfaces__rosidl_typesupport_introspection_cpp.so[0m
[2.004s] [ 71%] [32m[1mLinking CXX shared library libteachbot_interfaces__rosidl_typesupport_fastrtps_cpp.so[0m
[2.020s] [ 71%] Built target teachbot_interfaces__rosidl_typesupport_introspection_cpp
[2.049s] [ 74%] [32m[1mLinking CXX shared library libteachbot_interfaces__rosidl_typesupport_fastrtps_c.so[0m
[2.051s] [ 74%] Built target teachbot_interfaces__rosidl_typesupport_fastrtps_cpp
[2.093s] [ 74%] Built target teachbot_interfaces__rosidl_typesupport_fastrtps_c
[2.107s] [ 74%] Built target teachbot_interfaces
[2.121s] [ 76%] [34m[1mGenerating Python code for ROS interfaces[0m
[2.461s] [ 76%] Built target teachbot_interfaces__py
[2.474s] [ 79%] [32mBuilding C object CMakeFiles/teachbot_interfaces__rosidl_generator_py.dir/rosidl_generator_py/teachbot_interfaces/msg/_teachbot_state_s.c.o[0m
[2.475s] [ 82%] [32mBuilding C object CMakeFiles/teachbot_interfaces__rosidl_generator_py.dir/rosidl_generator_py/teachbot_interfaces/msg/_teachbot_pistol_state_s.c.o[0m
[2.559s] [ 84%] [32m[1mLinking C shared library rosidl_generator_py/teachbot_interfaces/libteachbot_interfaces__rosidl_generator_py.so[0m
[2.587s] [ 84%] Built target teachbot_interfaces__rosidl_generator_py
[2.600s] [ 87%] [32mBuilding C object CMakeFiles/teachbot_interfaces__rosidl_typesupport_c__pyext.dir/rosidl_generator_py/teachbot_interfaces/_teachbot_interfaces_s.ep.rosidl_typesupport_c.c.o[0m
[2.601s] [ 89%] [32mBuilding C object CMakeFiles/teachbot_interfaces__rosidl_typesupport_fastrtps_c__pyext.dir/rosidl_generator_py/teachbot_interfaces/_teachbot_interfaces_s.ep.rosidl_typesupport_fastrtps_c.c.o[0m
[2.601s] [ 92%] [32mBuilding C object CMakeFiles/teachbot_interfaces__rosidl_typesupport_introspection_c__pyext.dir/rosidl_generator_py/teachbot_interfaces/_teachbot_interfaces_s.ep.rosidl_typesupport_introspection_c.c.o[0m
[2.658s] [ 94%] [32m[1mLinking C shared library rosidl_generator_py/teachbot_interfaces/teachbot_interfaces_s__rosidl_typesupport_c.cpython-310-x86_64-linux-gnu.so[0m
[2.658s] [ 97%] [32m[1mLinking C shared library rosidl_generator_py/teachbot_interfaces/teachbot_interfaces_s__rosidl_typesupport_introspection_c.cpython-310-x86_64-linux-gnu.so[0m
[2.659s] [100%] [32m[1mLinking C shared library rosidl_generator_py/teachbot_interfaces/teachbot_interfaces_s__rosidl_typesupport_fastrtps_c.cpython-310-x86_64-linux-gnu.so[0m
[2.683s] [100%] Built target teachbot_interfaces__rosidl_typesupport_c__pyext
[2.683s] [100%] Built target teachbot_interfaces__rosidl_typesupport_introspection_c__pyext
[2.683s] [100%] Built target teachbot_interfaces__rosidl_typesupport_fastrtps_c__pyext
[2.689s] Invoked command in '/home/martijn/teachbot/build/teachbot_interfaces' returned '0': CMAKE_PREFIX_PATH=${CMAKE_PREFIX_PATH}:/home/martijn/interbotix_ws/install/interbotix_xs_modules:/home/martijn/interbotix_ws/install/interbotix_common_modules:/opt/ros/humble /usr/bin/cmake --build /home/martijn/teachbot/build/teachbot_interfaces -- -j16 -l16
[2.690s] Invoking command in '/home/martijn/teachbot/build/teachbot_interfaces': CMAKE_PREFIX_PATH=${CMAKE_PREFIX_PATH}:/home/martijn/interbotix_ws/install/interbotix_xs_modules:/home/martijn/interbotix_ws/install/interbotix_common_modules:/opt/ros/humble /usr/bin/cmake --install /home/martijn/teachbot/build/teachbot_interfaces
[2.695s] -- Install configuration: ""
[2.695s] -- Execute custom install script
[2.695s] -- Symlinking: /home/martijn/teachbot/install/teachbot_interfaces/share/ament_index/resource_index/rosidl_interfaces/teachbot_interfaces
[2.702s] -- Symlinking: /home/martijn/teachbot/install/teachbot_interfaces/include/teachbot_interfaces/teachbot_interfaces/msg/detail/teachbot_pistol_state__functions.h
[2.707s] -- Symlinking: /home/martijn/teachbot/install/teachbot_interfaces/include/teachbot_interfaces/teachbot_interfaces/msg/detail/teachbot_pistol_state__struct.h
[2.712s] -- Symlinking: /home/martijn/teachbot/install/teachbot_interfaces/include/teachbot_interfaces/teachbot_interfaces/msg/detail/teachbot_pistol_state__type_support.h
[2.718s] -- Symlinking: /home/martijn/teachbot/install/teachbot_interfaces/include/teachbot_interfaces/teachbot_interfaces/msg/detail/teachbot_state__functions.h
[2.724s] -- Symlinking: /home/martijn/teachbot/install/teachbot_interfaces/include/teachbot_interfaces/teachbot_interfaces/msg/detail/teachbot_state__struct.h
[2.729s] -- Symlinking: /home/martijn/teachbot/install/teachbot_interfaces/include/teachbot_interfaces/teachbot_interfaces/msg/detail/teachbot_state__type_support.h
[2.734s] -- Symlinking: /home/martijn/teachbot/install/teachbot_interfaces/include/teachbot_interfaces/teachbot_interfaces/msg/rosidl_generator_c__visibility_control.h
[2.740s] -- Symlinking: /home/martijn/teachbot/install/teachbot_interfaces/include/teachbot_interfaces/teachbot_interfaces/msg/teachbot_pistol_state.h
[2.745s] -- Symlinking: /home/martijn/teachbot/install/teachbot_interfaces/include/teachbot_interfaces/teachbot_interfaces/msg/teachbot_state.h
[2.751s] -- Symlinking: /home/martijn/teachbot/install/teachbot_interfaces/share/teachbot_interfaces/environment/library_path.sh
[2.756s] -- Symlinking: /home/martijn/teachbot/install/teachbot_interfaces/share/teachbot_interfaces/environment/library_path.dsv
[2.762s] -- Symlinking: /home/martijn/teachbot/install/teachbot_interfaces/include/teachbot_interfaces/teachbot_interfaces/msg/detail/teachbot_pistol_state__rosidl_typesupport_fastrtps_c.h
[2.767s] -- Symlinking: /home/martijn/teachbot/install/teachbot_interfaces/include/teachbot_interfaces/teachbot_interfaces/msg/detail/teachbot_state__rosidl_typesupport_fastrtps_c.h
[2.773s] -- Symlinking: /home/martijn/teachbot/install/teachbot_interfaces/include/teachbot_interfaces/teachbot_interfaces/msg/rosidl_typesupport_fastrtps_c__visibility_control.h
[2.778s] -- Symlinking: /home/martijn/teachbot/install/teachbot_interfaces/include/teachbot_interfaces/teachbot_interfaces/msg/detail/teachbot_pistol_state__builder.hpp
[2.783s] -- Symlinking: /home/martijn/teachbot/install/teachbot_interfaces/include/teachbot_interfaces/teachbot_interfaces/msg/detail/teachbot_pistol_state__struct.hpp
[2.788s] -- Symlinking: /home/martijn/teachbot/install/teachbot_interfaces/include/teachbot_interfaces/teachbot_interfaces/msg/detail/teachbot_pistol_state__traits.hpp
[2.793s] -- Symlinking: /home/martijn/teachbot/install/teachbot_interfaces/include/teachbot_interfaces/teachbot_interfaces/msg/detail/teachbot_pistol_state__type_support.hpp
[2.798s] -- Symlinking: /home/martijn/teachbot/install/teachbot_interfaces/include/teachbot_interfaces/teachbot_interfaces/msg/detail/teachbot_state__builder.hpp
[2.804s] -- Symlinking: /home/martijn/teachbot/install/teachbot_interfaces/include/teachbot_interfaces/teachbot_interfaces/msg/detail/teachbot_state__struct.hpp
[2.810s] -- Symlinking: /home/martijn/teachbot/install/teachbot_interfaces/include/teachbot_interfaces/teachbot_interfaces/msg/detail/teachbot_state__traits.hpp
[2.815s] -- Symlinking: /home/martijn/teachbot/install/teachbot_interfaces/include/teachbot_interfaces/teachbot_interfaces/msg/detail/teachbot_state__type_support.hpp
[2.820s] -- Symlinking: /home/martijn/teachbot/install/teachbot_interfaces/include/teachbot_interfaces/teachbot_interfaces/msg/rosidl_generator_cpp__visibility_control.hpp
[2.826s] -- Symlinking: /home/martijn/teachbot/install/teachbot_interfaces/include/teachbot_interfaces/teachbot_interfaces/msg/teachbot_pistol_state.hpp
[2.831s] -- Symlinking: /home/martijn/teachbot/install/teachbot_interfaces/include/teachbot_interfaces/teachbot_interfaces/msg/teachbot_state.hpp
[2.837s] -- Symlinking: /home/martijn/teachbot/install/teachbot_interfaces/include/teachbot_interfaces/teachbot_interfaces/msg/detail/teachbot_pistol_state__rosidl_typesupport_fastrtps_cpp.hpp
[2.843s] -- Symlinking: /home/martijn/teachbot/install/teachbot_interfaces/include/teachbot_interfaces/teachbot_interfaces/msg/detail/teachbot_state__rosidl_typesupport_fastrtps_cpp.hpp
[2.848s] -- Symlinking: /home/martijn/teachbot/install/teachbot_interfaces/include/teachbot_interfaces/teachbot_interfaces/msg/rosidl_typesupport_fastrtps_cpp__visibility_control.h
[2.853s] -- Symlinking: /home/martijn/teachbot/install/teachbot_interfaces/include/teachbot_interfaces/teachbot_interfaces/msg/detail/teachbot_pistol_state__rosidl_typesupport_introspection_c.h
[2.859s] -- Symlinking: /home/martijn/teachbot/install/teachbot_interfaces/include/teachbot_interfaces/teachbot_interfaces/msg/detail/teachbot_state__rosidl_typesupport_introspection_c.h
[2.863s] -- Symlinking: /home/martijn/teachbot/install/teachbot_interfaces/include/teachbot_interfaces/teachbot_interfaces/msg/rosidl_typesupport_introspection_c__visibility_control.h
[2.870s] -- Symlinking: /home/martijn/teachbot/install/teachbot_interfaces/include/teachbot_interfaces/teachbot_interfaces/msg/detail/teachbot_pistol_state__rosidl_typesupport_introspection_cpp.hpp
[2.875s] -- Symlinking: /home/martijn/teachbot/install/teachbot_interfaces/include/teachbot_interfaces/teachbot_interfaces/msg/detail/teachbot_state__rosidl_typesupport_introspection_cpp.hpp
[2.880s] -- Symlinking: /home/martijn/teachbot/install/teachbot_interfaces/share/teachbot_interfaces/environment/pythonpath.sh
[2.885s] -- Symlinking: /home/martijn/teachbot/install/teachbot_interfaces/share/teachbot_interfaces/environment/pythonpath.dsv
[2.891s] -- Symlinking: /home/martijn/teachbot/install/teachbot_interfaces/local/lib/python3.10/dist-packages/teachbot_interfaces-0.0.1-py3.10.egg-info/PKG-INFO
[2.896s] -- Symlinking: /home/martijn/teachbot/install/teachbot_interfaces/local/lib/python3.10/dist-packages/teachbot_interfaces-0.0.1-py3.10.egg-info/SOURCES.txt
[2.901s] -- Symlinking: /home/martijn/teachbot/install/teachbot_interfaces/local/lib/python3.10/dist-packages/teachbot_interfaces-0.0.1-py3.10.egg-info/dependency_links.txt
[2.906s] -- Symlinking: /home/martijn/teachbot/install/teachbot_interfaces/local/lib/python3.10/dist-packages/teachbot_interfaces-0.0.1-py3.10.egg-info/top_level.txt
[2.912s] -- Symlinking: /home/martijn/teachbot/install/teachbot_interfaces/local/lib/python3.10/dist-packages/teachbot_interfaces/__init__.py
[2.917s] -- Symlinking: /home/martijn/teachbot/install/teachbot_interfaces/local/lib/python3.10/dist-packages/teachbot_interfaces/_teachbot_interfaces_s.ep.rosidl_typesupport_c.c
[2.923s] -- Symlinking: /home/martijn/teachbot/install/teachbot_interfaces/local/lib/python3.10/dist-packages/teachbot_interfaces/_teachbot_interfaces_s.ep.rosidl_typesupport_fastrtps_c.c
[2.928s] -- Symlinking: /home/martijn/teachbot/install/teachbot_interfaces/local/lib/python3.10/dist-packages/teachbot_interfaces/_teachbot_interfaces_s.ep.rosidl_typesupport_introspection_c.c
[2.933s] -- Symlinking: /home/martijn/teachbot/install/teachbot_interfaces/local/lib/python3.10/dist-packages/teachbot_interfaces/libteachbot_interfaces__rosidl_generator_py.so
[2.939s] -- Symlinking: /home/martijn/teachbot/install/teachbot_interfaces/local/lib/python3.10/dist-packages/teachbot_interfaces/msg/__init__.py
[2.944s] -- Symlinking: /home/martijn/teachbot/install/teachbot_interfaces/local/lib/python3.10/dist-packages/teachbot_interfaces/msg/_teachbot_pistol_state.py
[2.950s] -- Symlinking: /home/martijn/teachbot/install/teachbot_interfaces/local/lib/python3.10/dist-packages/teachbot_interfaces/msg/_teachbot_pistol_state_s.c
[2.955s] -- Symlinking: /home/martijn/teachbot/install/teachbot_interfaces/local/lib/python3.10/dist-packages/teachbot_interfaces/msg/_teachbot_state.py
[2.960s] -- Symlinking: /home/martijn/teachbot/install/teachbot_interfaces/local/lib/python3.10/dist-packages/teachbot_interfaces/msg/_teachbot_state_s.c
[2.966s] -- Symlinking: /home/martijn/teachbot/install/teachbot_interfaces/local/lib/python3.10/dist-packages/teachbot_interfaces/teachbot_interfaces_s__rosidl_typesupport_c.cpython-310-x86_64-linux-gnu.so
[2.971s] -- Symlinking: /home/martijn/teachbot/install/teachbot_interfaces/local/lib/python3.10/dist-packages/teachbot_interfaces/teachbot_interfaces_s__rosidl_typesupport_fastrtps_c.cpython-310-x86_64-linux-gnu.so
[2.977s] -- Symlinking: /home/martijn/teachbot/install/teachbot_interfaces/local/lib/python3.10/dist-packages/teachbot_interfaces/teachbot_interfaces_s__rosidl_typesupport_introspection_c.cpython-310-x86_64-linux-gnu.so
[2.982s] -- Up-to-date symlink: /home/martijn/teachbot/install/teachbot_interfaces/local/lib/python3.10/dist-packages/teachbot_interfaces/teachbot_interfaces_s__rosidl_typesupport_fastrtps_c.cpython-310-x86_64-linux-gnu.so
[2.982s] -- Up-to-date symlink: /home/martijn/teachbot/install/teachbot_interfaces/local/lib/python3.10/dist-packages/teachbot_interfaces/teachbot_interfaces_s__rosidl_typesupport_introspection_c.cpython-310-x86_64-linux-gnu.so
[2.982s] -- Up-to-date symlink: /home/martijn/teachbot/install/teachbot_interfaces/local/lib/python3.10/dist-packages/teachbot_interfaces/teachbot_interfaces_s__rosidl_typesupport_c.cpython-310-x86_64-linux-gnu.so
[2.982s] -- Symlinking: /home/martijn/teachbot/install/teachbot_interfaces/share/teachbot_interfaces/msg/TeachbotPistolState.idl
[2.987s] -- Symlinking: /home/martijn/teachbot/install/teachbot_interfaces/share/teachbot_interfaces/msg/TeachbotState.idl
[2.992s] -- Symlinking: /home/martijn/teachbot/install/teachbot_interfaces/share/teachbot_interfaces/msg/TeachbotPistolState.msg
[2.998s] -- Symlinking: /home/martijn/teachbot/install/teachbot_interfaces/share/teachbot_interfaces/msg/TeachbotState.msg
[3.003s] -- Symlinking: /home/martijn/teachbot/install/teachbot_interfaces/share/ament_index/resource_index/package_run_dependencies/teachbot_interfaces
[3.009s] -- Symlinking: /home/martijn/teachbot/install/teachbot_interfaces/share/ament_index/resource_index/parent_prefix_path/teachbot_interfaces
[3.013s] -- Symlinking: /home/martijn/teachbot/install/teachbot_interfaces/share/teachbot_interfaces/environment/ament_prefix_path.sh
[3.019s] -- Symlinking: /home/martijn/teachbot/install/teachbot_interfaces/share/teachbot_interfaces/environment/ament_prefix_path.dsv
[3.025s] -- Symlinking: /home/martijn/teachbot/install/teachbot_interfaces/share/teachbot_interfaces/environment/path.sh
[3.030s] -- Symlinking: /home/martijn/teachbot/install/teachbot_interfaces/share/teachbot_interfaces/environment/path.dsv
[3.035s] -- Symlinking: /home/martijn/teachbot/install/teachbot_interfaces/share/teachbot_interfaces/local_setup.bash
[3.041s] -- Symlinking: /home/martijn/teachbot/install/teachbot_interfaces/share/teachbot_interfaces/local_setup.sh
[3.046s] -- Symlinking: /home/martijn/teachbot/install/teachbot_interfaces/share/teachbot_interfaces/local_setup.zsh
[3.051s] -- Symlinking: /home/martijn/teachbot/install/teachbot_interfaces/share/teachbot_interfaces/local_setup.dsv
[3.056s] -- Symlinking: /home/martijn/teachbot/install/teachbot_interfaces/share/teachbot_interfaces/package.dsv
[3.061s] -- Symlinking: /home/martijn/teachbot/install/teachbot_interfaces/share/ament_index/resource_index/packages/teachbot_interfaces
[3.067s] -- Symlinking: /home/martijn/teachbot/install/teachbot_interfaces/share/teachbot_interfaces/cmake/rosidl_cmake-extras.cmake
[3.072s] -- Symlinking: /home/martijn/teachbot/install/teachbot_interfaces/share/teachbot_interfaces/cmake/ament_cmake_export_dependencies-extras.cmake
[3.077s] -- Symlinking: /home/martijn/teachbot/install/teachbot_interfaces/share/teachbot_interfaces/cmake/ament_cmake_export_include_directories-extras.cmake
[3.082s] -- Symlinking: /home/martijn/teachbot/install/teachbot_interfaces/share/teachbot_interfaces/cmake/ament_cmake_export_libraries-extras.cmake
[3.087s] -- Symlinking: /home/martijn/teachbot/install/teachbot_interfaces/share/teachbot_interfaces/cmake/ament_cmake_export_targets-extras.cmake
[3.093s] -- Symlinking: /home/martijn/teachbot/install/teachbot_interfaces/share/teachbot_interfaces/cmake/rosidl_cmake_export_typesupport_targets-extras.cmake
[3.098s] -- Symlinking: /home/martijn/teachbot/install/teachbot_interfaces/share/teachbot_interfaces/cmake/rosidl_cmake_export_typesupport_libraries-extras.cmake
[3.104s] -- Symlinking: /home/martijn/teachbot/install/teachbot_interfaces/share/teachbot_interfaces/cmake/teachbot_interfacesConfig.cmake
[3.109s] -- Symlinking: /home/martijn/teachbot/install/teachbot_interfaces/share/teachbot_interfaces/cmake/teachbot_interfacesConfig-version.cmake
[3.114s] -- Symlinking: /home/martijn/teachbot/install/teachbot_interfaces/share/teachbot_interfaces/package.xml
[3.120s] -- Installing: /home/martijn/teachbot/install/teachbot_interfaces/lib/libteachbot_interfaces__rosidl_generator_c.so
[3.120s] -- Set runtime path of "/home/martijn/teachbot/install/teachbot_interfaces/lib/libteachbot_interfaces__rosidl_generator_c.so" to ""
[3.120s] -- Installing: /home/martijn/teachbot/install/teachbot_interfaces/lib/libteachbot_interfaces__rosidl_typesupport_fastrtps_c.so
[3.120s] -- Set runtime path of "/home/martijn/teachbot/install/teachbot_interfaces/lib/libteachbot_interfaces__rosidl_typesupport_fastrtps_c.so" to ""
[3.120s] -- Installing: /home/martijn/teachbot/install/teachbot_interfaces/lib/libteachbot_interfaces__rosidl_typesupport_fastrtps_cpp.so
[3.121s] -- Set runtime path of "/home/martijn/teachbot/install/teachbot_interfaces/lib/libteachbot_interfaces__rosidl_typesupport_fastrtps_cpp.so" to ""
[3.121s] -- Installing: /home/martijn/teachbot/install/teachbot_interfaces/lib/libteachbot_interfaces__rosidl_typesupport_introspection_c.so
[3.121s] -- Set runtime path of "/home/martijn/teachbot/install/teachbot_interfaces/lib/libteachbot_interfaces__rosidl_typesupport_introspection_c.so" to ""
[3.121s] -- Installing: /home/martijn/teachbot/install/teachbot_interfaces/lib/libteachbot_interfaces__rosidl_typesupport_c.so
[3.121s] -- Set runtime path of "/home/martijn/teachbot/install/teachbot_interfaces/lib/libteachbot_interfaces__rosidl_typesupport_c.so" to ""
[3.121s] -- Installing: /home/martijn/teachbot/install/teachbot_interfaces/lib/libteachbot_interfaces__rosidl_typesupport_introspection_cpp.so
[3.121s] -- Set runtime path of "/home/martijn/teachbot/install/teachbot_interfaces/lib/libteachbot_interfaces__rosidl_typesupport_introspection_cpp.so" to ""
[3.121s] -- Installing: /home/martijn/teachbot/install/teachbot_interfaces/lib/libteachbot_interfaces__rosidl_typesupport_cpp.so
[3.122s] -- Set runtime path of "/home/martijn/teachbot/install/teachbot_interfaces/lib/libteachbot_interfaces__rosidl_typesupport_cpp.so" to ""
[3.145s] Listing '/home/martijn/teachbot/install/teachbot_interfaces/local/lib/python3.10/dist-packages/teachbot_interfaces'...
[3.145s] Compiling '/home/martijn/teachbot/install/teachbot_interfaces/local/lib/python3.10/dist-packages/teachbot_interfaces/__init__.py'...
[3.146s] Listing '/home/martijn/teachbot/install/teachbot_interfaces/local/lib/python3.10/dist-packages/teachbot_interfaces/msg'...
[3.146s] Compiling '/home/martijn/teachbot/install/teachbot_interfaces/local/lib/python3.10/dist-packages/teachbot_interfaces/msg/__init__.py'...
[3.146s] Compiling '/home/martijn/teachbot/install/teachbot_interfaces/local/lib/python3.10/dist-packages/teachbot_interfaces/msg/_teachbot_pistol_state.py'...
[3.146s] Compiling '/home/martijn/teachbot/install/teachbot_interfaces/local/lib/python3.10/dist-packages/teachbot_interfaces/msg/_teachbot_state.py'...
[3.148s] -- Installing: /home/martijn/teachbot/install/teachbot_interfaces/lib/libteachbot_interfaces__rosidl_generator_py.so
[3.148s] -- Set runtime path of "/home/martijn/teachbot/install/teachbot_interfaces/lib/libteachbot_interfaces__rosidl_generator_py.so" to ""
[3.148s] -- Installing: /home/martijn/teachbot/install/teachbot_interfaces/share/teachbot_interfaces/cmake/export_teachbot_interfaces__rosidl_generator_cExport.cmake
[3.148s] -- Installing: /home/martijn/teachbot/install/teachbot_interfaces/share/teachbot_interfaces/cmake/export_teachbot_interfaces__rosidl_generator_cExport-noconfig.cmake
[3.148s] -- Installing: /home/martijn/teachbot/install/teachbot_interfaces/share/teachbot_interfaces/cmake/export_teachbot_interfaces__rosidl_typesupport_fastrtps_cExport.cmake
[3.148s] -- Installing: /home/martijn/teachbot/install/teachbot_interfaces/share/teachbot_interfaces/cmake/export_teachbot_interfaces__rosidl_typesupport_fastrtps_cExport-noconfig.cmake
[3.148s] -- Installing: /home/martijn/teachbot/install/teachbot_interfaces/share/teachbot_interfaces/cmake/export_teachbot_interfaces__rosidl_generator_cppExport.cmake
[3.148s] -- Installing: /home/martijn/teachbot/install/teachbot_interfaces/share/teachbot_interfaces/cmake/export_teachbot_interfaces__rosidl_typesupport_fastrtps_cppExport.cmake
[3.149s] -- Installing: /home/martijn/teachbot/install/teachbot_interfaces/share/teachbot_interfaces/cmake/export_teachbot_interfaces__rosidl_typesupport_fastrtps_cppExport-noconfig.cmake
[3.149s] -- Installing: /home/martijn/teachbot/install/teachbot_interfaces/share/teachbot_interfaces/cmake/teachbot_interfaces__rosidl_typesupport_introspection_cExport.cmake
[3.149s] -- Installing: /home/martijn/teachbot/install/teachbot_interfaces/share/teachbot_interfaces/cmake/teachbot_interfaces__rosidl_typesupport_introspection_cExport-noconfig.cmake
[3.149s] -- Installing: /home/martijn/teachbot/install/teachbot_interfaces/share/teachbot_interfaces/cmake/teachbot_interfaces__rosidl_typesupport_cExport.cmake
[3.149s] -- Installing: /home/martijn/teachbot/install/teachbot_interfaces/share/teachbot_interfaces/cmake/teachbot_interfaces__rosidl_typesupport_cExport-noconfig.cmake
[3.149s] -- Installing: /home/martijn/teachbot/install/teachbot_interfaces/share/teachbot_interfaces/cmake/teachbot_interfaces__rosidl_typesupport_introspection_cppExport.cmake
[3.149s] -- Installing: /home/martijn/teachbot/install/teachbot_interfaces/share/teachbot_interfaces/cmake/teachbot_interfaces__rosidl_typesupport_introspection_cppExport-noconfig.cmake
[3.149s] -- Installing: /home/martijn/teachbot/install/teachbot_interfaces/share/teachbot_interfaces/cmake/teachbot_interfaces__rosidl_typesupport_cppExport.cmake
[3.149s] -- Installing: /home/martijn/teachbot/install/teachbot_interfaces/share/teachbot_interfaces/cmake/teachbot_interfaces__rosidl_typesupport_cppExport-noconfig.cmake
[3.149s] -- Installing: /home/martijn/teachbot/install/teachbot_interfaces/share/teachbot_interfaces/cmake/export_teachbot_interfaces__rosidl_generator_pyExport.cmake
[3.150s] -- Installing: /home/martijn/teachbot/install/teachbot_interfaces/share/teachbot_interfaces/cmake/export_teachbot_interfaces__rosidl_generator_pyExport-noconfig.cmake
[3.151s] Invoked command in '/home/martijn/teachbot/build/teachbot_interfaces' returned '0': CMAKE_PREFIX_PATH=${CMAKE_PREFIX_PATH}:/home/martijn/interbotix_ws/install/interbotix_xs_modules:/home/martijn/interbotix_ws/install/interbotix_common_modules:/opt/ros/humble /usr/bin/cmake --install /home/martijn/teachbot/build/teachbot_interfaces
