[0.053s] DEBUG:colcon:Command line arguments: ['/usr/bin/colcon', 'build', '--symlink-install']
[0.053s] DEBUG:colcon:Parsed command line arguments: Namespace(log_base=None, log_level=None, verb_name='build', build_base='build', install_base='install', merge_install=False, symlink_install=True, test_result_base=None, continue_on_error=False, executor='parallel', parallel_workers=16, event_handlers=None, ignore_user_meta=False, metas=['./colcon.meta'], base_paths=['.'], packages_ignore=None, packages_ignore_regex=None, paths=None, packages_up_to=None, packages_up_to_regex=None, packages_above=None, packages_above_and_dependencies=None, packages_above_depth=None, packages_select_by_dep=None, packages_skip_by_dep=None, packages_skip_up_to=None, packages_select_build_failed=False, packages_skip_build_finished=False, packages_select_test_failures=False, packages_skip_test_passed=False, packages_select=None, packages_skip=None, packages_select_regex=None, packages_skip_regex=None, packages_start=None, packages_end=None, allow_overriding=[], cmake_args=None, cmake_target=None, cmake_target_skip_unavailable=False, cmake_clean_cache=False, cmake_clean_first=False, cmake_force_configure=False, ament_cmake_args=None, catkin_cmake_args=None, catkin_skip_building_tests=False, verb_parser=<colcon_defaults.argument_parser.defaults.DefaultArgumentsDecorator object at 0x7f5d2ee55870>, verb_extension=<colcon_core.verb.build.BuildVerb object at 0x7f5d2efc5f00>, main=<bound method BuildVerb.main of <colcon_core.verb.build.BuildVerb object at 0x7f5d2efc5f00>>)
[0.136s] Level 1:colcon.colcon_core.package_discovery:discover_packages(colcon_meta) check parameters
[0.136s] Level 1:colcon.colcon_core.package_discovery:discover_packages(recursive) check parameters
[0.136s] Level 1:colcon.colcon_core.package_discovery:discover_packages(ignore) check parameters
[0.136s] Level 1:colcon.colcon_core.package_discovery:discover_packages(path) check parameters
[0.136s] Level 1:colcon.colcon_core.package_discovery:discover_packages(colcon_meta) discover
[0.136s] Level 1:colcon.colcon_core.package_discovery:discover_packages(recursive) discover
[0.136s] INFO:colcon.colcon_core.package_discovery:Crawling recursively for packages in '/home/martijn/teachbot'
[0.136s] Level 1:colcon.colcon_core.package_identification:_identify(.) by extensions ['ignore', 'ignore_ament_install']
[0.136s] Level 1:colcon.colcon_core.package_identification:_identify(.) by extension 'ignore'
[0.136s] Level 1:colcon.colcon_core.package_identification:_identify(.) by extension 'ignore_ament_install'
[0.136s] Level 1:colcon.colcon_core.package_identification:_identify(.) by extensions ['colcon_pkg']
[0.136s] Level 1:colcon.colcon_core.package_identification:_identify(.) by extension 'colcon_pkg'
[0.136s] Level 1:colcon.colcon_core.package_identification:_identify(.) by extensions ['colcon_meta']
[0.136s] Level 1:colcon.colcon_core.package_identification:_identify(.) by extension 'colcon_meta'
[0.136s] Level 1:colcon.colcon_core.package_identification:_identify(.) by extensions ['ros']
[0.136s] Level 1:colcon.colcon_core.package_identification:_identify(.) by extension 'ros'
[0.142s] Level 1:colcon.colcon_core.package_identification:_identify(.) by extensions ['cmake', 'python']
[0.142s] Level 1:colcon.colcon_core.package_identification:_identify(.) by extension 'cmake'
[0.142s] Level 1:colcon.colcon_core.package_identification:_identify(.) by extension 'python'
[0.142s] Level 1:colcon.colcon_core.package_identification:_identify(.) by extensions ['python_setup_py']
[0.142s] Level 1:colcon.colcon_core.package_identification:_identify(.) by extension 'python_setup_py'
[0.142s] Level 1:colcon.colcon_core.package_identification:_identify(build) by extensions ['ignore', 'ignore_ament_install']
[0.142s] Level 1:colcon.colcon_core.package_identification:_identify(build) by extension 'ignore'
[0.142s] Level 1:colcon.colcon_core.package_identification:_identify(build) ignored
[0.142s] Level 1:colcon.colcon_core.package_identification:_identify(documentation) by extensions ['ignore', 'ignore_ament_install']
[0.142s] Level 1:colcon.colcon_core.package_identification:_identify(documentation) by extension 'ignore'
[0.142s] Level 1:colcon.colcon_core.package_identification:_identify(documentation) by extension 'ignore_ament_install'
[0.142s] Level 1:colcon.colcon_core.package_identification:_identify(documentation) by extensions ['colcon_pkg']
[0.142s] Level 1:colcon.colcon_core.package_identification:_identify(documentation) by extension 'colcon_pkg'
[0.142s] Level 1:colcon.colcon_core.package_identification:_identify(documentation) by extensions ['colcon_meta']
[0.142s] Level 1:colcon.colcon_core.package_identification:_identify(documentation) by extension 'colcon_meta'
[0.142s] Level 1:colcon.colcon_core.package_identification:_identify(documentation) by extensions ['ros']
[0.142s] Level 1:colcon.colcon_core.package_identification:_identify(documentation) by extension 'ros'
[0.142s] Level 1:colcon.colcon_core.package_identification:_identify(documentation) by extensions ['cmake', 'python']
[0.142s] Level 1:colcon.colcon_core.package_identification:_identify(documentation) by extension 'cmake'
[0.142s] Level 1:colcon.colcon_core.package_identification:_identify(documentation) by extension 'python'
[0.142s] Level 1:colcon.colcon_core.package_identification:_identify(documentation) by extensions ['python_setup_py']
[0.143s] Level 1:colcon.colcon_core.package_identification:_identify(documentation) by extension 'python_setup_py'
[0.143s] Level 1:colcon.colcon_core.package_identification:_identify(documentation/_static) by extensions ['ignore', 'ignore_ament_install']
[0.143s] Level 1:colcon.colcon_core.package_identification:_identify(documentation/_static) by extension 'ignore'
[0.143s] Level 1:colcon.colcon_core.package_identification:_identify(documentation/_static) by extension 'ignore_ament_install'
[0.143s] Level 1:colcon.colcon_core.package_identification:_identify(documentation/_static) by extensions ['colcon_pkg']
[0.143s] Level 1:colcon.colcon_core.package_identification:_identify(documentation/_static) by extension 'colcon_pkg'
[0.143s] Level 1:colcon.colcon_core.package_identification:_identify(documentation/_static) by extensions ['colcon_meta']
[0.143s] Level 1:colcon.colcon_core.package_identification:_identify(documentation/_static) by extension 'colcon_meta'
[0.143s] Level 1:colcon.colcon_core.package_identification:_identify(documentation/_static) by extensions ['ros']
[0.143s] Level 1:colcon.colcon_core.package_identification:_identify(documentation/_static) by extension 'ros'
[0.143s] Level 1:colcon.colcon_core.package_identification:_identify(documentation/_static) by extensions ['cmake', 'python']
[0.143s] Level 1:colcon.colcon_core.package_identification:_identify(documentation/_static) by extension 'cmake'
[0.143s] Level 1:colcon.colcon_core.package_identification:_identify(documentation/_static) by extension 'python'
[0.143s] Level 1:colcon.colcon_core.package_identification:_identify(documentation/_static) by extensions ['python_setup_py']
[0.143s] Level 1:colcon.colcon_core.package_identification:_identify(documentation/_static) by extension 'python_setup_py'
[0.143s] Level 1:colcon.colcon_core.package_identification:_identify(documentation/documentation) by extensions ['ignore', 'ignore_ament_install']
[0.143s] Level 1:colcon.colcon_core.package_identification:_identify(documentation/documentation) by extension 'ignore'
[0.143s] Level 1:colcon.colcon_core.package_identification:_identify(documentation/documentation) by extension 'ignore_ament_install'
[0.143s] Level 1:colcon.colcon_core.package_identification:_identify(documentation/documentation) by extensions ['colcon_pkg']
[0.143s] Level 1:colcon.colcon_core.package_identification:_identify(documentation/documentation) by extension 'colcon_pkg'
[0.143s] Level 1:colcon.colcon_core.package_identification:_identify(documentation/documentation) by extensions ['colcon_meta']
[0.143s] Level 1:colcon.colcon_core.package_identification:_identify(documentation/documentation) by extension 'colcon_meta'
[0.143s] Level 1:colcon.colcon_core.package_identification:_identify(documentation/documentation) by extensions ['ros']
[0.143s] Level 1:colcon.colcon_core.package_identification:_identify(documentation/documentation) by extension 'ros'
[0.143s] Level 1:colcon.colcon_core.package_identification:_identify(documentation/documentation) by extensions ['cmake', 'python']
[0.143s] Level 1:colcon.colcon_core.package_identification:_identify(documentation/documentation) by extension 'cmake'
[0.143s] Level 1:colcon.colcon_core.package_identification:_identify(documentation/documentation) by extension 'python'
[0.143s] Level 1:colcon.colcon_core.package_identification:_identify(documentation/documentation) by extensions ['python_setup_py']
[0.143s] Level 1:colcon.colcon_core.package_identification:_identify(documentation/documentation) by extension 'python_setup_py'
[0.143s] Level 1:colcon.colcon_core.package_identification:_identify(documentation/images) by extensions ['ignore', 'ignore_ament_install']
[0.143s] Level 1:colcon.colcon_core.package_identification:_identify(documentation/images) by extension 'ignore'
[0.143s] Level 1:colcon.colcon_core.package_identification:_identify(documentation/images) by extension 'ignore_ament_install'
[0.143s] Level 1:colcon.colcon_core.package_identification:_identify(documentation/images) by extensions ['colcon_pkg']
[0.143s] Level 1:colcon.colcon_core.package_identification:_identify(documentation/images) by extension 'colcon_pkg'
[0.143s] Level 1:colcon.colcon_core.package_identification:_identify(documentation/images) by extensions ['colcon_meta']
[0.143s] Level 1:colcon.colcon_core.package_identification:_identify(documentation/images) by extension 'colcon_meta'
[0.143s] Level 1:colcon.colcon_core.package_identification:_identify(documentation/images) by extensions ['ros']
[0.143s] Level 1:colcon.colcon_core.package_identification:_identify(documentation/images) by extension 'ros'
[0.143s] Level 1:colcon.colcon_core.package_identification:_identify(documentation/images) by extensions ['cmake', 'python']
[0.143s] Level 1:colcon.colcon_core.package_identification:_identify(documentation/images) by extension 'cmake'
[0.143s] Level 1:colcon.colcon_core.package_identification:_identify(documentation/images) by extension 'python'
[0.143s] Level 1:colcon.colcon_core.package_identification:_identify(documentation/images) by extensions ['python_setup_py']
[0.143s] Level 1:colcon.colcon_core.package_identification:_identify(documentation/images) by extension 'python_setup_py'
[0.143s] Level 1:colcon.colcon_core.package_identification:_identify(install) by extensions ['ignore', 'ignore_ament_install']
[0.143s] Level 1:colcon.colcon_core.package_identification:_identify(install) by extension 'ignore'
[0.143s] Level 1:colcon.colcon_core.package_identification:_identify(install) ignored
[0.143s] Level 1:colcon.colcon_core.package_identification:_identify(log) by extensions ['ignore', 'ignore_ament_install']
[0.143s] Level 1:colcon.colcon_core.package_identification:_identify(log) by extension 'ignore'
[0.144s] Level 1:colcon.colcon_core.package_identification:_identify(log) ignored
[0.144s] Level 1:colcon.colcon_core.package_identification:_identify(recordings) by extensions ['ignore', 'ignore_ament_install']
[0.144s] Level 1:colcon.colcon_core.package_identification:_identify(recordings) by extension 'ignore'
[0.144s] Level 1:colcon.colcon_core.package_identification:_identify(recordings) by extension 'ignore_ament_install'
[0.144s] Level 1:colcon.colcon_core.package_identification:_identify(recordings) by extensions ['colcon_pkg']
[0.144s] Level 1:colcon.colcon_core.package_identification:_identify(recordings) by extension 'colcon_pkg'
[0.144s] Level 1:colcon.colcon_core.package_identification:_identify(recordings) by extensions ['colcon_meta']
[0.144s] Level 1:colcon.colcon_core.package_identification:_identify(recordings) by extension 'colcon_meta'
[0.144s] Level 1:colcon.colcon_core.package_identification:_identify(recordings) by extensions ['ros']
[0.144s] Level 1:colcon.colcon_core.package_identification:_identify(recordings) by extension 'ros'
[0.144s] Level 1:colcon.colcon_core.package_identification:_identify(recordings) by extensions ['cmake', 'python']
[0.144s] Level 1:colcon.colcon_core.package_identification:_identify(recordings) by extension 'cmake'
[0.144s] Level 1:colcon.colcon_core.package_identification:_identify(recordings) by extension 'python'
[0.144s] Level 1:colcon.colcon_core.package_identification:_identify(recordings) by extensions ['python_setup_py']
[0.144s] Level 1:colcon.colcon_core.package_identification:_identify(recordings) by extension 'python_setup_py'
[0.144s] Level 1:colcon.colcon_core.package_identification:_identify(teachbot_description) by extensions ['ignore', 'ignore_ament_install']
[0.144s] Level 1:colcon.colcon_core.package_identification:_identify(teachbot_description) by extension 'ignore'
[0.144s] Level 1:colcon.colcon_core.package_identification:_identify(teachbot_description) by extension 'ignore_ament_install'
[0.144s] Level 1:colcon.colcon_core.package_identification:_identify(teachbot_description) by extensions ['colcon_pkg']
[0.144s] Level 1:colcon.colcon_core.package_identification:_identify(teachbot_description) by extension 'colcon_pkg'
[0.144s] Level 1:colcon.colcon_core.package_identification:_identify(teachbot_description) by extensions ['colcon_meta']
[0.144s] Level 1:colcon.colcon_core.package_identification:_identify(teachbot_description) by extension 'colcon_meta'
[0.144s] Level 1:colcon.colcon_core.package_identification:_identify(teachbot_description) by extensions ['ros']
[0.144s] Level 1:colcon.colcon_core.package_identification:_identify(teachbot_description) by extension 'ros'
[0.145s] DEBUG:colcon.colcon_core.package_identification:Package 'teachbot_description' with type 'ros.ament_cmake' and name 'teachbot_description'
[0.145s] Level 1:colcon.colcon_core.package_identification:_identify(teachbot_follower) by extensions ['ignore', 'ignore_ament_install']
[0.145s] Level 1:colcon.colcon_core.package_identification:_identify(teachbot_follower) by extension 'ignore'
[0.145s] Level 1:colcon.colcon_core.package_identification:_identify(teachbot_follower) by extension 'ignore_ament_install'
[0.145s] Level 1:colcon.colcon_core.package_identification:_identify(teachbot_follower) by extensions ['colcon_pkg']
[0.145s] Level 1:colcon.colcon_core.package_identification:_identify(teachbot_follower) by extension 'colcon_pkg'
[0.145s] Level 1:colcon.colcon_core.package_identification:_identify(teachbot_follower) by extensions ['colcon_meta']
[0.145s] Level 1:colcon.colcon_core.package_identification:_identify(teachbot_follower) by extension 'colcon_meta'
[0.145s] Level 1:colcon.colcon_core.package_identification:_identify(teachbot_follower) by extensions ['ros']
[0.145s] Level 1:colcon.colcon_core.package_identification:_identify(teachbot_follower) by extension 'ros'
[0.146s] DEBUG:colcon.colcon_core.package_identification:Package 'teachbot_follower' with type 'ros.ament_python' and name 'teachbot_follower'
[0.146s] Level 1:colcon.colcon_core.package_identification:_identify(teachbot_interfaces) by extensions ['ignore', 'ignore_ament_install']
[0.146s] Level 1:colcon.colcon_core.package_identification:_identify(teachbot_interfaces) by extension 'ignore'
[0.146s] Level 1:colcon.colcon_core.package_identification:_identify(teachbot_interfaces) by extension 'ignore_ament_install'
[0.146s] Level 1:colcon.colcon_core.package_identification:_identify(teachbot_interfaces) by extensions ['colcon_pkg']
[0.146s] Level 1:colcon.colcon_core.package_identification:_identify(teachbot_interfaces) by extension 'colcon_pkg'
[0.146s] Level 1:colcon.colcon_core.package_identification:_identify(teachbot_interfaces) by extensions ['colcon_meta']
[0.146s] Level 1:colcon.colcon_core.package_identification:_identify(teachbot_interfaces) by extension 'colcon_meta'
[0.146s] Level 1:colcon.colcon_core.package_identification:_identify(teachbot_interfaces) by extensions ['ros']
[0.146s] Level 1:colcon.colcon_core.package_identification:_identify(teachbot_interfaces) by extension 'ros'
[0.146s] DEBUG:colcon.colcon_core.package_identification:Package 'teachbot_interfaces' with type 'ros.ament_cmake' and name 'teachbot_interfaces'
[0.147s] Level 1:colcon.colcon_core.package_identification:_identify(teachbot_recorder) by extensions ['ignore', 'ignore_ament_install']
[0.147s] Level 1:colcon.colcon_core.package_identification:_identify(teachbot_recorder) by extension 'ignore'
[0.147s] Level 1:colcon.colcon_core.package_identification:_identify(teachbot_recorder) by extension 'ignore_ament_install'
[0.147s] Level 1:colcon.colcon_core.package_identification:_identify(teachbot_recorder) by extensions ['colcon_pkg']
[0.147s] Level 1:colcon.colcon_core.package_identification:_identify(teachbot_recorder) by extension 'colcon_pkg'
[0.147s] Level 1:colcon.colcon_core.package_identification:_identify(teachbot_recorder) by extensions ['colcon_meta']
[0.147s] Level 1:colcon.colcon_core.package_identification:_identify(teachbot_recorder) by extension 'colcon_meta'
[0.147s] Level 1:colcon.colcon_core.package_identification:_identify(teachbot_recorder) by extensions ['ros']
[0.147s] Level 1:colcon.colcon_core.package_identification:_identify(teachbot_recorder) by extension 'ros'
[0.147s] DEBUG:colcon.colcon_core.package_identification:Package 'teachbot_recorder' with type 'ros.ament_python' and name 'teachbot_recorder'
[0.147s] Level 1:colcon.colcon_core.package_identification:_identify(teachbot_ros) by extensions ['ignore', 'ignore_ament_install']
[0.147s] Level 1:colcon.colcon_core.package_identification:_identify(teachbot_ros) by extension 'ignore'
[0.147s] Level 1:colcon.colcon_core.package_identification:_identify(teachbot_ros) by extension 'ignore_ament_install'
[0.147s] Level 1:colcon.colcon_core.package_identification:_identify(teachbot_ros) by extensions ['colcon_pkg']
[0.147s] Level 1:colcon.colcon_core.package_identification:_identify(teachbot_ros) by extension 'colcon_pkg'
[0.147s] Level 1:colcon.colcon_core.package_identification:_identify(teachbot_ros) by extensions ['colcon_meta']
[0.147s] Level 1:colcon.colcon_core.package_identification:_identify(teachbot_ros) by extension 'colcon_meta'
[0.147s] Level 1:colcon.colcon_core.package_identification:_identify(teachbot_ros) by extensions ['ros']
[0.147s] Level 1:colcon.colcon_core.package_identification:_identify(teachbot_ros) by extension 'ros'
[0.148s] DEBUG:colcon.colcon_core.package_identification:Package 'teachbot_ros' with type 'ros.ament_python' and name 'teachbot_ros'
[0.148s] Level 1:colcon.colcon_core.package_discovery:discover_packages(recursive) using defaults
[0.148s] Level 1:colcon.colcon_core.package_discovery:discover_packages(ignore) discover
[0.148s] Level 1:colcon.colcon_core.package_discovery:discover_packages(ignore) using defaults
[0.148s] Level 1:colcon.colcon_core.package_discovery:discover_packages(path) discover
[0.148s] Level 1:colcon.colcon_core.package_discovery:discover_packages(path) using defaults
[0.164s] Level 1:colcon.colcon_core.package_discovery:discover_packages(prefix_path) check parameters
[0.164s] Level 1:colcon.colcon_core.package_discovery:discover_packages(prefix_path) discover
[0.165s] DEBUG:colcon.colcon_installed_package_information.package_discovery:Found 29 installed packages in /home/martijn/interbotix_ws/install
[0.167s] DEBUG:colcon.colcon_installed_package_information.package_discovery:Found 353 installed packages in /opt/ros/humble
[0.168s] Level 1:colcon.colcon_core.package_discovery:discover_packages(prefix_path) using defaults
[0.191s] Level 5:colcon.colcon_core.verb:set package 'teachbot_description' build argument 'cmake_args' from command line to 'None'
[0.191s] Level 5:colcon.colcon_core.verb:set package 'teachbot_description' build argument 'cmake_target' from command line to 'None'
[0.191s] Level 5:colcon.colcon_core.verb:set package 'teachbot_description' build argument 'cmake_target_skip_unavailable' from command line to 'False'
[0.191s] Level 5:colcon.colcon_core.verb:set package 'teachbot_description' build argument 'cmake_clean_cache' from command line to 'False'
[0.191s] Level 5:colcon.colcon_core.verb:set package 'teachbot_description' build argument 'cmake_clean_first' from command line to 'False'
[0.191s] Level 5:colcon.colcon_core.verb:set package 'teachbot_description' build argument 'cmake_force_configure' from command line to 'False'
[0.191s] Level 5:colcon.colcon_core.verb:set package 'teachbot_description' build argument 'ament_cmake_args' from command line to 'None'
[0.191s] Level 5:colcon.colcon_core.verb:set package 'teachbot_description' build argument 'catkin_cmake_args' from command line to 'None'
[0.191s] Level 5:colcon.colcon_core.verb:set package 'teachbot_description' build argument 'catkin_skip_building_tests' from command line to 'False'
[0.191s] DEBUG:colcon.colcon_core.verb:Building package 'teachbot_description' with the following arguments: {'ament_cmake_args': None, 'build_base': '/home/martijn/teachbot/build/teachbot_description', 'catkin_cmake_args': None, 'catkin_skip_building_tests': False, 'cmake_args': None, 'cmake_clean_cache': False, 'cmake_clean_first': False, 'cmake_force_configure': False, 'cmake_target': None, 'cmake_target_skip_unavailable': False, 'install_base': '/home/martijn/teachbot/install/teachbot_description', 'merge_install': False, 'path': '/home/martijn/teachbot/teachbot_description', 'symlink_install': True, 'test_result_base': None}
[0.191s] Level 5:colcon.colcon_core.verb:set package 'teachbot_follower' build argument 'cmake_args' from command line to 'None'
[0.191s] Level 5:colcon.colcon_core.verb:set package 'teachbot_follower' build argument 'cmake_target' from command line to 'None'
[0.191s] Level 5:colcon.colcon_core.verb:set package 'teachbot_follower' build argument 'cmake_target_skip_unavailable' from command line to 'False'
[0.191s] Level 5:colcon.colcon_core.verb:set package 'teachbot_follower' build argument 'cmake_clean_cache' from command line to 'False'
[0.191s] Level 5:colcon.colcon_core.verb:set package 'teachbot_follower' build argument 'cmake_clean_first' from command line to 'False'
[0.191s] Level 5:colcon.colcon_core.verb:set package 'teachbot_follower' build argument 'cmake_force_configure' from command line to 'False'
[0.191s] Level 5:colcon.colcon_core.verb:set package 'teachbot_follower' build argument 'ament_cmake_args' from command line to 'None'
[0.191s] Level 5:colcon.colcon_core.verb:set package 'teachbot_follower' build argument 'catkin_cmake_args' from command line to 'None'
[0.191s] Level 5:colcon.colcon_core.verb:set package 'teachbot_follower' build argument 'catkin_skip_building_tests' from command line to 'False'
[0.191s] DEBUG:colcon.colcon_core.verb:Building package 'teachbot_follower' with the following arguments: {'ament_cmake_args': None, 'build_base': '/home/martijn/teachbot/build/teachbot_follower', 'catkin_cmake_args': None, 'catkin_skip_building_tests': False, 'cmake_args': None, 'cmake_clean_cache': False, 'cmake_clean_first': False, 'cmake_force_configure': False, 'cmake_target': None, 'cmake_target_skip_unavailable': False, 'install_base': '/home/martijn/teachbot/install/teachbot_follower', 'merge_install': False, 'path': '/home/martijn/teachbot/teachbot_follower', 'symlink_install': True, 'test_result_base': None}
[0.192s] Level 5:colcon.colcon_core.verb:set package 'teachbot_interfaces' build argument 'cmake_args' from command line to 'None'
[0.192s] Level 5:colcon.colcon_core.verb:set package 'teachbot_interfaces' build argument 'cmake_target' from command line to 'None'
[0.192s] Level 5:colcon.colcon_core.verb:set package 'teachbot_interfaces' build argument 'cmake_target_skip_unavailable' from command line to 'False'
[0.192s] Level 5:colcon.colcon_core.verb:set package 'teachbot_interfaces' build argument 'cmake_clean_cache' from command line to 'False'
[0.192s] Level 5:colcon.colcon_core.verb:set package 'teachbot_interfaces' build argument 'cmake_clean_first' from command line to 'False'
[0.192s] Level 5:colcon.colcon_core.verb:set package 'teachbot_interfaces' build argument 'cmake_force_configure' from command line to 'False'
[0.192s] Level 5:colcon.colcon_core.verb:set package 'teachbot_interfaces' build argument 'ament_cmake_args' from command line to 'None'
[0.192s] Level 5:colcon.colcon_core.verb:set package 'teachbot_interfaces' build argument 'catkin_cmake_args' from command line to 'None'
[0.192s] Level 5:colcon.colcon_core.verb:set package 'teachbot_interfaces' build argument 'catkin_skip_building_tests' from command line to 'False'
[0.192s] DEBUG:colcon.colcon_core.verb:Building package 'teachbot_interfaces' with the following arguments: {'ament_cmake_args': None, 'build_base': '/home/martijn/teachbot/build/teachbot_interfaces', 'catkin_cmake_args': None, 'catkin_skip_building_tests': False, 'cmake_args': None, 'cmake_clean_cache': False, 'cmake_clean_first': False, 'cmake_force_configure': False, 'cmake_target': None, 'cmake_target_skip_unavailable': False, 'install_base': '/home/martijn/teachbot/install/teachbot_interfaces', 'merge_install': False, 'path': '/home/martijn/teachbot/teachbot_interfaces', 'symlink_install': True, 'test_result_base': None}
[0.192s] Level 5:colcon.colcon_core.verb:set package 'teachbot_recorder' build argument 'cmake_args' from command line to 'None'
[0.192s] Level 5:colcon.colcon_core.verb:set package 'teachbot_recorder' build argument 'cmake_target' from command line to 'None'
[0.192s] Level 5:colcon.colcon_core.verb:set package 'teachbot_recorder' build argument 'cmake_target_skip_unavailable' from command line to 'False'
[0.192s] Level 5:colcon.colcon_core.verb:set package 'teachbot_recorder' build argument 'cmake_clean_cache' from command line to 'False'
[0.192s] Level 5:colcon.colcon_core.verb:set package 'teachbot_recorder' build argument 'cmake_clean_first' from command line to 'False'
[0.192s] Level 5:colcon.colcon_core.verb:set package 'teachbot_recorder' build argument 'cmake_force_configure' from command line to 'False'
[0.192s] Level 5:colcon.colcon_core.verb:set package 'teachbot_recorder' build argument 'ament_cmake_args' from command line to 'None'
[0.192s] Level 5:colcon.colcon_core.verb:set package 'teachbot_recorder' build argument 'catkin_cmake_args' from command line to 'None'
[0.192s] Level 5:colcon.colcon_core.verb:set package 'teachbot_recorder' build argument 'catkin_skip_building_tests' from command line to 'False'
[0.192s] DEBUG:colcon.colcon_core.verb:Building package 'teachbot_recorder' with the following arguments: {'ament_cmake_args': None, 'build_base': '/home/martijn/teachbot/build/teachbot_recorder', 'catkin_cmake_args': None, 'catkin_skip_building_tests': False, 'cmake_args': None, 'cmake_clean_cache': False, 'cmake_clean_first': False, 'cmake_force_configure': False, 'cmake_target': None, 'cmake_target_skip_unavailable': False, 'install_base': '/home/martijn/teachbot/install/teachbot_recorder', 'merge_install': False, 'path': '/home/martijn/teachbot/teachbot_recorder', 'symlink_install': True, 'test_result_base': None}
[0.192s] Level 5:colcon.colcon_core.verb:set package 'teachbot_ros' build argument 'cmake_args' from command line to 'None'
[0.192s] Level 5:colcon.colcon_core.verb:set package 'teachbot_ros' build argument 'cmake_target' from command line to 'None'
[0.192s] Level 5:colcon.colcon_core.verb:set package 'teachbot_ros' build argument 'cmake_target_skip_unavailable' from command line to 'False'
[0.192s] Level 5:colcon.colcon_core.verb:set package 'teachbot_ros' build argument 'cmake_clean_cache' from command line to 'False'
[0.192s] Level 5:colcon.colcon_core.verb:set package 'teachbot_ros' build argument 'cmake_clean_first' from command line to 'False'
[0.192s] Level 5:colcon.colcon_core.verb:set package 'teachbot_ros' build argument 'cmake_force_configure' from command line to 'False'
[0.192s] Level 5:colcon.colcon_core.verb:set package 'teachbot_ros' build argument 'ament_cmake_args' from command line to 'None'
[0.192s] Level 5:colcon.colcon_core.verb:set package 'teachbot_ros' build argument 'catkin_cmake_args' from command line to 'None'
[0.192s] Level 5:colcon.colcon_core.verb:set package 'teachbot_ros' build argument 'catkin_skip_building_tests' from command line to 'False'
[0.192s] DEBUG:colcon.colcon_core.verb:Building package 'teachbot_ros' with the following arguments: {'ament_cmake_args': None, 'build_base': '/home/martijn/teachbot/build/teachbot_ros', 'catkin_cmake_args': None, 'catkin_skip_building_tests': False, 'cmake_args': None, 'cmake_clean_cache': False, 'cmake_clean_first': False, 'cmake_force_configure': False, 'cmake_target': None, 'cmake_target_skip_unavailable': False, 'install_base': '/home/martijn/teachbot/install/teachbot_ros', 'merge_install': False, 'path': '/home/martijn/teachbot/teachbot_ros', 'symlink_install': True, 'test_result_base': None}
[0.192s] INFO:colcon.colcon_core.executor:Executing jobs using 'parallel' executor
[0.193s] DEBUG:colcon.colcon_parallel_executor.executor.parallel:run_until_complete
[0.193s] INFO:colcon.colcon_ros.task.ament_cmake.build:Building ROS package in '/home/martijn/teachbot/teachbot_description' with build type 'ament_cmake'
[0.193s] INFO:colcon.colcon_cmake.task.cmake.build:Building CMake package in '/home/martijn/teachbot/teachbot_description'
[0.194s] INFO:colcon.colcon_core.plugin_system:Skipping extension 'colcon_core.shell.bat': Not used on non-Windows systems
[0.194s] INFO:colcon.colcon_core.shell:Skip shell extension 'powershell' for command environment: Not usable outside of PowerShell
[0.194s] DEBUG:colcon.colcon_core.shell:Skip shell extension 'dsv' for command environment
[0.197s] INFO:colcon.colcon_ros.task.ament_cmake.build:Building ROS package in '/home/martijn/teachbot/teachbot_interfaces' with build type 'ament_cmake'
[0.197s] INFO:colcon.colcon_cmake.task.cmake.build:Building CMake package in '/home/martijn/teachbot/teachbot_interfaces'
[0.197s] INFO:colcon.colcon_core.shell:Skip shell extension 'powershell' for command environment: Not usable outside of PowerShell
[0.197s] DEBUG:colcon.colcon_core.shell:Skip shell extension 'dsv' for command environment
[0.200s] INFO:colcon.colcon_ros.task.ament_python.build:Building ROS package in '/home/martijn/teachbot/teachbot_follower' with build type 'ament_python'
[0.200s] Level 1:colcon.colcon_core.shell:create_environment_hook('teachbot_follower', 'ament_prefix_path')
[0.200s] INFO:colcon.colcon_core.shell:Creating environment hook '/home/martijn/teachbot/install/teachbot_follower/share/teachbot_follower/hook/ament_prefix_path.ps1'
[0.201s] INFO:colcon.colcon_core.shell:Creating environment descriptor '/home/martijn/teachbot/install/teachbot_follower/share/teachbot_follower/hook/ament_prefix_path.dsv'
[0.201s] INFO:colcon.colcon_core.shell:Creating environment hook '/home/martijn/teachbot/install/teachbot_follower/share/teachbot_follower/hook/ament_prefix_path.sh'
[0.201s] INFO:colcon.colcon_core.shell:Skip shell extension 'powershell' for command environment: Not usable outside of PowerShell
[0.201s] DEBUG:colcon.colcon_core.shell:Skip shell extension 'dsv' for command environment
[0.204s] INFO:colcon.colcon_ros.task.ament_python.build:Building ROS package in '/home/martijn/teachbot/teachbot_recorder' with build type 'ament_python'
[0.204s] Level 1:colcon.colcon_core.shell:create_environment_hook('teachbot_recorder', 'ament_prefix_path')
[0.204s] INFO:colcon.colcon_core.shell:Creating environment hook '/home/martijn/teachbot/install/teachbot_recorder/share/teachbot_recorder/hook/ament_prefix_path.ps1'
[0.204s] INFO:colcon.colcon_core.shell:Creating environment descriptor '/home/martijn/teachbot/install/teachbot_recorder/share/teachbot_recorder/hook/ament_prefix_path.dsv'
[0.205s] INFO:colcon.colcon_core.shell:Creating environment hook '/home/martijn/teachbot/install/teachbot_recorder/share/teachbot_recorder/hook/ament_prefix_path.sh'
[0.205s] INFO:colcon.colcon_core.shell:Skip shell extension 'powershell' for command environment: Not usable outside of PowerShell
[0.205s] DEBUG:colcon.colcon_core.shell:Skip shell extension 'dsv' for command environment
[0.210s] DEBUG:colcon.colcon_core.event_handler.log_command:Invoking command in '/home/martijn/teachbot/build/teachbot_description': CMAKE_PREFIX_PATH=${CMAKE_PREFIX_PATH}:/home/martijn/interbotix_ws/install/interbotix_xs_modules:/home/martijn/interbotix_ws/install/interbotix_common_modules:/opt/ros/humble /usr/bin/cmake --build /home/martijn/teachbot/build/teachbot_description -- -j16 -l16
[0.211s] DEBUG:colcon.colcon_core.event_handler.log_command:Invoking command in '/home/martijn/teachbot/build/teachbot_interfaces': CMAKE_PREFIX_PATH=${CMAKE_PREFIX_PATH}:/home/martijn/interbotix_ws/install/interbotix_xs_modules:/home/martijn/interbotix_ws/install/interbotix_common_modules:/opt/ros/humble /usr/bin/cmake --build /home/martijn/teachbot/build/teachbot_interfaces -- -j16 -l16
[0.342s] INFO:colcon.colcon_core.task.python.build:Building Python package in '/home/martijn/teachbot/teachbot_follower'
[0.342s] INFO:colcon.colcon_core.shell:Skip shell extension 'powershell' for command environment: Not usable outside of PowerShell
[0.342s] DEBUG:colcon.colcon_core.shell:Skip shell extension 'dsv' for command environment
[0.476s] INFO:colcon.colcon_core.task.python.build:Building Python package in '/home/martijn/teachbot/teachbot_recorder'
[0.476s] INFO:colcon.colcon_core.shell:Skip shell extension 'powershell' for command environment: Not usable outside of PowerShell
[0.476s] DEBUG:colcon.colcon_core.shell:Skip shell extension 'dsv' for command environment
[0.480s] DEBUG:colcon.colcon_core.event_handler.log_command:Invoked command in '/home/martijn/teachbot/build/teachbot_description' returned '0': CMAKE_PREFIX_PATH=${CMAKE_PREFIX_PATH}:/home/martijn/interbotix_ws/install/interbotix_xs_modules:/home/martijn/interbotix_ws/install/interbotix_common_modules:/opt/ros/humble /usr/bin/cmake --build /home/martijn/teachbot/build/teachbot_description -- -j16 -l16
[0.487s] DEBUG:colcon.colcon_core.event_handler.log_command:Invoking command in '/home/martijn/teachbot/build/teachbot_description': CMAKE_PREFIX_PATH=${CMAKE_PREFIX_PATH}:/home/martijn/interbotix_ws/install/interbotix_xs_modules:/home/martijn/interbotix_ws/install/interbotix_common_modules:/opt/ros/humble /usr/bin/cmake --install /home/martijn/teachbot/build/teachbot_description
[0.489s] DEBUG:colcon.colcon_core.event_handler.log_command:Invoked command in '/home/martijn/teachbot/build/teachbot_interfaces' returned '0': CMAKE_PREFIX_PATH=${CMAKE_PREFIX_PATH}:/home/martijn/interbotix_ws/install/interbotix_xs_modules:/home/martijn/interbotix_ws/install/interbotix_common_modules:/opt/ros/humble /usr/bin/cmake --build /home/martijn/teachbot/build/teachbot_interfaces -- -j16 -l16
[0.489s] DEBUG:colcon.colcon_core.event_handler.log_command:Invoking command in '/home/martijn/teachbot/build/teachbot_interfaces': CMAKE_PREFIX_PATH=${CMAKE_PREFIX_PATH}:/home/martijn/interbotix_ws/install/interbotix_xs_modules:/home/martijn/interbotix_ws/install/interbotix_common_modules:/opt/ros/humble /usr/bin/cmake --install /home/martijn/teachbot/build/teachbot_interfaces
[0.501s] Level 1:colcon.colcon_core.environment:create_environment_scripts_only(teachbot_description)
[0.502s] DEBUG:colcon.colcon_core.event_handler.log_command:Invoked command in '/home/martijn/teachbot/build/teachbot_description' returned '0': CMAKE_PREFIX_PATH=${CMAKE_PREFIX_PATH}:/home/martijn/interbotix_ws/install/interbotix_xs_modules:/home/martijn/interbotix_ws/install/interbotix_common_modules:/opt/ros/humble /usr/bin/cmake --install /home/martijn/teachbot/build/teachbot_description
[0.503s] Level 1:colcon.colcon_core.environment:checking '/home/martijn/teachbot/install/teachbot_description' for CMake module files
[0.503s] Level 1:colcon.colcon_core.environment:checking '/home/martijn/teachbot/install/teachbot_description' for CMake config files
[0.503s] Level 1:colcon.colcon_core.shell:create_environment_hook('teachbot_description', 'cmake_prefix_path')
[0.503s] INFO:colcon.colcon_core.shell:Creating environment hook '/home/martijn/teachbot/install/teachbot_description/share/teachbot_description/hook/cmake_prefix_path.ps1'
[0.504s] INFO:colcon.colcon_core.shell:Creating environment descriptor '/home/martijn/teachbot/install/teachbot_description/share/teachbot_description/hook/cmake_prefix_path.dsv'
[0.504s] INFO:colcon.colcon_core.shell:Creating environment hook '/home/martijn/teachbot/install/teachbot_description/share/teachbot_description/hook/cmake_prefix_path.sh'
[0.504s] Level 1:colcon.colcon_core.environment:checking '/home/martijn/teachbot/install/teachbot_description/bin'
[0.504s] Level 1:colcon.colcon_core.environment:checking '/home/martijn/teachbot/install/teachbot_description/lib/pkgconfig/teachbot_description.pc'
[0.504s] Level 1:colcon.colcon_core.environment:checking '/home/martijn/teachbot/install/teachbot_description/lib/python3.10/site-packages'
[0.504s] Level 1:colcon.colcon_core.environment:checking '/home/martijn/teachbot/install/teachbot_description/bin'
[0.505s] INFO:colcon.colcon_core.shell:Creating package script '/home/martijn/teachbot/install/teachbot_description/share/teachbot_description/package.ps1'
[0.505s] INFO:colcon.colcon_core.shell:Creating package descriptor '/home/martijn/teachbot/install/teachbot_description/share/teachbot_description/package.dsv'
[0.505s] INFO:colcon.colcon_core.shell:Creating package script '/home/martijn/teachbot/install/teachbot_description/share/teachbot_description/package.sh'
[0.506s] INFO:colcon.colcon_core.shell:Creating package script '/home/martijn/teachbot/install/teachbot_description/share/teachbot_description/package.bash'
[0.506s] INFO:colcon.colcon_core.shell:Creating package script '/home/martijn/teachbot/install/teachbot_description/share/teachbot_description/package.zsh'
[0.507s] Level 1:colcon.colcon_core.environment:create_file_with_runtime_dependencies(/home/martijn/teachbot/install/teachbot_description/share/colcon-core/packages/teachbot_description)
[0.507s] Level 1:colcon.colcon_core.environment:create_environment_scripts_only(teachbot_description)
[0.507s] Level 1:colcon.colcon_core.environment:checking '/home/martijn/teachbot/install/teachbot_description' for CMake module files
[0.507s] Level 1:colcon.colcon_core.environment:checking '/home/martijn/teachbot/install/teachbot_description' for CMake config files
[0.507s] Level 1:colcon.colcon_core.shell:create_environment_hook('teachbot_description', 'cmake_prefix_path')
[0.507s] INFO:colcon.colcon_core.shell:Creating environment hook '/home/martijn/teachbot/install/teachbot_description/share/teachbot_description/hook/cmake_prefix_path.ps1'
[0.508s] INFO:colcon.colcon_core.shell:Creating environment descriptor '/home/martijn/teachbot/install/teachbot_description/share/teachbot_description/hook/cmake_prefix_path.dsv'
[0.508s] INFO:colcon.colcon_core.shell:Creating environment hook '/home/martijn/teachbot/install/teachbot_description/share/teachbot_description/hook/cmake_prefix_path.sh'
[0.508s] Level 1:colcon.colcon_core.environment:checking '/home/martijn/teachbot/install/teachbot_description/bin'
[0.508s] Level 1:colcon.colcon_core.environment:checking '/home/martijn/teachbot/install/teachbot_description/lib/pkgconfig/teachbot_description.pc'
[0.508s] Level 1:colcon.colcon_core.environment:checking '/home/martijn/teachbot/install/teachbot_description/lib/python3.10/site-packages'
[0.508s] Level 1:colcon.colcon_core.environment:checking '/home/martijn/teachbot/install/teachbot_description/bin'
[0.508s] INFO:colcon.colcon_core.shell:Creating package script '/home/martijn/teachbot/install/teachbot_description/share/teachbot_description/package.ps1'
[0.509s] INFO:colcon.colcon_core.shell:Creating package descriptor '/home/martijn/teachbot/install/teachbot_description/share/teachbot_description/package.dsv'
[0.509s] INFO:colcon.colcon_core.shell:Creating package script '/home/martijn/teachbot/install/teachbot_description/share/teachbot_description/package.sh'
[0.509s] INFO:colcon.colcon_core.shell:Creating package script '/home/martijn/teachbot/install/teachbot_description/share/teachbot_description/package.bash'
[0.509s] INFO:colcon.colcon_core.shell:Creating package script '/home/martijn/teachbot/install/teachbot_description/share/teachbot_description/package.zsh'
[0.510s] Level 1:colcon.colcon_core.environment:create_file_with_runtime_dependencies(/home/martijn/teachbot/install/teachbot_description/share/colcon-core/packages/teachbot_description)
[0.534s] Level 1:colcon.colcon_core.environment:create_environment_scripts_only(teachbot_interfaces)
[0.534s] Level 1:colcon.colcon_core.environment:checking '/home/martijn/teachbot/install/teachbot_interfaces' for CMake module files
[0.534s] DEBUG:colcon.colcon_core.event_handler.log_command:Invoked command in '/home/martijn/teachbot/build/teachbot_interfaces' returned '0': CMAKE_PREFIX_PATH=${CMAKE_PREFIX_PATH}:/home/martijn/interbotix_ws/install/interbotix_xs_modules:/home/martijn/interbotix_ws/install/interbotix_common_modules:/opt/ros/humble /usr/bin/cmake --install /home/martijn/teachbot/build/teachbot_interfaces
[0.535s] Level 1:colcon.colcon_core.environment:checking '/home/martijn/teachbot/install/teachbot_interfaces' for CMake config files
[0.535s] Level 1:colcon.colcon_core.shell:create_environment_hook('teachbot_interfaces', 'cmake_prefix_path')
[0.535s] INFO:colcon.colcon_core.shell:Creating environment hook '/home/martijn/teachbot/install/teachbot_interfaces/share/teachbot_interfaces/hook/cmake_prefix_path.ps1'
[0.535s] INFO:colcon.colcon_core.shell:Creating environment descriptor '/home/martijn/teachbot/install/teachbot_interfaces/share/teachbot_interfaces/hook/cmake_prefix_path.dsv'
[0.535s] INFO:colcon.colcon_core.shell:Creating environment hook '/home/martijn/teachbot/install/teachbot_interfaces/share/teachbot_interfaces/hook/cmake_prefix_path.sh'
[0.536s] Level 1:colcon.colcon_core.environment:checking '/home/martijn/teachbot/install/teachbot_interfaces/lib'
[0.536s] Level 1:colcon.colcon_core.shell:create_environment_hook('teachbot_interfaces', 'ld_library_path_lib')
[0.536s] INFO:colcon.colcon_core.shell:Creating environment hook '/home/martijn/teachbot/install/teachbot_interfaces/share/teachbot_interfaces/hook/ld_library_path_lib.ps1'
[0.536s] INFO:colcon.colcon_core.shell:Creating environment descriptor '/home/martijn/teachbot/install/teachbot_interfaces/share/teachbot_interfaces/hook/ld_library_path_lib.dsv'
[0.536s] INFO:colcon.colcon_core.shell:Creating environment hook '/home/martijn/teachbot/install/teachbot_interfaces/share/teachbot_interfaces/hook/ld_library_path_lib.sh'
[0.536s] Level 1:colcon.colcon_core.environment:checking '/home/martijn/teachbot/install/teachbot_interfaces/bin'
[0.537s] Level 1:colcon.colcon_core.environment:checking '/home/martijn/teachbot/install/teachbot_interfaces/lib/pkgconfig/teachbot_interfaces.pc'
[0.537s] Level 1:colcon.colcon_core.environment:checking '/home/martijn/teachbot/install/teachbot_interfaces/lib/python3.10/site-packages'
[0.537s] Level 1:colcon.colcon_core.environment:checking '/home/martijn/teachbot/install/teachbot_interfaces/bin'
[0.537s] INFO:colcon.colcon_core.shell:Creating package script '/home/martijn/teachbot/install/teachbot_interfaces/share/teachbot_interfaces/package.ps1'
[0.537s] INFO:colcon.colcon_core.shell:Creating package descriptor '/home/martijn/teachbot/install/teachbot_interfaces/share/teachbot_interfaces/package.dsv'
[0.538s] INFO:colcon.colcon_core.shell:Creating package script '/home/martijn/teachbot/install/teachbot_interfaces/share/teachbot_interfaces/package.sh'
[0.538s] INFO:colcon.colcon_core.shell:Creating package script '/home/martijn/teachbot/install/teachbot_interfaces/share/teachbot_interfaces/package.bash'
[0.538s] INFO:colcon.colcon_core.shell:Creating package script '/home/martijn/teachbot/install/teachbot_interfaces/share/teachbot_interfaces/package.zsh'
[0.538s] Level 1:colcon.colcon_core.environment:create_file_with_runtime_dependencies(/home/martijn/teachbot/install/teachbot_interfaces/share/colcon-core/packages/teachbot_interfaces)
[0.538s] Level 1:colcon.colcon_core.environment:create_environment_scripts_only(teachbot_interfaces)
[0.539s] Level 1:colcon.colcon_core.environment:checking '/home/martijn/teachbot/install/teachbot_interfaces' for CMake module files
[0.539s] Level 1:colcon.colcon_core.environment:checking '/home/martijn/teachbot/install/teachbot_interfaces' for CMake config files
[0.539s] Level 1:colcon.colcon_core.shell:create_environment_hook('teachbot_interfaces', 'cmake_prefix_path')
[0.539s] INFO:colcon.colcon_core.shell:Creating environment hook '/home/martijn/teachbot/install/teachbot_interfaces/share/teachbot_interfaces/hook/cmake_prefix_path.ps1'
[0.539s] INFO:colcon.colcon_core.shell:Creating environment descriptor '/home/martijn/teachbot/install/teachbot_interfaces/share/teachbot_interfaces/hook/cmake_prefix_path.dsv'
[0.540s] INFO:colcon.colcon_core.shell:Creating environment hook '/home/martijn/teachbot/install/teachbot_interfaces/share/teachbot_interfaces/hook/cmake_prefix_path.sh'
[0.540s] Level 1:colcon.colcon_core.environment:checking '/home/martijn/teachbot/install/teachbot_interfaces/lib'
[0.540s] Level 1:colcon.colcon_core.shell:create_environment_hook('teachbot_interfaces', 'ld_library_path_lib')
[0.540s] INFO:colcon.colcon_core.shell:Creating environment hook '/home/martijn/teachbot/install/teachbot_interfaces/share/teachbot_interfaces/hook/ld_library_path_lib.ps1'
[0.540s] INFO:colcon.colcon_core.shell:Creating environment descriptor '/home/martijn/teachbot/install/teachbot_interfaces/share/teachbot_interfaces/hook/ld_library_path_lib.dsv'
[0.540s] INFO:colcon.colcon_core.shell:Creating environment hook '/home/martijn/teachbot/install/teachbot_interfaces/share/teachbot_interfaces/hook/ld_library_path_lib.sh'
[0.541s] Level 1:colcon.colcon_core.environment:checking '/home/martijn/teachbot/install/teachbot_interfaces/bin'
[0.541s] Level 1:colcon.colcon_core.environment:checking '/home/martijn/teachbot/install/teachbot_interfaces/lib/pkgconfig/teachbot_interfaces.pc'
[0.541s] Level 1:colcon.colcon_core.environment:checking '/home/martijn/teachbot/install/teachbot_interfaces/lib/python3.10/site-packages'
[0.541s] Level 1:colcon.colcon_core.environment:checking '/home/martijn/teachbot/install/teachbot_interfaces/bin'
[0.541s] INFO:colcon.colcon_core.shell:Creating package script '/home/martijn/teachbot/install/teachbot_interfaces/share/teachbot_interfaces/package.ps1'
[0.541s] INFO:colcon.colcon_core.shell:Creating package descriptor '/home/martijn/teachbot/install/teachbot_interfaces/share/teachbot_interfaces/package.dsv'
[0.541s] INFO:colcon.colcon_core.shell:Creating package script '/home/martijn/teachbot/install/teachbot_interfaces/share/teachbot_interfaces/package.sh'
[0.542s] INFO:colcon.colcon_core.shell:Creating package script '/home/martijn/teachbot/install/teachbot_interfaces/share/teachbot_interfaces/package.bash'
[0.542s] INFO:colcon.colcon_core.shell:Creating package script '/home/martijn/teachbot/install/teachbot_interfaces/share/teachbot_interfaces/package.zsh'
[0.542s] Level 1:colcon.colcon_core.environment:create_file_with_runtime_dependencies(/home/martijn/teachbot/install/teachbot_interfaces/share/colcon-core/packages/teachbot_interfaces)
[0.542s] INFO:colcon.colcon_ros.task.ament_python.build:Building ROS package in '/home/martijn/teachbot/teachbot_ros' with build type 'ament_python'
[0.542s] Level 1:colcon.colcon_core.shell:create_environment_hook('teachbot_ros', 'ament_prefix_path')
[0.542s] INFO:colcon.colcon_core.shell:Creating environment hook '/home/martijn/teachbot/install/teachbot_ros/share/teachbot_ros/hook/ament_prefix_path.ps1'
[0.543s] INFO:colcon.colcon_core.shell:Creating environment descriptor '/home/martijn/teachbot/install/teachbot_ros/share/teachbot_ros/hook/ament_prefix_path.dsv'
[0.543s] INFO:colcon.colcon_core.shell:Creating environment hook '/home/martijn/teachbot/install/teachbot_ros/share/teachbot_ros/hook/ament_prefix_path.sh'
[0.543s] INFO:colcon.colcon_core.shell:Skip shell extension 'powershell' for command environment: Not usable outside of PowerShell
[0.543s] DEBUG:colcon.colcon_core.shell:Skip shell extension 'dsv' for command environment
[0.675s] INFO:colcon.colcon_core.task.python.build:Building Python package in '/home/martijn/teachbot/teachbot_ros'
[0.675s] INFO:colcon.colcon_core.shell:Skip shell extension 'powershell' for command environment: Not usable outside of PowerShell
[0.675s] DEBUG:colcon.colcon_core.shell:Skip shell extension 'dsv' for command environment
[0.680s] DEBUG:colcon.colcon_core.event_handler.log_command:Invoking command in '/home/martijn/teachbot/build/teachbot_recorder': PYTHONPATH=/home/martijn/teachbot/build/teachbot_recorder/prefix_override:/usr/lib/python3/dist-packages/colcon_core/task/python/colcon_distutils_commands:/home/martijn/teachbot/install/teachbot_recorder/lib/python3.10/site-packages:${PYTHONPATH} /usr/bin/python3 -W ignore:setup.py install is deprecated -W ignore:easy_install command is deprecated setup.py develop --editable --build-directory /home/martijn/teachbot/build/teachbot_recorder/build --no-deps symlink_data
[0.682s] DEBUG:colcon.colcon_core.event_handler.log_command:Invoking command in '/home/martijn/teachbot/build/teachbot_follower': PYTHONPATH=/home/martijn/teachbot/build/teachbot_follower/prefix_override:/usr/lib/python3/dist-packages/colcon_core/task/python/colcon_distutils_commands:/home/martijn/teachbot/install/teachbot_follower/lib/python3.10/site-packages:${PYTHONPATH} /usr/bin/python3 -W ignore:setup.py install is deprecated -W ignore:easy_install command is deprecated setup.py develop --editable --build-directory /home/martijn/teachbot/build/teachbot_follower/build --no-deps symlink_data
[0.866s] DEBUG:colcon.colcon_core.event_handler.log_command:Invoking command in '/home/martijn/teachbot/build/teachbot_ros': AMENT_PREFIX_PATH=/home/martijn/teachbot/install/teachbot_interfaces:/home/martijn/teachbot/install/teachbot_description:${AMENT_PREFIX_PATH} CMAKE_PREFIX_PATH=/home/martijn/teachbot/install/teachbot_interfaces:/home/martijn/teachbot/install/teachbot_description:${CMAKE_PREFIX_PATH} LD_LIBRARY_PATH=/home/martijn/teachbot/install/teachbot_interfaces/lib:${LD_LIBRARY_PATH} PYTHONPATH=/home/martijn/teachbot/build/teachbot_ros/prefix_override:/usr/lib/python3/dist-packages/colcon_core/task/python/colcon_distutils_commands:/home/martijn/teachbot/install/teachbot_ros/lib/python3.10/site-packages:/home/martijn/teachbot/install/teachbot_interfaces/local/lib/python3.10/dist-packages:${PYTHONPATH} /usr/bin/python3 -W ignore:setup.py install is deprecated -W ignore:easy_install command is deprecated setup.py develop --editable --build-directory /home/martijn/teachbot/build/teachbot_ros/build --no-deps symlink_data
[0.894s] Level 1:colcon.colcon_core.shell:create_environment_hook('teachbot_follower', 'pythonpath_develop')
[0.894s] DEBUG:colcon.colcon_core.event_handler.log_command:Invoked command in '/home/martijn/teachbot/build/teachbot_follower' returned '0': PYTHONPATH=/home/martijn/teachbot/build/teachbot_follower/prefix_override:/usr/lib/python3/dist-packages/colcon_core/task/python/colcon_distutils_commands:/home/martijn/teachbot/install/teachbot_follower/lib/python3.10/site-packages:${PYTHONPATH} /usr/bin/python3 -W ignore:setup.py install is deprecated -W ignore:easy_install command is deprecated setup.py develop --editable --build-directory /home/martijn/teachbot/build/teachbot_follower/build --no-deps symlink_data
[0.894s] INFO:colcon.colcon_core.shell:Creating environment hook '/home/martijn/teachbot/build/teachbot_follower/share/teachbot_follower/hook/pythonpath_develop.ps1'
[0.895s] INFO:colcon.colcon_core.shell:Creating environment descriptor '/home/martijn/teachbot/build/teachbot_follower/share/teachbot_follower/hook/pythonpath_develop.dsv'
[0.895s] INFO:colcon.colcon_core.shell:Creating environment hook '/home/martijn/teachbot/build/teachbot_follower/share/teachbot_follower/hook/pythonpath_develop.sh'
[0.895s] Level 1:colcon.colcon_core.environment:checking '/home/martijn/teachbot/install/teachbot_follower' for CMake module files
[0.895s] Level 1:colcon.colcon_core.environment:checking '/home/martijn/teachbot/install/teachbot_follower' for CMake config files
[0.896s] Level 1:colcon.colcon_core.environment:checking '/home/martijn/teachbot/install/teachbot_follower/lib'
[0.896s] Level 1:colcon.colcon_core.environment:checking '/home/martijn/teachbot/install/teachbot_follower/bin'
[0.896s] Level 1:colcon.colcon_core.environment:checking '/home/martijn/teachbot/install/teachbot_follower/lib/pkgconfig/teachbot_follower.pc'
[0.896s] Level 1:colcon.colcon_core.environment:checking '/home/martijn/teachbot/install/teachbot_follower/lib/python3.10/site-packages'
[0.896s] Level 1:colcon.colcon_core.shell:create_environment_hook('teachbot_follower', 'pythonpath')
[0.896s] INFO:colcon.colcon_core.shell:Creating environment hook '/home/martijn/teachbot/install/teachbot_follower/share/teachbot_follower/hook/pythonpath.ps1'
[0.896s] INFO:colcon.colcon_core.shell:Creating environment descriptor '/home/martijn/teachbot/install/teachbot_follower/share/teachbot_follower/hook/pythonpath.dsv'
[0.897s] INFO:colcon.colcon_core.shell:Creating environment hook '/home/martijn/teachbot/install/teachbot_follower/share/teachbot_follower/hook/pythonpath.sh'
[0.897s] Level 1:colcon.colcon_core.environment:checking '/home/martijn/teachbot/install/teachbot_follower/bin'
[0.897s] Level 1:colcon.colcon_core.environment:create_environment_scripts_only(teachbot_follower)
[0.897s] INFO:colcon.colcon_core.shell:Creating package script '/home/martijn/teachbot/install/teachbot_follower/share/teachbot_follower/package.ps1'
[0.897s] INFO:colcon.colcon_core.shell:Creating package descriptor '/home/martijn/teachbot/install/teachbot_follower/share/teachbot_follower/package.dsv'
[0.898s] INFO:colcon.colcon_core.shell:Creating package script '/home/martijn/teachbot/install/teachbot_follower/share/teachbot_follower/package.sh'
[0.898s] INFO:colcon.colcon_core.shell:Creating package script '/home/martijn/teachbot/install/teachbot_follower/share/teachbot_follower/package.bash'
[0.898s] INFO:colcon.colcon_core.shell:Creating package script '/home/martijn/teachbot/install/teachbot_follower/share/teachbot_follower/package.zsh'
[0.898s] Level 1:colcon.colcon_core.environment:create_file_with_runtime_dependencies(/home/martijn/teachbot/install/teachbot_follower/share/colcon-core/packages/teachbot_follower)
[0.899s] Level 1:colcon.colcon_core.shell:create_environment_hook('teachbot_recorder', 'pythonpath_develop')
[0.899s] INFO:colcon.colcon_core.shell:Creating environment hook '/home/martijn/teachbot/build/teachbot_recorder/share/teachbot_recorder/hook/pythonpath_develop.ps1'
[0.899s] INFO:colcon.colcon_core.shell:Creating environment descriptor '/home/martijn/teachbot/build/teachbot_recorder/share/teachbot_recorder/hook/pythonpath_develop.dsv'
[0.899s] DEBUG:colcon.colcon_core.event_handler.log_command:Invoked command in '/home/martijn/teachbot/build/teachbot_recorder' returned '0': PYTHONPATH=/home/martijn/teachbot/build/teachbot_recorder/prefix_override:/usr/lib/python3/dist-packages/colcon_core/task/python/colcon_distutils_commands:/home/martijn/teachbot/install/teachbot_recorder/lib/python3.10/site-packages:${PYTHONPATH} /usr/bin/python3 -W ignore:setup.py install is deprecated -W ignore:easy_install command is deprecated setup.py develop --editable --build-directory /home/martijn/teachbot/build/teachbot_recorder/build --no-deps symlink_data
[0.900s] INFO:colcon.colcon_core.shell:Creating environment hook '/home/martijn/teachbot/build/teachbot_recorder/share/teachbot_recorder/hook/pythonpath_develop.sh'
[0.900s] Level 1:colcon.colcon_core.environment:checking '/home/martijn/teachbot/install/teachbot_recorder' for CMake module files
[0.900s] Level 1:colcon.colcon_core.environment:checking '/home/martijn/teachbot/install/teachbot_recorder' for CMake config files
[0.900s] Level 1:colcon.colcon_core.environment:checking '/home/martijn/teachbot/install/teachbot_recorder/lib'
[0.900s] Level 1:colcon.colcon_core.environment:checking '/home/martijn/teachbot/install/teachbot_recorder/bin'
[0.900s] Level 1:colcon.colcon_core.environment:checking '/home/martijn/teachbot/install/teachbot_recorder/lib/pkgconfig/teachbot_recorder.pc'
[0.900s] Level 1:colcon.colcon_core.environment:checking '/home/martijn/teachbot/install/teachbot_recorder/lib/python3.10/site-packages'
[0.900s] Level 1:colcon.colcon_core.shell:create_environment_hook('teachbot_recorder', 'pythonpath')
[0.901s] INFO:colcon.colcon_core.shell:Creating environment hook '/home/martijn/teachbot/install/teachbot_recorder/share/teachbot_recorder/hook/pythonpath.ps1'
[0.901s] INFO:colcon.colcon_core.shell:Creating environment descriptor '/home/martijn/teachbot/install/teachbot_recorder/share/teachbot_recorder/hook/pythonpath.dsv'
[0.901s] INFO:colcon.colcon_core.shell:Creating environment hook '/home/martijn/teachbot/install/teachbot_recorder/share/teachbot_recorder/hook/pythonpath.sh'
[0.901s] Level 1:colcon.colcon_core.environment:checking '/home/martijn/teachbot/install/teachbot_recorder/bin'
[0.901s] Level 1:colcon.colcon_core.environment:create_environment_scripts_only(teachbot_recorder)
[0.901s] INFO:colcon.colcon_core.shell:Creating package script '/home/martijn/teachbot/install/teachbot_recorder/share/teachbot_recorder/package.ps1'
[0.902s] INFO:colcon.colcon_core.shell:Creating package descriptor '/home/martijn/teachbot/install/teachbot_recorder/share/teachbot_recorder/package.dsv'
[0.902s] INFO:colcon.colcon_core.shell:Creating package script '/home/martijn/teachbot/install/teachbot_recorder/share/teachbot_recorder/package.sh'
[0.902s] INFO:colcon.colcon_core.shell:Creating package script '/home/martijn/teachbot/install/teachbot_recorder/share/teachbot_recorder/package.bash'
[0.902s] INFO:colcon.colcon_core.shell:Creating package script '/home/martijn/teachbot/install/teachbot_recorder/share/teachbot_recorder/package.zsh'
[0.902s] Level 1:colcon.colcon_core.environment:create_file_with_runtime_dependencies(/home/martijn/teachbot/install/teachbot_recorder/share/colcon-core/packages/teachbot_recorder)
[1.069s] Level 1:colcon.colcon_core.shell:create_environment_hook('teachbot_ros', 'pythonpath_develop')
[1.069s] INFO:colcon.colcon_core.shell:Creating environment hook '/home/martijn/teachbot/build/teachbot_ros/share/teachbot_ros/hook/pythonpath_develop.ps1'
[1.070s] DEBUG:colcon.colcon_core.event_handler.log_command:Invoked command in '/home/martijn/teachbot/build/teachbot_ros' returned '0': AMENT_PREFIX_PATH=/home/martijn/teachbot/install/teachbot_interfaces:/home/martijn/teachbot/install/teachbot_description:${AMENT_PREFIX_PATH} CMAKE_PREFIX_PATH=/home/martijn/teachbot/install/teachbot_interfaces:/home/martijn/teachbot/install/teachbot_description:${CMAKE_PREFIX_PATH} LD_LIBRARY_PATH=/home/martijn/teachbot/install/teachbot_interfaces/lib:${LD_LIBRARY_PATH} PYTHONPATH=/home/martijn/teachbot/build/teachbot_ros/prefix_override:/usr/lib/python3/dist-packages/colcon_core/task/python/colcon_distutils_commands:/home/martijn/teachbot/install/teachbot_ros/lib/python3.10/site-packages:/home/martijn/teachbot/install/teachbot_interfaces/local/lib/python3.10/dist-packages:${PYTHONPATH} /usr/bin/python3 -W ignore:setup.py install is deprecated -W ignore:easy_install command is deprecated setup.py develop --editable --build-directory /home/martijn/teachbot/build/teachbot_ros/build --no-deps symlink_data
[1.070s] INFO:colcon.colcon_core.shell:Creating environment descriptor '/home/martijn/teachbot/build/teachbot_ros/share/teachbot_ros/hook/pythonpath_develop.dsv'
[1.070s] INFO:colcon.colcon_core.shell:Creating environment hook '/home/martijn/teachbot/build/teachbot_ros/share/teachbot_ros/hook/pythonpath_develop.sh'
[1.070s] Level 1:colcon.colcon_core.environment:checking '/home/martijn/teachbot/install/teachbot_ros' for CMake module files
[1.071s] Level 1:colcon.colcon_core.environment:checking '/home/martijn/teachbot/install/teachbot_ros' for CMake config files
[1.071s] Level 1:colcon.colcon_core.environment:checking '/home/martijn/teachbot/install/teachbot_ros/lib'
[1.071s] Level 1:colcon.colcon_core.environment:checking '/home/martijn/teachbot/install/teachbot_ros/bin'
[1.071s] Level 1:colcon.colcon_core.environment:checking '/home/martijn/teachbot/install/teachbot_ros/lib/pkgconfig/teachbot_ros.pc'
[1.071s] Level 1:colcon.colcon_core.environment:checking '/home/martijn/teachbot/install/teachbot_ros/lib/python3.10/site-packages'
[1.071s] Level 1:colcon.colcon_core.shell:create_environment_hook('teachbot_ros', 'pythonpath')
[1.071s] INFO:colcon.colcon_core.shell:Creating environment hook '/home/martijn/teachbot/install/teachbot_ros/share/teachbot_ros/hook/pythonpath.ps1'
[1.072s] INFO:colcon.colcon_core.shell:Creating environment descriptor '/home/martijn/teachbot/install/teachbot_ros/share/teachbot_ros/hook/pythonpath.dsv'
[1.072s] INFO:colcon.colcon_core.shell:Creating environment hook '/home/martijn/teachbot/install/teachbot_ros/share/teachbot_ros/hook/pythonpath.sh'
[1.072s] Level 1:colcon.colcon_core.environment:checking '/home/martijn/teachbot/install/teachbot_ros/bin'
[1.072s] Level 1:colcon.colcon_core.environment:create_environment_scripts_only(teachbot_ros)
[1.072s] INFO:colcon.colcon_core.shell:Creating package script '/home/martijn/teachbot/install/teachbot_ros/share/teachbot_ros/package.ps1'
[1.073s] INFO:colcon.colcon_core.shell:Creating package descriptor '/home/martijn/teachbot/install/teachbot_ros/share/teachbot_ros/package.dsv'
[1.073s] INFO:colcon.colcon_core.shell:Creating package script '/home/martijn/teachbot/install/teachbot_ros/share/teachbot_ros/package.sh'
[1.073s] INFO:colcon.colcon_core.shell:Creating package script '/home/martijn/teachbot/install/teachbot_ros/share/teachbot_ros/package.bash'
[1.073s] INFO:colcon.colcon_core.shell:Creating package script '/home/martijn/teachbot/install/teachbot_ros/share/teachbot_ros/package.zsh'
[1.073s] Level 1:colcon.colcon_core.environment:create_file_with_runtime_dependencies(/home/martijn/teachbot/install/teachbot_ros/share/colcon-core/packages/teachbot_ros)
[1.074s] DEBUG:colcon.colcon_parallel_executor.executor.parallel:closing loop
[1.074s] DEBUG:colcon.colcon_parallel_executor.executor.parallel:loop closed
[1.074s] DEBUG:colcon.colcon_parallel_executor.executor.parallel:run_until_complete finished with '0'
[1.074s] DEBUG:colcon.colcon_core.event_reactor:joining thread
[1.077s] INFO:colcon.colcon_core.plugin_system:Skipping extension 'colcon_notification.desktop_notification.notify_send': Could not find 'notify-send'
[1.077s] INFO:colcon.colcon_core.plugin_system:Skipping extension 'colcon_notification.desktop_notification.terminal_notifier': Not used on non-Darwin systems
[1.077s] INFO:colcon.colcon_core.plugin_system:Skipping extension 'colcon_notification.desktop_notification.win32': Not used on non-Windows systems
[1.077s] INFO:colcon.colcon_notification.desktop_notification:Sending desktop notification using 'notify2'
[1.083s] DEBUG:colcon.colcon_core.event_reactor:joined thread
[1.083s] INFO:colcon.colcon_core.shell:Creating prefix script '/home/martijn/teachbot/install/local_setup.ps1'
[1.084s] INFO:colcon.colcon_core.shell:Creating prefix util module '/home/martijn/teachbot/install/_local_setup_util_ps1.py'
[1.085s] INFO:colcon.colcon_core.shell:Creating prefix chain script '/home/martijn/teachbot/install/setup.ps1'
[1.086s] INFO:colcon.colcon_core.shell:Creating prefix script '/home/martijn/teachbot/install/local_setup.sh'
[1.086s] INFO:colcon.colcon_core.shell:Creating prefix util module '/home/martijn/teachbot/install/_local_setup_util_sh.py'
[1.086s] INFO:colcon.colcon_core.shell:Creating prefix chain script '/home/martijn/teachbot/install/setup.sh'
[1.087s] INFO:colcon.colcon_core.shell:Creating prefix script '/home/martijn/teachbot/install/local_setup.bash'
[1.087s] INFO:colcon.colcon_core.shell:Creating prefix chain script '/home/martijn/teachbot/install/setup.bash'
[1.088s] INFO:colcon.colcon_core.shell:Creating prefix script '/home/martijn/teachbot/install/local_setup.zsh'
[1.089s] INFO:colcon.colcon_core.shell:Creating prefix chain script '/home/martijn/teachbot/install/setup.zsh'
