[0.056s] DEBUG:colcon:Command line arguments: ['/usr/bin/colcon', 'build', '--symlink-install', '--packages-select', 'teachbot_ros']
[0.056s] DEBUG:colcon:Parsed command line arguments: Namespace(log_base=None, log_level=None, verb_name='build', build_base='build', install_base='install', merge_install=False, symlink_install=True, test_result_base=None, continue_on_error=False, executor='parallel', parallel_workers=16, event_handlers=None, ignore_user_meta=False, metas=['./colcon.meta'], base_paths=['.'], packages_ignore=None, packages_ignore_regex=None, paths=None, packages_up_to=None, packages_up_to_regex=None, packages_above=None, packages_above_and_dependencies=None, packages_above_depth=None, packages_select_by_dep=None, packages_skip_by_dep=None, packages_skip_up_to=None, packages_select_build_failed=False, packages_skip_build_finished=False, packages_select_test_failures=False, packages_skip_test_passed=False, packages_select=['teachbot_ros'], packages_skip=None, packages_select_regex=None, packages_skip_regex=None, packages_start=None, packages_end=None, allow_overriding=[], cmake_args=None, cmake_target=None, cmake_target_skip_unavailable=False, cmake_clean_cache=False, cmake_clean_first=False, cmake_force_configure=False, ament_cmake_args=None, catkin_cmake_args=None, catkin_skip_building_tests=False, verb_parser=<colcon_defaults.argument_parser.defaults.DefaultArgumentsDecorator object at 0x7908594518d0>, verb_extension=<colcon_core.verb.build.BuildVerb object at 0x7908595c1f60>, main=<bound method BuildVerb.main of <colcon_core.verb.build.BuildVerb object at 0x7908595c1f60>>)
[0.141s] Level 1:colcon.colcon_core.package_discovery:discover_packages(colcon_meta) check parameters
[0.141s] Level 1:colcon.colcon_core.package_discovery:discover_packages(recursive) check parameters
[0.142s] Level 1:colcon.colcon_core.package_discovery:discover_packages(ignore) check parameters
[0.142s] Level 1:colcon.colcon_core.package_discovery:discover_packages(path) check parameters
[0.142s] Level 1:colcon.colcon_core.package_discovery:discover_packages(colcon_meta) discover
[0.142s] Level 1:colcon.colcon_core.package_discovery:discover_packages(recursive) discover
[0.142s] INFO:colcon.colcon_core.package_discovery:Crawling recursively for packages in '/home/martijn/teachbot'
[0.142s] Level 1:colcon.colcon_core.package_identification:_identify(.) by extensions ['ignore', 'ignore_ament_install']
[0.142s] Level 1:colcon.colcon_core.package_identification:_identify(.) by extension 'ignore'
[0.142s] Level 1:colcon.colcon_core.package_identification:_identify(.) by extension 'ignore_ament_install'
[0.142s] Level 1:colcon.colcon_core.package_identification:_identify(.) by extensions ['colcon_pkg']
[0.142s] Level 1:colcon.colcon_core.package_identification:_identify(.) by extension 'colcon_pkg'
[0.142s] Level 1:colcon.colcon_core.package_identification:_identify(.) by extensions ['colcon_meta']
[0.142s] Level 1:colcon.colcon_core.package_identification:_identify(.) by extension 'colcon_meta'
[0.142s] Level 1:colcon.colcon_core.package_identification:_identify(.) by extensions ['ros']
[0.142s] Level 1:colcon.colcon_core.package_identification:_identify(.) by extension 'ros'
[0.148s] Level 1:colcon.colcon_core.package_identification:_identify(.) by extensions ['cmake', 'python']
[0.148s] Level 1:colcon.colcon_core.package_identification:_identify(.) by extension 'cmake'
[0.148s] Level 1:colcon.colcon_core.package_identification:_identify(.) by extension 'python'
[0.148s] Level 1:colcon.colcon_core.package_identification:_identify(.) by extensions ['python_setup_py']
[0.148s] Level 1:colcon.colcon_core.package_identification:_identify(.) by extension 'python_setup_py'
[0.148s] Level 1:colcon.colcon_core.package_identification:_identify(build) by extensions ['ignore', 'ignore_ament_install']
[0.148s] Level 1:colcon.colcon_core.package_identification:_identify(build) by extension 'ignore'
[0.148s] Level 1:colcon.colcon_core.package_identification:_identify(build) ignored
[0.148s] Level 1:colcon.colcon_core.package_identification:_identify(documentation) by extensions ['ignore', 'ignore_ament_install']
[0.148s] Level 1:colcon.colcon_core.package_identification:_identify(documentation) by extension 'ignore'
[0.148s] Level 1:colcon.colcon_core.package_identification:_identify(documentation) by extension 'ignore_ament_install'
[0.148s] Level 1:colcon.colcon_core.package_identification:_identify(documentation) by extensions ['colcon_pkg']
[0.148s] Level 1:colcon.colcon_core.package_identification:_identify(documentation) by extension 'colcon_pkg'
[0.148s] Level 1:colcon.colcon_core.package_identification:_identify(documentation) by extensions ['colcon_meta']
[0.148s] Level 1:colcon.colcon_core.package_identification:_identify(documentation) by extension 'colcon_meta'
[0.148s] Level 1:colcon.colcon_core.package_identification:_identify(documentation) by extensions ['ros']
[0.148s] Level 1:colcon.colcon_core.package_identification:_identify(documentation) by extension 'ros'
[0.149s] Level 1:colcon.colcon_core.package_identification:_identify(documentation) by extensions ['cmake', 'python']
[0.149s] Level 1:colcon.colcon_core.package_identification:_identify(documentation) by extension 'cmake'
[0.149s] Level 1:colcon.colcon_core.package_identification:_identify(documentation) by extension 'python'
[0.149s] Level 1:colcon.colcon_core.package_identification:_identify(documentation) by extensions ['python_setup_py']
[0.149s] Level 1:colcon.colcon_core.package_identification:_identify(documentation) by extension 'python_setup_py'
[0.149s] Level 1:colcon.colcon_core.package_identification:_identify(documentation/_static) by extensions ['ignore', 'ignore_ament_install']
[0.149s] Level 1:colcon.colcon_core.package_identification:_identify(documentation/_static) by extension 'ignore'
[0.149s] Level 1:colcon.colcon_core.package_identification:_identify(documentation/_static) by extension 'ignore_ament_install'
[0.149s] Level 1:colcon.colcon_core.package_identification:_identify(documentation/_static) by extensions ['colcon_pkg']
[0.149s] Level 1:colcon.colcon_core.package_identification:_identify(documentation/_static) by extension 'colcon_pkg'
[0.149s] Level 1:colcon.colcon_core.package_identification:_identify(documentation/_static) by extensions ['colcon_meta']
[0.149s] Level 1:colcon.colcon_core.package_identification:_identify(documentation/_static) by extension 'colcon_meta'
[0.149s] Level 1:colcon.colcon_core.package_identification:_identify(documentation/_static) by extensions ['ros']
[0.149s] Level 1:colcon.colcon_core.package_identification:_identify(documentation/_static) by extension 'ros'
[0.149s] Level 1:colcon.colcon_core.package_identification:_identify(documentation/_static) by extensions ['cmake', 'python']
[0.149s] Level 1:colcon.colcon_core.package_identification:_identify(documentation/_static) by extension 'cmake'
[0.149s] Level 1:colcon.colcon_core.package_identification:_identify(documentation/_static) by extension 'python'
[0.149s] Level 1:colcon.colcon_core.package_identification:_identify(documentation/_static) by extensions ['python_setup_py']
[0.149s] Level 1:colcon.colcon_core.package_identification:_identify(documentation/_static) by extension 'python_setup_py'
[0.149s] Level 1:colcon.colcon_core.package_identification:_identify(documentation/documentation) by extensions ['ignore', 'ignore_ament_install']
[0.149s] Level 1:colcon.colcon_core.package_identification:_identify(documentation/documentation) by extension 'ignore'
[0.149s] Level 1:colcon.colcon_core.package_identification:_identify(documentation/documentation) by extension 'ignore_ament_install'
[0.149s] Level 1:colcon.colcon_core.package_identification:_identify(documentation/documentation) by extensions ['colcon_pkg']
[0.149s] Level 1:colcon.colcon_core.package_identification:_identify(documentation/documentation) by extension 'colcon_pkg'
[0.149s] Level 1:colcon.colcon_core.package_identification:_identify(documentation/documentation) by extensions ['colcon_meta']
[0.149s] Level 1:colcon.colcon_core.package_identification:_identify(documentation/documentation) by extension 'colcon_meta'
[0.149s] Level 1:colcon.colcon_core.package_identification:_identify(documentation/documentation) by extensions ['ros']
[0.149s] Level 1:colcon.colcon_core.package_identification:_identify(documentation/documentation) by extension 'ros'
[0.149s] Level 1:colcon.colcon_core.package_identification:_identify(documentation/documentation) by extensions ['cmake', 'python']
[0.149s] Level 1:colcon.colcon_core.package_identification:_identify(documentation/documentation) by extension 'cmake'
[0.149s] Level 1:colcon.colcon_core.package_identification:_identify(documentation/documentation) by extension 'python'
[0.149s] Level 1:colcon.colcon_core.package_identification:_identify(documentation/documentation) by extensions ['python_setup_py']
[0.149s] Level 1:colcon.colcon_core.package_identification:_identify(documentation/documentation) by extension 'python_setup_py'
[0.149s] Level 1:colcon.colcon_core.package_identification:_identify(documentation/images) by extensions ['ignore', 'ignore_ament_install']
[0.149s] Level 1:colcon.colcon_core.package_identification:_identify(documentation/images) by extension 'ignore'
[0.149s] Level 1:colcon.colcon_core.package_identification:_identify(documentation/images) by extension 'ignore_ament_install'
[0.149s] Level 1:colcon.colcon_core.package_identification:_identify(documentation/images) by extensions ['colcon_pkg']
[0.149s] Level 1:colcon.colcon_core.package_identification:_identify(documentation/images) by extension 'colcon_pkg'
[0.149s] Level 1:colcon.colcon_core.package_identification:_identify(documentation/images) by extensions ['colcon_meta']
[0.149s] Level 1:colcon.colcon_core.package_identification:_identify(documentation/images) by extension 'colcon_meta'
[0.149s] Level 1:colcon.colcon_core.package_identification:_identify(documentation/images) by extensions ['ros']
[0.149s] Level 1:colcon.colcon_core.package_identification:_identify(documentation/images) by extension 'ros'
[0.149s] Level 1:colcon.colcon_core.package_identification:_identify(documentation/images) by extensions ['cmake', 'python']
[0.149s] Level 1:colcon.colcon_core.package_identification:_identify(documentation/images) by extension 'cmake'
[0.149s] Level 1:colcon.colcon_core.package_identification:_identify(documentation/images) by extension 'python'
[0.149s] Level 1:colcon.colcon_core.package_identification:_identify(documentation/images) by extensions ['python_setup_py']
[0.149s] Level 1:colcon.colcon_core.package_identification:_identify(documentation/images) by extension 'python_setup_py'
[0.149s] Level 1:colcon.colcon_core.package_identification:_identify(install) by extensions ['ignore', 'ignore_ament_install']
[0.149s] Level 1:colcon.colcon_core.package_identification:_identify(install) by extension 'ignore'
[0.149s] Level 1:colcon.colcon_core.package_identification:_identify(install) ignored
[0.150s] Level 1:colcon.colcon_core.package_identification:_identify(log) by extensions ['ignore', 'ignore_ament_install']
[0.150s] Level 1:colcon.colcon_core.package_identification:_identify(log) by extension 'ignore'
[0.150s] Level 1:colcon.colcon_core.package_identification:_identify(log) ignored
[0.150s] Level 1:colcon.colcon_core.package_identification:_identify(recordings) by extensions ['ignore', 'ignore_ament_install']
[0.150s] Level 1:colcon.colcon_core.package_identification:_identify(recordings) by extension 'ignore'
[0.150s] Level 1:colcon.colcon_core.package_identification:_identify(recordings) by extension 'ignore_ament_install'
[0.150s] Level 1:colcon.colcon_core.package_identification:_identify(recordings) by extensions ['colcon_pkg']
[0.150s] Level 1:colcon.colcon_core.package_identification:_identify(recordings) by extension 'colcon_pkg'
[0.150s] Level 1:colcon.colcon_core.package_identification:_identify(recordings) by extensions ['colcon_meta']
[0.150s] Level 1:colcon.colcon_core.package_identification:_identify(recordings) by extension 'colcon_meta'
[0.150s] Level 1:colcon.colcon_core.package_identification:_identify(recordings) by extensions ['ros']
[0.150s] Level 1:colcon.colcon_core.package_identification:_identify(recordings) by extension 'ros'
[0.150s] Level 1:colcon.colcon_core.package_identification:_identify(recordings) by extensions ['cmake', 'python']
[0.150s] Level 1:colcon.colcon_core.package_identification:_identify(recordings) by extension 'cmake'
[0.150s] Level 1:colcon.colcon_core.package_identification:_identify(recordings) by extension 'python'
[0.150s] Level 1:colcon.colcon_core.package_identification:_identify(recordings) by extensions ['python_setup_py']
[0.150s] Level 1:colcon.colcon_core.package_identification:_identify(recordings) by extension 'python_setup_py'
[0.150s] Level 1:colcon.colcon_core.package_identification:_identify(teachbot_description) by extensions ['ignore', 'ignore_ament_install']
[0.150s] Level 1:colcon.colcon_core.package_identification:_identify(teachbot_description) by extension 'ignore'
[0.150s] Level 1:colcon.colcon_core.package_identification:_identify(teachbot_description) by extension 'ignore_ament_install'
[0.150s] Level 1:colcon.colcon_core.package_identification:_identify(teachbot_description) by extensions ['colcon_pkg']
[0.150s] Level 1:colcon.colcon_core.package_identification:_identify(teachbot_description) by extension 'colcon_pkg'
[0.150s] Level 1:colcon.colcon_core.package_identification:_identify(teachbot_description) by extensions ['colcon_meta']
[0.150s] Level 1:colcon.colcon_core.package_identification:_identify(teachbot_description) by extension 'colcon_meta'
[0.150s] Level 1:colcon.colcon_core.package_identification:_identify(teachbot_description) by extensions ['ros']
[0.150s] Level 1:colcon.colcon_core.package_identification:_identify(teachbot_description) by extension 'ros'
[0.151s] DEBUG:colcon.colcon_core.package_identification:Package 'teachbot_description' with type 'ros.ament_cmake' and name 'teachbot_description'
[0.151s] Level 1:colcon.colcon_core.package_identification:_identify(teachbot_follower) by extensions ['ignore', 'ignore_ament_install']
[0.151s] Level 1:colcon.colcon_core.package_identification:_identify(teachbot_follower) by extension 'ignore'
[0.151s] Level 1:colcon.colcon_core.package_identification:_identify(teachbot_follower) by extension 'ignore_ament_install'
[0.151s] Level 1:colcon.colcon_core.package_identification:_identify(teachbot_follower) by extensions ['colcon_pkg']
[0.151s] Level 1:colcon.colcon_core.package_identification:_identify(teachbot_follower) by extension 'colcon_pkg'
[0.151s] Level 1:colcon.colcon_core.package_identification:_identify(teachbot_follower) by extensions ['colcon_meta']
[0.151s] Level 1:colcon.colcon_core.package_identification:_identify(teachbot_follower) by extension 'colcon_meta'
[0.151s] Level 1:colcon.colcon_core.package_identification:_identify(teachbot_follower) by extensions ['ros']
[0.152s] Level 1:colcon.colcon_core.package_identification:_identify(teachbot_follower) by extension 'ros'
[0.152s] DEBUG:colcon.colcon_core.package_identification:Package 'teachbot_follower' with type 'ros.ament_python' and name 'teachbot_follower'
[0.152s] Level 1:colcon.colcon_core.package_identification:_identify(teachbot_interfaces) by extensions ['ignore', 'ignore_ament_install']
[0.152s] Level 1:colcon.colcon_core.package_identification:_identify(teachbot_interfaces) by extension 'ignore'
[0.152s] Level 1:colcon.colcon_core.package_identification:_identify(teachbot_interfaces) by extension 'ignore_ament_install'
[0.152s] Level 1:colcon.colcon_core.package_identification:_identify(teachbot_interfaces) by extensions ['colcon_pkg']
[0.152s] Level 1:colcon.colcon_core.package_identification:_identify(teachbot_interfaces) by extension 'colcon_pkg'
[0.152s] Level 1:colcon.colcon_core.package_identification:_identify(teachbot_interfaces) by extensions ['colcon_meta']
[0.152s] Level 1:colcon.colcon_core.package_identification:_identify(teachbot_interfaces) by extension 'colcon_meta'
[0.152s] Level 1:colcon.colcon_core.package_identification:_identify(teachbot_interfaces) by extensions ['ros']
[0.152s] Level 1:colcon.colcon_core.package_identification:_identify(teachbot_interfaces) by extension 'ros'
[0.153s] DEBUG:colcon.colcon_core.package_identification:Package 'teachbot_interfaces' with type 'ros.ament_cmake' and name 'teachbot_interfaces'
[0.153s] Level 1:colcon.colcon_core.package_identification:_identify(teachbot_recorder) by extensions ['ignore', 'ignore_ament_install']
[0.153s] Level 1:colcon.colcon_core.package_identification:_identify(teachbot_recorder) by extension 'ignore'
[0.153s] Level 1:colcon.colcon_core.package_identification:_identify(teachbot_recorder) by extension 'ignore_ament_install'
[0.153s] Level 1:colcon.colcon_core.package_identification:_identify(teachbot_recorder) by extensions ['colcon_pkg']
[0.153s] Level 1:colcon.colcon_core.package_identification:_identify(teachbot_recorder) by extension 'colcon_pkg'
[0.153s] Level 1:colcon.colcon_core.package_identification:_identify(teachbot_recorder) by extensions ['colcon_meta']
[0.153s] Level 1:colcon.colcon_core.package_identification:_identify(teachbot_recorder) by extension 'colcon_meta'
[0.153s] Level 1:colcon.colcon_core.package_identification:_identify(teachbot_recorder) by extensions ['ros']
[0.153s] Level 1:colcon.colcon_core.package_identification:_identify(teachbot_recorder) by extension 'ros'
[0.153s] DEBUG:colcon.colcon_core.package_identification:Package 'teachbot_recorder' with type 'ros.ament_python' and name 'teachbot_recorder'
[0.153s] Level 1:colcon.colcon_core.package_identification:_identify(teachbot_ros) by extensions ['ignore', 'ignore_ament_install']
[0.153s] Level 1:colcon.colcon_core.package_identification:_identify(teachbot_ros) by extension 'ignore'
[0.153s] Level 1:colcon.colcon_core.package_identification:_identify(teachbot_ros) by extension 'ignore_ament_install'
[0.153s] Level 1:colcon.colcon_core.package_identification:_identify(teachbot_ros) by extensions ['colcon_pkg']
[0.153s] Level 1:colcon.colcon_core.package_identification:_identify(teachbot_ros) by extension 'colcon_pkg'
[0.153s] Level 1:colcon.colcon_core.package_identification:_identify(teachbot_ros) by extensions ['colcon_meta']
[0.153s] Level 1:colcon.colcon_core.package_identification:_identify(teachbot_ros) by extension 'colcon_meta'
[0.153s] Level 1:colcon.colcon_core.package_identification:_identify(teachbot_ros) by extensions ['ros']
[0.153s] Level 1:colcon.colcon_core.package_identification:_identify(teachbot_ros) by extension 'ros'
[0.154s] DEBUG:colcon.colcon_core.package_identification:Package 'teachbot_ros' with type 'ros.ament_python' and name 'teachbot_ros'
[0.154s] Level 1:colcon.colcon_core.package_discovery:discover_packages(recursive) using defaults
[0.154s] Level 1:colcon.colcon_core.package_discovery:discover_packages(ignore) discover
[0.154s] Level 1:colcon.colcon_core.package_discovery:discover_packages(ignore) using defaults
[0.154s] Level 1:colcon.colcon_core.package_discovery:discover_packages(path) discover
[0.154s] Level 1:colcon.colcon_core.package_discovery:discover_packages(path) using defaults
[0.170s] INFO:colcon.colcon_core.package_selection:Skipping not selected package 'teachbot_description' in 'teachbot_description'
[0.170s] INFO:colcon.colcon_core.package_selection:Skipping not selected package 'teachbot_follower' in 'teachbot_follower'
[0.170s] INFO:colcon.colcon_core.package_selection:Skipping not selected package 'teachbot_interfaces' in 'teachbot_interfaces'
[0.170s] INFO:colcon.colcon_core.package_selection:Skipping not selected package 'teachbot_recorder' in 'teachbot_recorder'
[0.170s] Level 1:colcon.colcon_core.package_discovery:discover_packages(prefix_path) check parameters
[0.170s] Level 1:colcon.colcon_core.package_discovery:discover_packages(prefix_path) discover
[0.172s] DEBUG:colcon.colcon_installed_package_information.package_discovery:Found 29 installed packages in /home/martijn/interbotix_ws/install
[0.173s] DEBUG:colcon.colcon_installed_package_information.package_discovery:Found 353 installed packages in /opt/ros/humble
[0.174s] Level 1:colcon.colcon_core.package_discovery:discover_packages(prefix_path) using defaults
[0.197s] Level 5:colcon.colcon_core.verb:set package 'teachbot_ros' build argument 'cmake_args' from command line to 'None'
[0.198s] Level 5:colcon.colcon_core.verb:set package 'teachbot_ros' build argument 'cmake_target' from command line to 'None'
[0.198s] Level 5:colcon.colcon_core.verb:set package 'teachbot_ros' build argument 'cmake_target_skip_unavailable' from command line to 'False'
[0.198s] Level 5:colcon.colcon_core.verb:set package 'teachbot_ros' build argument 'cmake_clean_cache' from command line to 'False'
[0.198s] Level 5:colcon.colcon_core.verb:set package 'teachbot_ros' build argument 'cmake_clean_first' from command line to 'False'
[0.198s] Level 5:colcon.colcon_core.verb:set package 'teachbot_ros' build argument 'cmake_force_configure' from command line to 'False'
[0.198s] Level 5:colcon.colcon_core.verb:set package 'teachbot_ros' build argument 'ament_cmake_args' from command line to 'None'
[0.198s] Level 5:colcon.colcon_core.verb:set package 'teachbot_ros' build argument 'catkin_cmake_args' from command line to 'None'
[0.198s] Level 5:colcon.colcon_core.verb:set package 'teachbot_ros' build argument 'catkin_skip_building_tests' from command line to 'False'
[0.198s] DEBUG:colcon.colcon_core.verb:Building package 'teachbot_ros' with the following arguments: {'ament_cmake_args': None, 'build_base': '/home/martijn/teachbot/build/teachbot_ros', 'catkin_cmake_args': None, 'catkin_skip_building_tests': False, 'cmake_args': None, 'cmake_clean_cache': False, 'cmake_clean_first': False, 'cmake_force_configure': False, 'cmake_target': None, 'cmake_target_skip_unavailable': False, 'install_base': '/home/martijn/teachbot/install/teachbot_ros', 'merge_install': False, 'path': '/home/martijn/teachbot/teachbot_ros', 'symlink_install': True, 'test_result_base': None}
[0.198s] INFO:colcon.colcon_core.executor:Executing jobs using 'parallel' executor
[0.198s] DEBUG:colcon.colcon_parallel_executor.executor.parallel:run_until_complete
[0.198s] INFO:colcon.colcon_ros.task.ament_python.build:Building ROS package in '/home/martijn/teachbot/teachbot_ros' with build type 'ament_python'
[0.198s] Level 1:colcon.colcon_core.shell:create_environment_hook('teachbot_ros', 'ament_prefix_path')
[0.199s] INFO:colcon.colcon_core.plugin_system:Skipping extension 'colcon_core.shell.bat': Not used on non-Windows systems
[0.200s] INFO:colcon.colcon_core.shell:Creating environment hook '/home/martijn/teachbot/install/teachbot_ros/share/teachbot_ros/hook/ament_prefix_path.ps1'
[0.200s] INFO:colcon.colcon_core.shell:Creating environment descriptor '/home/martijn/teachbot/install/teachbot_ros/share/teachbot_ros/hook/ament_prefix_path.dsv'
[0.200s] INFO:colcon.colcon_core.shell:Creating environment hook '/home/martijn/teachbot/install/teachbot_ros/share/teachbot_ros/hook/ament_prefix_path.sh'
[0.201s] INFO:colcon.colcon_core.shell:Skip shell extension 'powershell' for command environment: Not usable outside of PowerShell
[0.201s] DEBUG:colcon.colcon_core.shell:Skip shell extension 'dsv' for command environment
[0.339s] INFO:colcon.colcon_core.task.python.build:Building Python package in '/home/martijn/teachbot/teachbot_ros'
[0.339s] INFO:colcon.colcon_core.shell:Skip shell extension 'powershell' for command environment: Not usable outside of PowerShell
[0.339s] DEBUG:colcon.colcon_core.shell:Skip shell extension 'dsv' for command environment
[0.533s] DEBUG:colcon.colcon_core.event_handler.log_command:Invoking command in '/home/martijn/teachbot/build/teachbot_ros': AMENT_PREFIX_PATH=/home/martijn/teachbot/install/teachbot_interfaces:/home/martijn/teachbot/install/teachbot_description:${AMENT_PREFIX_PATH} CMAKE_PREFIX_PATH=/home/martijn/teachbot/install/teachbot_interfaces:/home/martijn/teachbot/install/teachbot_description:${CMAKE_PREFIX_PATH} LD_LIBRARY_PATH=/home/martijn/teachbot/install/teachbot_interfaces/lib:${LD_LIBRARY_PATH} PYTHONPATH=/home/martijn/teachbot/build/teachbot_ros/prefix_override:/usr/lib/python3/dist-packages/colcon_core/task/python/colcon_distutils_commands:/home/martijn/teachbot/install/teachbot_ros/lib/python3.10/site-packages:/home/martijn/teachbot/install/teachbot_interfaces/local/lib/python3.10/dist-packages:${PYTHONPATH} /usr/bin/python3 -W ignore:setup.py install is deprecated -W ignore:easy_install command is deprecated setup.py develop --editable --build-directory /home/martijn/teachbot/build/teachbot_ros/build --no-deps symlink_data
[0.748s] Level 1:colcon.colcon_core.shell:create_environment_hook('teachbot_ros', 'pythonpath_develop')
[0.748s] INFO:colcon.colcon_core.shell:Creating environment hook '/home/martijn/teachbot/build/teachbot_ros/share/teachbot_ros/hook/pythonpath_develop.ps1'
[0.748s] DEBUG:colcon.colcon_core.event_handler.log_command:Invoked command in '/home/martijn/teachbot/build/teachbot_ros' returned '0': AMENT_PREFIX_PATH=/home/martijn/teachbot/install/teachbot_interfaces:/home/martijn/teachbot/install/teachbot_description:${AMENT_PREFIX_PATH} CMAKE_PREFIX_PATH=/home/martijn/teachbot/install/teachbot_interfaces:/home/martijn/teachbot/install/teachbot_description:${CMAKE_PREFIX_PATH} LD_LIBRARY_PATH=/home/martijn/teachbot/install/teachbot_interfaces/lib:${LD_LIBRARY_PATH} PYTHONPATH=/home/martijn/teachbot/build/teachbot_ros/prefix_override:/usr/lib/python3/dist-packages/colcon_core/task/python/colcon_distutils_commands:/home/martijn/teachbot/install/teachbot_ros/lib/python3.10/site-packages:/home/martijn/teachbot/install/teachbot_interfaces/local/lib/python3.10/dist-packages:${PYTHONPATH} /usr/bin/python3 -W ignore:setup.py install is deprecated -W ignore:easy_install command is deprecated setup.py develop --editable --build-directory /home/martijn/teachbot/build/teachbot_ros/build --no-deps symlink_data
[0.749s] INFO:colcon.colcon_core.shell:Creating environment descriptor '/home/martijn/teachbot/build/teachbot_ros/share/teachbot_ros/hook/pythonpath_develop.dsv'
[0.749s] INFO:colcon.colcon_core.shell:Creating environment hook '/home/martijn/teachbot/build/teachbot_ros/share/teachbot_ros/hook/pythonpath_develop.sh'
[0.750s] Level 1:colcon.colcon_core.environment:checking '/home/martijn/teachbot/install/teachbot_ros' for CMake module files
[0.750s] Level 1:colcon.colcon_core.environment:checking '/home/martijn/teachbot/install/teachbot_ros' for CMake config files
[0.751s] Level 1:colcon.colcon_core.environment:checking '/home/martijn/teachbot/install/teachbot_ros/lib'
[0.751s] Level 1:colcon.colcon_core.environment:checking '/home/martijn/teachbot/install/teachbot_ros/bin'
[0.751s] Level 1:colcon.colcon_core.environment:checking '/home/martijn/teachbot/install/teachbot_ros/lib/pkgconfig/teachbot_ros.pc'
[0.751s] Level 1:colcon.colcon_core.environment:checking '/home/martijn/teachbot/install/teachbot_ros/lib/python3.10/site-packages'
[0.751s] Level 1:colcon.colcon_core.shell:create_environment_hook('teachbot_ros', 'pythonpath')
[0.751s] INFO:colcon.colcon_core.shell:Creating environment hook '/home/martijn/teachbot/install/teachbot_ros/share/teachbot_ros/hook/pythonpath.ps1'
[0.751s] INFO:colcon.colcon_core.shell:Creating environment descriptor '/home/martijn/teachbot/install/teachbot_ros/share/teachbot_ros/hook/pythonpath.dsv'
[0.751s] INFO:colcon.colcon_core.shell:Creating environment hook '/home/martijn/teachbot/install/teachbot_ros/share/teachbot_ros/hook/pythonpath.sh'
[0.752s] Level 1:colcon.colcon_core.environment:checking '/home/martijn/teachbot/install/teachbot_ros/bin'
[0.752s] Level 1:colcon.colcon_core.environment:create_environment_scripts_only(teachbot_ros)
[0.752s] INFO:colcon.colcon_core.shell:Creating package script '/home/martijn/teachbot/install/teachbot_ros/share/teachbot_ros/package.ps1'
[0.752s] INFO:colcon.colcon_core.shell:Creating package descriptor '/home/martijn/teachbot/install/teachbot_ros/share/teachbot_ros/package.dsv'
[0.752s] INFO:colcon.colcon_core.shell:Creating package script '/home/martijn/teachbot/install/teachbot_ros/share/teachbot_ros/package.sh'
[0.753s] INFO:colcon.colcon_core.shell:Creating package script '/home/martijn/teachbot/install/teachbot_ros/share/teachbot_ros/package.bash'
[0.753s] INFO:colcon.colcon_core.shell:Creating package script '/home/martijn/teachbot/install/teachbot_ros/share/teachbot_ros/package.zsh'
[0.753s] Level 1:colcon.colcon_core.environment:create_file_with_runtime_dependencies(/home/martijn/teachbot/install/teachbot_ros/share/colcon-core/packages/teachbot_ros)
[0.753s] DEBUG:colcon.colcon_parallel_executor.executor.parallel:closing loop
[0.754s] DEBUG:colcon.colcon_parallel_executor.executor.parallel:loop closed
[0.754s] DEBUG:colcon.colcon_parallel_executor.executor.parallel:run_until_complete finished with '0'
[0.754s] DEBUG:colcon.colcon_core.event_reactor:joining thread
[0.757s] INFO:colcon.colcon_core.plugin_system:Skipping extension 'colcon_notification.desktop_notification.notify_send': Could not find 'notify-send'
[0.757s] INFO:colcon.colcon_core.plugin_system:Skipping extension 'colcon_notification.desktop_notification.terminal_notifier': Not used on non-Darwin systems
[0.757s] INFO:colcon.colcon_core.plugin_system:Skipping extension 'colcon_notification.desktop_notification.win32': Not used on non-Windows systems
[0.757s] INFO:colcon.colcon_notification.desktop_notification:Sending desktop notification using 'notify2'
[0.763s] DEBUG:colcon.colcon_core.event_reactor:joined thread
[0.763s] INFO:colcon.colcon_core.shell:Creating prefix script '/home/martijn/teachbot/install/local_setup.ps1'
[0.764s] INFO:colcon.colcon_core.shell:Creating prefix util module '/home/martijn/teachbot/install/_local_setup_util_ps1.py'
[0.765s] INFO:colcon.colcon_core.shell:Creating prefix chain script '/home/martijn/teachbot/install/setup.ps1'
[0.766s] INFO:colcon.colcon_core.shell:Creating prefix script '/home/martijn/teachbot/install/local_setup.sh'
[0.766s] INFO:colcon.colcon_core.shell:Creating prefix util module '/home/martijn/teachbot/install/_local_setup_util_sh.py'
[0.766s] INFO:colcon.colcon_core.shell:Creating prefix chain script '/home/martijn/teachbot/install/setup.sh'
[0.767s] INFO:colcon.colcon_core.shell:Creating prefix script '/home/martijn/teachbot/install/local_setup.bash'
[0.767s] INFO:colcon.colcon_core.shell:Creating prefix chain script '/home/martijn/teachbot/install/setup.bash'
[0.768s] INFO:colcon.colcon_core.shell:Creating prefix script '/home/martijn/teachbot/install/local_setup.zsh'
[0.768s] INFO:colcon.colcon_core.shell:Creating prefix chain script '/home/martijn/teachbot/install/setup.zsh'
