[0.017s] Invoking command in '/home/martijn/teachbot/build/teachbot_description': CMAKE_PREFIX_PATH=${CMAKE_PREFIX_PATH}:/home/martijn/interbotix_ws/install/interbotix_xs_modules:/home/martijn/interbotix_ws/install/interbotix_common_modules:/opt/ros/humble /usr/bin/cmake --build /home/martijn/teachbot/build/teachbot_description -- -j16 -l16
[0.287s] Invoked command in '/home/martijn/teachbot/build/teachbot_description' returned '0': CMAKE_PREFIX_PATH=${CMAKE_PREFIX_PATH}:/home/martijn/interbotix_ws/install/interbotix_xs_modules:/home/martijn/interbotix_ws/install/interbotix_common_modules:/opt/ros/humble /usr/bin/cmake --build /home/martijn/teachbot/build/teachbot_description -- -j16 -l16
[0.294s] Invoking command in '/home/martijn/teachbot/build/teachbot_description': CMAKE_PREFIX_PATH=${CMAKE_PREFIX_PATH}:/home/martijn/interbotix_ws/install/interbotix_xs_modules:/home/martijn/interbotix_ws/install/interbotix_common_modules:/opt/ros/humble /usr/bin/cmake --install /home/martijn/teachbot/build/teachbot_description
[0.299s] -- Install configuration: ""
[0.299s] -- Execute custom install script
[0.300s] -- Up-to-date symlink: /home/martijn/teachbot/install/teachbot_description/share/teachbot_description/meshes/link_1.dae
[0.300s] -- Up-to-date symlink: /home/martijn/teachbot/install/teachbot_description/share/teachbot_description/meshes/link_2.dae
[0.300s] -- Up-to-date symlink: /home/martijn/teachbot/install/teachbot_description/share/teachbot_description/meshes/link_3.dae
[0.300s] -- Up-to-date symlink: /home/martijn/teachbot/install/teachbot_description/share/teachbot_description/meshes/link_4.dae
[0.300s] -- Up-to-date symlink: /home/martijn/teachbot/install/teachbot_description/share/teachbot_description/meshes/link_5.dae
[0.300s] -- Up-to-date symlink: /home/martijn/teachbot/install/teachbot_description/share/teachbot_description/meshes/link_6.dae
[0.300s] -- Up-to-date symlink: /home/martijn/teachbot/install/teachbot_description/share/teachbot_description/meshes/link_7.dae
[0.300s] -- Up-to-date symlink: /home/martijn/teachbot/install/teachbot_description/share/teachbot_description/meshes/link_8.dae
[0.300s] -- Up-to-date symlink: /home/martijn/teachbot/install/teachbot_description/share/teachbot_description/urdf/teachbot.urdf.xacro
[0.300s] -- Up-to-date symlink: /home/martijn/teachbot/install/teachbot_description/share/teachbot_description/urdf/teachbot.urdf.xacro.save
[0.300s] -- Up-to-date symlink: /home/martijn/teachbot/install/teachbot_description/share/ament_index/resource_index/package_run_dependencies/teachbot_description
[0.300s] -- Up-to-date symlink: /home/martijn/teachbot/install/teachbot_description/share/ament_index/resource_index/parent_prefix_path/teachbot_description
[0.300s] -- Up-to-date symlink: /home/martijn/teachbot/install/teachbot_description/share/teachbot_description/environment/ament_prefix_path.sh
[0.300s] -- Up-to-date symlink: /home/martijn/teachbot/install/teachbot_description/share/teachbot_description/environment/ament_prefix_path.dsv
[0.301s] -- Up-to-date symlink: /home/martijn/teachbot/install/teachbot_description/share/teachbot_description/environment/path.sh
[0.301s] -- Up-to-date symlink: /home/martijn/teachbot/install/teachbot_description/share/teachbot_description/environment/path.dsv
[0.301s] -- Up-to-date symlink: /home/martijn/teachbot/install/teachbot_description/share/teachbot_description/local_setup.bash
[0.301s] -- Up-to-date symlink: /home/martijn/teachbot/install/teachbot_description/share/teachbot_description/local_setup.sh
[0.301s] -- Up-to-date symlink: /home/martijn/teachbot/install/teachbot_description/share/teachbot_description/local_setup.zsh
[0.301s] -- Up-to-date symlink: /home/martijn/teachbot/install/teachbot_description/share/teachbot_description/local_setup.dsv
[0.301s] -- Symlinking: /home/martijn/teachbot/install/teachbot_description/share/teachbot_description/package.dsv
[0.307s] -- Up-to-date symlink: /home/martijn/teachbot/install/teachbot_description/share/ament_index/resource_index/packages/teachbot_description
[0.307s] -- Up-to-date symlink: /home/martijn/teachbot/install/teachbot_description/share/teachbot_description/cmake/teachbot_descriptionConfig.cmake
[0.307s] -- Up-to-date symlink: /home/martijn/teachbot/install/teachbot_description/share/teachbot_description/cmake/teachbot_descriptionConfig-version.cmake
[0.307s] -- Up-to-date symlink: /home/martijn/teachbot/install/teachbot_description/share/teachbot_description/package.xml
[0.308s] Invoked command in '/home/martijn/teachbot/build/teachbot_description' returned '0': CMAKE_PREFIX_PATH=${CMAKE_PREFIX_PATH}:/home/martijn/interbotix_ws/install/interbotix_xs_modules:/home/martijn/interbotix_ws/install/interbotix_common_modules:/opt/ros/humble /usr/bin/cmake --install /home/martijn/teachbot/build/teachbot_description
