[0.323s] Invoking command in '/home/martijn/teachbot/build/teachbot_ros': AMENT_PREFIX_PATH=/home/martijn/teachbot/install/teachbot_interfaces:/home/martijn/teachbot/install/teachbot_description:${AMENT_PREFIX_PATH} CMAKE_PREFIX_PATH=/home/martijn/teachbot/install/teachbot_interfaces:/home/martijn/teachbot/install/teachbot_description:${CMAKE_PREFIX_PATH} LD_LIBRARY_PATH=/home/martijn/teachbot/install/teachbot_interfaces/lib:${LD_LIBRARY_PATH} PYTHONPATH=/home/martijn/teachbot/build/teachbot_ros/prefix_override:/usr/lib/python3/dist-packages/colcon_core/task/python/colcon_distutils_commands:/home/martijn/teachbot/install/teachbot_ros/lib/python3.10/site-packages:/home/martijn/teachbot/install/teachbot_interfaces/local/lib/python3.10/dist-packages:${PYTHONPATH} /usr/bin/python3 -W ignore:setup.py install is deprecated -W ignore:easy_install command is deprecated setup.py develop --editable --build-directory /home/martijn/teachbot/build/teachbot_ros/build --no-deps symlink_data
[0.443s] running develop
[0.510s] running egg_info
[0.510s] writing teachbot_ros.egg-info/PKG-INFO
[0.510s] writing dependency_links to teachbot_ros.egg-info/dependency_links.txt
[0.510s] writing entry points to teachbot_ros.egg-info/entry_points.txt
[0.510s] writing requirements to teachbot_ros.egg-info/requires.txt
[0.510s] writing top-level names to teachbot_ros.egg-info/top_level.txt
[0.511s] reading manifest file 'teachbot_ros.egg-info/SOURCES.txt'
[0.511s] writing manifest file 'teachbot_ros.egg-info/SOURCES.txt'
[0.512s] running build_ext
[0.512s] Creating /home/martijn/teachbot/install/teachbot_ros/lib/python3.10/site-packages/teachbot-ros.egg-link (link to .)
[0.512s] Installing teachbot_monitor_gui script to /home/martijn/teachbot/install/teachbot_ros/lib/teachbot_ros
[0.513s] Installing teachbot_publisher script to /home/martijn/teachbot/install/teachbot_ros/lib/teachbot_ros
[0.513s] Installing teachbot_sim_jointstate_publishers script to /home/martijn/teachbot/install/teachbot_ros/lib/teachbot_ros
[0.513s] Installing teachbot_state_publisher_gui script to /home/martijn/teachbot/install/teachbot_ros/lib/teachbot_ros
[0.513s] 
[0.513s] Installed /home/martijn/teachbot/build/teachbot_ros
[0.513s] running symlink_data
[0.527s] Invoked command in '/home/martijn/teachbot/build/teachbot_ros' returned '0': AMENT_PREFIX_PATH=/home/martijn/teachbot/install/teachbot_interfaces:/home/martijn/teachbot/install/teachbot_description:${AMENT_PREFIX_PATH} CMAKE_PREFIX_PATH=/home/martijn/teachbot/install/teachbot_interfaces:/home/martijn/teachbot/install/teachbot_description:${CMAKE_PREFIX_PATH} LD_LIBRARY_PATH=/home/martijn/teachbot/install/teachbot_interfaces/lib:${LD_LIBRARY_PATH} PYTHONPATH=/home/martijn/teachbot/build/teachbot_ros/prefix_override:/usr/lib/python3/dist-packages/colcon_core/task/python/colcon_distutils_commands:/home/martijn/teachbot/install/teachbot_ros/lib/python3.10/site-packages:/home/martijn/teachbot/install/teachbot_interfaces/local/lib/python3.10/dist-packages:${PYTHONPATH} /usr/bin/python3 -W ignore:setup.py install is deprecated -W ignore:easy_install command is deprecated setup.py develop --editable --build-directory /home/martijn/teachbot/build/teachbot_ros/build --no-deps symlink_data
