[0.017s] Invoking command in '/home/martijn/teachbot/build/teachbot_description': CMAKE_PREFIX_PATH=${CMAKE_PREFIX_PATH}:/home/martijn/interbotix_ws/install/interbotix_xs_modules:/home/martijn/interbotix_ws/install/interbotix_common_modules:/opt/ros/humble /usr/bin/cmake /home/martijn/teachbot/teachbot_description -DAMENT_CMAKE_SYMLINK_INSTALL=1 -DCMAKE_INSTALL_PREFIX=/home/martijn/teachbot/install/teachbot_description
[0.157s] -- The C compiler identification is GNU 13.1.0
[0.196s] -- The CXX compiler identification is GNU 13.1.0
[0.203s] -- Detecting C compiler ABI info
[0.254s] -- Detecting C compiler ABI info - done
[0.258s] -- Check for working C compiler: /usr/bin/cc - skipped
[0.259s] -- Detecting C compile features
[0.259s] -- Detecting C compile features - done
[0.262s] -- Detecting CXX compiler ABI info
[0.317s] -- Detecting CXX compiler ABI info - done
[0.321s] -- Check for working CXX compiler: /usr/bin/c++ - skipped
[0.321s] -- Detecting CXX compile features
[0.321s] -- Detecting CXX compile features - done
[0.329s] -- Found ament_cmake: 1.3.12 (/opt/ros/humble/share/ament_cmake/cmake)
[0.427s] -- Found Python3: /usr/bin/python3 (found version "3.10.12") found components: Interpreter 
[0.462s] -- Override CMake install command with custom implementation using symlinks instead of copying resources
[0.512s] -- Found ament_lint_auto: 0.12.14 (/opt/ros/humble/share/ament_lint_auto/cmake)
[0.571s] -- Added test 'lint_cmake' to check CMake code style
[0.573s] -- Added test 'xmllint' to check XML markup files
[0.574s] -- Configuring done
[0.576s] -- Generating done
[0.577s] -- Build files have been written to: /home/martijn/teachbot/build/teachbot_description
[0.580s] Invoked command in '/home/martijn/teachbot/build/teachbot_description' returned '0': CMAKE_PREFIX_PATH=${CMAKE_PREFIX_PATH}:/home/martijn/interbotix_ws/install/interbotix_xs_modules:/home/martijn/interbotix_ws/install/interbotix_common_modules:/opt/ros/humble /usr/bin/cmake /home/martijn/teachbot/teachbot_description -DAMENT_CMAKE_SYMLINK_INSTALL=1 -DCMAKE_INSTALL_PREFIX=/home/martijn/teachbot/install/teachbot_description
[0.581s] Invoking command in '/home/martijn/teachbot/build/teachbot_description': CMAKE_PREFIX_PATH=${CMAKE_PREFIX_PATH}:/home/martijn/interbotix_ws/install/interbotix_xs_modules:/home/martijn/interbotix_ws/install/interbotix_common_modules:/opt/ros/humble /usr/bin/cmake --build /home/martijn/teachbot/build/teachbot_description -- -j16 -l16
[0.607s] Invoked command in '/home/martijn/teachbot/build/teachbot_description' returned '0': CMAKE_PREFIX_PATH=${CMAKE_PREFIX_PATH}:/home/martijn/interbotix_ws/install/interbotix_xs_modules:/home/martijn/interbotix_ws/install/interbotix_common_modules:/opt/ros/humble /usr/bin/cmake --build /home/martijn/teachbot/build/teachbot_description -- -j16 -l16
[0.613s] Invoking command in '/home/martijn/teachbot/build/teachbot_description': CMAKE_PREFIX_PATH=${CMAKE_PREFIX_PATH}:/home/martijn/interbotix_ws/install/interbotix_xs_modules:/home/martijn/interbotix_ws/install/interbotix_common_modules:/opt/ros/humble /usr/bin/cmake --install /home/martijn/teachbot/build/teachbot_description
[0.618s] -- Install configuration: ""
[0.618s] -- Execute custom install script
[0.618s] -- Symlinking: /home/martijn/teachbot/install/teachbot_description/share/teachbot_description/meshes/link_1.dae
[0.623s] -- Symlinking: /home/martijn/teachbot/install/teachbot_description/share/teachbot_description/meshes/link_2.dae
[0.629s] -- Symlinking: /home/martijn/teachbot/install/teachbot_description/share/teachbot_description/meshes/link_3.dae
[0.635s] -- Symlinking: /home/martijn/teachbot/install/teachbot_description/share/teachbot_description/meshes/link_4.dae
[0.641s] -- Symlinking: /home/martijn/teachbot/install/teachbot_description/share/teachbot_description/meshes/link_5.dae
[0.647s] -- Symlinking: /home/martijn/teachbot/install/teachbot_description/share/teachbot_description/meshes/link_6.dae
[0.653s] -- Symlinking: /home/martijn/teachbot/install/teachbot_description/share/teachbot_description/meshes/link_7.dae
[0.658s] -- Symlinking: /home/martijn/teachbot/install/teachbot_description/share/teachbot_description/meshes/link_8.dae
[0.664s] -- Symlinking: /home/martijn/teachbot/install/teachbot_description/share/teachbot_description/urdf/teachbot.urdf.xacro
[0.670s] -- Symlinking: /home/martijn/teachbot/install/teachbot_description/share/teachbot_description/urdf/teachbot.urdf.xacro.save
[0.676s] -- Symlinking: /home/martijn/teachbot/install/teachbot_description/share/ament_index/resource_index/package_run_dependencies/teachbot_description
[0.682s] -- Symlinking: /home/martijn/teachbot/install/teachbot_description/share/ament_index/resource_index/parent_prefix_path/teachbot_description
[0.687s] -- Symlinking: /home/martijn/teachbot/install/teachbot_description/share/teachbot_description/environment/ament_prefix_path.sh
[0.692s] -- Symlinking: /home/martijn/teachbot/install/teachbot_description/share/teachbot_description/environment/ament_prefix_path.dsv
[0.698s] -- Symlinking: /home/martijn/teachbot/install/teachbot_description/share/teachbot_description/environment/path.sh
[0.703s] -- Symlinking: /home/martijn/teachbot/install/teachbot_description/share/teachbot_description/environment/path.dsv
[0.709s] -- Symlinking: /home/martijn/teachbot/install/teachbot_description/share/teachbot_description/local_setup.bash
[0.715s] -- Symlinking: /home/martijn/teachbot/install/teachbot_description/share/teachbot_description/local_setup.sh
[0.721s] -- Symlinking: /home/martijn/teachbot/install/teachbot_description/share/teachbot_description/local_setup.zsh
[0.726s] -- Symlinking: /home/martijn/teachbot/install/teachbot_description/share/teachbot_description/local_setup.dsv
[0.732s] -- Symlinking: /home/martijn/teachbot/install/teachbot_description/share/teachbot_description/package.dsv
[0.738s] -- Symlinking: /home/martijn/teachbot/install/teachbot_description/share/ament_index/resource_index/packages/teachbot_description
[0.745s] -- Symlinking: /home/martijn/teachbot/install/teachbot_description/share/teachbot_description/cmake/teachbot_descriptionConfig.cmake
[0.751s] -- Symlinking: /home/martijn/teachbot/install/teachbot_description/share/teachbot_description/cmake/teachbot_descriptionConfig-version.cmake
[0.757s] -- Symlinking: /home/martijn/teachbot/install/teachbot_description/share/teachbot_description/package.xml
[0.765s] Invoked command in '/home/martijn/teachbot/build/teachbot_description' returned '0': CMAKE_PREFIX_PATH=${CMAKE_PREFIX_PATH}:/home/martijn/interbotix_ws/install/interbotix_xs_modules:/home/martijn/interbotix_ws/install/interbotix_common_modules:/opt/ros/humble /usr/bin/cmake --install /home/martijn/teachbot/build/teachbot_description
