Consolidate compiler generated dependencies of target teachbot_interfaces__rosidl_generator_c
[  2%] Built target teachbot_interfaces__cpp
[ 12%] Built target teachbot_interfaces__rosidl_generator_c
[ 12%] Built target ament_cmake_python_symlink_teachbot_interfaces
Consolidate compiler generated dependencies of target teachbot_interfaces__rosidl_typesupport_introspection_cpp
Consolidate compiler generated dependencies of target teachbot_interfaces__rosidl_typesupport_cpp
Consolidate compiler generated dependencies of target teachbot_interfaces__rosidl_typesupport_fastrtps_cpp
Consolidate compiler generated dependencies of target teachbot_interfaces__rosidl_typesupport_introspection_c
Consolidate compiler generated dependencies of target teachbot_interfaces__rosidl_typesupport_c
Consolidate compiler generated dependencies of target teachbot_interfaces__rosidl_typesupport_fastrtps_c
[ 41%] Built target teachbot_interfaces__rosidl_typesupport_introspection_c
[ 53%] Built target teachbot_interfaces__rosidl_typesupport_fastrtps_cpp
[ 53%] Built target teachbot_interfaces__rosidl_typesupport_cpp
[ 64%] Built target teachbot_interfaces__rosidl_typesupport_introspection_cpp
[ 53%] Built target teachbot_interfaces__rosidl_typesupport_c
[ 74%] Built target teachbot_interfaces__rosidl_typesupport_fastrtps_c
[ 74%] Built target teachbot_interfaces
[ 76%] Built target teachbot_interfaces__py
Consolidate compiler generated dependencies of target teachbot_interfaces__rosidl_generator_py
[ 84%] Built target teachbot_interfaces__rosidl_generator_py
Consolidate compiler generated dependencies of target teachbot_interfaces__rosidl_typesupport_introspection_c__pyext
Consolidate compiler generated dependencies of target teachbot_interfaces__rosidl_typesupport_c__pyext
Consolidate compiler generated dependencies of target teachbot_interfaces__rosidl_typesupport_fastrtps_c__pyext
[100%] Built target teachbot_interfaces__rosidl_typesupport_c__pyext
[100%] Built target teachbot_interfaces__rosidl_typesupport_introspection_c__pyext
[100%] Built target teachbot_interfaces__rosidl_typesupport_fastrtps_c__pyext
running egg_info
writing teachbot_interfaces.egg-info/PKG-INFO
writing dependency_links to teachbot_interfaces.egg-info/dependency_links.txt
writing top-level names to teachbot_interfaces.egg-info/top_level.txt
reading manifest file 'teachbot_interfaces.egg-info/SOURCES.txt'
writing manifest file 'teachbot_interfaces.egg-info/SOURCES.txt'
[100%] Built target ament_cmake_python_build_teachbot_interfaces_egg
-- Install configuration: ""
-- Execute custom install script
-- Up-to-date symlink: /home/martijn/teachbot/install/teachbot_interfaces/share/ament_index/resource_index/rosidl_interfaces/teachbot_interfaces
-- Up-to-date symlink: /home/martijn/teachbot/install/teachbot_interfaces/include/teachbot_interfaces/teachbot_interfaces/msg/detail/teachbot_pistol_state__functions.h
-- Up-to-date symlink: /home/martijn/teachbot/install/teachbot_interfaces/include/teachbot_interfaces/teachbot_interfaces/msg/detail/teachbot_pistol_state__struct.h
-- Up-to-date symlink: /home/martijn/teachbot/install/teachbot_interfaces/include/teachbot_interfaces/teachbot_interfaces/msg/detail/teachbot_pistol_state__type_support.h
-- Up-to-date symlink: /home/martijn/teachbot/install/teachbot_interfaces/include/teachbot_interfaces/teachbot_interfaces/msg/detail/teachbot_state__functions.h
-- Up-to-date symlink: /home/martijn/teachbot/install/teachbot_interfaces/include/teachbot_interfaces/teachbot_interfaces/msg/detail/teachbot_state__struct.h
-- Up-to-date symlink: /home/martijn/teachbot/install/teachbot_interfaces/include/teachbot_interfaces/teachbot_interfaces/msg/detail/teachbot_state__type_support.h
-- Up-to-date symlink: /home/martijn/teachbot/install/teachbot_interfaces/include/teachbot_interfaces/teachbot_interfaces/msg/rosidl_generator_c__visibility_control.h
-- Up-to-date symlink: /home/martijn/teachbot/install/teachbot_interfaces/include/teachbot_interfaces/teachbot_interfaces/msg/teachbot_pistol_state.h
-- Up-to-date symlink: /home/martijn/teachbot/install/teachbot_interfaces/include/teachbot_interfaces/teachbot_interfaces/msg/teachbot_state.h
-- Up-to-date symlink: /home/martijn/teachbot/install/teachbot_interfaces/share/teachbot_interfaces/environment/library_path.sh
-- Up-to-date symlink: /home/martijn/teachbot/install/teachbot_interfaces/share/teachbot_interfaces/environment/library_path.dsv
-- Up-to-date symlink: /home/martijn/teachbot/install/teachbot_interfaces/include/teachbot_interfaces/teachbot_interfaces/msg/detail/teachbot_pistol_state__rosidl_typesupport_fastrtps_c.h
-- Up-to-date symlink: /home/martijn/teachbot/install/teachbot_interfaces/include/teachbot_interfaces/teachbot_interfaces/msg/detail/teachbot_state__rosidl_typesupport_fastrtps_c.h
-- Up-to-date symlink: /home/martijn/teachbot/install/teachbot_interfaces/include/teachbot_interfaces/teachbot_interfaces/msg/rosidl_typesupport_fastrtps_c__visibility_control.h
-- Up-to-date symlink: /home/martijn/teachbot/install/teachbot_interfaces/include/teachbot_interfaces/teachbot_interfaces/msg/detail/teachbot_pistol_state__builder.hpp
-- Up-to-date symlink: /home/martijn/teachbot/install/teachbot_interfaces/include/teachbot_interfaces/teachbot_interfaces/msg/detail/teachbot_pistol_state__struct.hpp
-- Up-to-date symlink: /home/martijn/teachbot/install/teachbot_interfaces/include/teachbot_interfaces/teachbot_interfaces/msg/detail/teachbot_pistol_state__traits.hpp
-- Up-to-date symlink: /home/martijn/teachbot/install/teachbot_interfaces/include/teachbot_interfaces/teachbot_interfaces/msg/detail/teachbot_pistol_state__type_support.hpp
-- Up-to-date symlink: /home/martijn/teachbot/install/teachbot_interfaces/include/teachbot_interfaces/teachbot_interfaces/msg/detail/teachbot_state__builder.hpp
-- Up-to-date symlink: /home/martijn/teachbot/install/teachbot_interfaces/include/teachbot_interfaces/teachbot_interfaces/msg/detail/teachbot_state__struct.hpp
-- Up-to-date symlink: /home/martijn/teachbot/install/teachbot_interfaces/include/teachbot_interfaces/teachbot_interfaces/msg/detail/teachbot_state__traits.hpp
-- Up-to-date symlink: /home/martijn/teachbot/install/teachbot_interfaces/include/teachbot_interfaces/teachbot_interfaces/msg/detail/teachbot_state__type_support.hpp
-- Up-to-date symlink: /home/martijn/teachbot/install/teachbot_interfaces/include/teachbot_interfaces/teachbot_interfaces/msg/rosidl_generator_cpp__visibility_control.hpp
-- Up-to-date symlink: /home/martijn/teachbot/install/teachbot_interfaces/include/teachbot_interfaces/teachbot_interfaces/msg/teachbot_pistol_state.hpp
-- Up-to-date symlink: /home/martijn/teachbot/install/teachbot_interfaces/include/teachbot_interfaces/teachbot_interfaces/msg/teachbot_state.hpp
-- Up-to-date symlink: /home/martijn/teachbot/install/teachbot_interfaces/include/teachbot_interfaces/teachbot_interfaces/msg/detail/teachbot_pistol_state__rosidl_typesupport_fastrtps_cpp.hpp
-- Up-to-date symlink: /home/martijn/teachbot/install/teachbot_interfaces/include/teachbot_interfaces/teachbot_interfaces/msg/detail/teachbot_state__rosidl_typesupport_fastrtps_cpp.hpp
-- Up-to-date symlink: /home/martijn/teachbot/install/teachbot_interfaces/include/teachbot_interfaces/teachbot_interfaces/msg/rosidl_typesupport_fastrtps_cpp__visibility_control.h
-- Up-to-date symlink: /home/martijn/teachbot/install/teachbot_interfaces/include/teachbot_interfaces/teachbot_interfaces/msg/detail/teachbot_pistol_state__rosidl_typesupport_introspection_c.h
-- Up-to-date symlink: /home/martijn/teachbot/install/teachbot_interfaces/include/teachbot_interfaces/teachbot_interfaces/msg/detail/teachbot_state__rosidl_typesupport_introspection_c.h
-- Up-to-date symlink: /home/martijn/teachbot/install/teachbot_interfaces/include/teachbot_interfaces/teachbot_interfaces/msg/rosidl_typesupport_introspection_c__visibility_control.h
-- Up-to-date symlink: /home/martijn/teachbot/install/teachbot_interfaces/include/teachbot_interfaces/teachbot_interfaces/msg/detail/teachbot_pistol_state__rosidl_typesupport_introspection_cpp.hpp
-- Up-to-date symlink: /home/martijn/teachbot/install/teachbot_interfaces/include/teachbot_interfaces/teachbot_interfaces/msg/detail/teachbot_state__rosidl_typesupport_introspection_cpp.hpp
-- Up-to-date symlink: /home/martijn/teachbot/install/teachbot_interfaces/share/teachbot_interfaces/environment/pythonpath.sh
-- Up-to-date symlink: /home/martijn/teachbot/install/teachbot_interfaces/share/teachbot_interfaces/environment/pythonpath.dsv
-- Up-to-date symlink: /home/martijn/teachbot/install/teachbot_interfaces/local/lib/python3.10/dist-packages/teachbot_interfaces-0.0.1-py3.10.egg-info/PKG-INFO
-- Up-to-date symlink: /home/martijn/teachbot/install/teachbot_interfaces/local/lib/python3.10/dist-packages/teachbot_interfaces-0.0.1-py3.10.egg-info/SOURCES.txt
-- Up-to-date symlink: /home/martijn/teachbot/install/teachbot_interfaces/local/lib/python3.10/dist-packages/teachbot_interfaces-0.0.1-py3.10.egg-info/dependency_links.txt
-- Up-to-date symlink: /home/martijn/teachbot/install/teachbot_interfaces/local/lib/python3.10/dist-packages/teachbot_interfaces-0.0.1-py3.10.egg-info/top_level.txt
-- Up-to-date symlink: /home/martijn/teachbot/install/teachbot_interfaces/local/lib/python3.10/dist-packages/teachbot_interfaces/__init__.py
-- Up-to-date symlink: /home/martijn/teachbot/install/teachbot_interfaces/local/lib/python3.10/dist-packages/teachbot_interfaces/_teachbot_interfaces_s.ep.rosidl_typesupport_c.c
-- Up-to-date symlink: /home/martijn/teachbot/install/teachbot_interfaces/local/lib/python3.10/dist-packages/teachbot_interfaces/_teachbot_interfaces_s.ep.rosidl_typesupport_fastrtps_c.c
-- Up-to-date symlink: /home/martijn/teachbot/install/teachbot_interfaces/local/lib/python3.10/dist-packages/teachbot_interfaces/_teachbot_interfaces_s.ep.rosidl_typesupport_introspection_c.c
-- Up-to-date symlink: /home/martijn/teachbot/install/teachbot_interfaces/local/lib/python3.10/dist-packages/teachbot_interfaces/libteachbot_interfaces__rosidl_generator_py.so
-- Up-to-date symlink: /home/martijn/teachbot/install/teachbot_interfaces/local/lib/python3.10/dist-packages/teachbot_interfaces/msg/__init__.py
-- Up-to-date symlink: /home/martijn/teachbot/install/teachbot_interfaces/local/lib/python3.10/dist-packages/teachbot_interfaces/msg/_teachbot_pistol_state.py
-- Up-to-date symlink: /home/martijn/teachbot/install/teachbot_interfaces/local/lib/python3.10/dist-packages/teachbot_interfaces/msg/_teachbot_pistol_state_s.c
-- Up-to-date symlink: /home/martijn/teachbot/install/teachbot_interfaces/local/lib/python3.10/dist-packages/teachbot_interfaces/msg/_teachbot_state.py
-- Up-to-date symlink: /home/martijn/teachbot/install/teachbot_interfaces/local/lib/python3.10/dist-packages/teachbot_interfaces/msg/_teachbot_state_s.c
-- Up-to-date symlink: /home/martijn/teachbot/install/teachbot_interfaces/local/lib/python3.10/dist-packages/teachbot_interfaces/teachbot_interfaces_s__rosidl_typesupport_c.cpython-310-x86_64-linux-gnu.so
-- Up-to-date symlink: /home/martijn/teachbot/install/teachbot_interfaces/local/lib/python3.10/dist-packages/teachbot_interfaces/teachbot_interfaces_s__rosidl_typesupport_fastrtps_c.cpython-310-x86_64-linux-gnu.so
-- Up-to-date symlink: /home/martijn/teachbot/install/teachbot_interfaces/local/lib/python3.10/dist-packages/teachbot_interfaces/teachbot_interfaces_s__rosidl_typesupport_introspection_c.cpython-310-x86_64-linux-gnu.so
-- Up-to-date symlink: /home/martijn/teachbot/install/teachbot_interfaces/local/lib/python3.10/dist-packages/teachbot_interfaces/teachbot_interfaces_s__rosidl_typesupport_fastrtps_c.cpython-310-x86_64-linux-gnu.so
-- Up-to-date symlink: /home/martijn/teachbot/install/teachbot_interfaces/local/lib/python3.10/dist-packages/teachbot_interfaces/teachbot_interfaces_s__rosidl_typesupport_introspection_c.cpython-310-x86_64-linux-gnu.so
-- Up-to-date symlink: /home/martijn/teachbot/install/teachbot_interfaces/local/lib/python3.10/dist-packages/teachbot_interfaces/teachbot_interfaces_s__rosidl_typesupport_c.cpython-310-x86_64-linux-gnu.so
-- Up-to-date symlink: /home/martijn/teachbot/install/teachbot_interfaces/share/teachbot_interfaces/msg/TeachbotPistolState.idl
-- Up-to-date symlink: /home/martijn/teachbot/install/teachbot_interfaces/share/teachbot_interfaces/msg/TeachbotState.idl
-- Up-to-date symlink: /home/martijn/teachbot/install/teachbot_interfaces/share/teachbot_interfaces/msg/TeachbotPistolState.msg
-- Up-to-date symlink: /home/martijn/teachbot/install/teachbot_interfaces/share/teachbot_interfaces/msg/TeachbotState.msg
-- Up-to-date symlink: /home/martijn/teachbot/install/teachbot_interfaces/share/ament_index/resource_index/package_run_dependencies/teachbot_interfaces
-- Up-to-date symlink: /home/martijn/teachbot/install/teachbot_interfaces/share/ament_index/resource_index/parent_prefix_path/teachbot_interfaces
-- Up-to-date symlink: /home/martijn/teachbot/install/teachbot_interfaces/share/teachbot_interfaces/environment/ament_prefix_path.sh
-- Up-to-date symlink: /home/martijn/teachbot/install/teachbot_interfaces/share/teachbot_interfaces/environment/ament_prefix_path.dsv
-- Up-to-date symlink: /home/martijn/teachbot/install/teachbot_interfaces/share/teachbot_interfaces/environment/path.sh
-- Up-to-date symlink: /home/martijn/teachbot/install/teachbot_interfaces/share/teachbot_interfaces/environment/path.dsv
-- Up-to-date symlink: /home/martijn/teachbot/install/teachbot_interfaces/share/teachbot_interfaces/local_setup.bash
-- Up-to-date symlink: /home/martijn/teachbot/install/teachbot_interfaces/share/teachbot_interfaces/local_setup.sh
-- Up-to-date symlink: /home/martijn/teachbot/install/teachbot_interfaces/share/teachbot_interfaces/local_setup.zsh
-- Up-to-date symlink: /home/martijn/teachbot/install/teachbot_interfaces/share/teachbot_interfaces/local_setup.dsv
-- Symlinking: /home/martijn/teachbot/install/teachbot_interfaces/share/teachbot_interfaces/package.dsv
-- Up-to-date symlink: /home/martijn/teachbot/install/teachbot_interfaces/share/ament_index/resource_index/packages/teachbot_interfaces
-- Up-to-date symlink: /home/martijn/teachbot/install/teachbot_interfaces/share/teachbot_interfaces/cmake/rosidl_cmake-extras.cmake
-- Up-to-date symlink: /home/martijn/teachbot/install/teachbot_interfaces/share/teachbot_interfaces/cmake/ament_cmake_export_dependencies-extras.cmake
-- Up-to-date symlink: /home/martijn/teachbot/install/teachbot_interfaces/share/teachbot_interfaces/cmake/ament_cmake_export_include_directories-extras.cmake
-- Up-to-date symlink: /home/martijn/teachbot/install/teachbot_interfaces/share/teachbot_interfaces/cmake/ament_cmake_export_libraries-extras.cmake
-- Up-to-date symlink: /home/martijn/teachbot/install/teachbot_interfaces/share/teachbot_interfaces/cmake/ament_cmake_export_targets-extras.cmake
-- Up-to-date symlink: /home/martijn/teachbot/install/teachbot_interfaces/share/teachbot_interfaces/cmake/rosidl_cmake_export_typesupport_targets-extras.cmake
-- Up-to-date symlink: /home/martijn/teachbot/install/teachbot_interfaces/share/teachbot_interfaces/cmake/rosidl_cmake_export_typesupport_libraries-extras.cmake
-- Up-to-date symlink: /home/martijn/teachbot/install/teachbot_interfaces/share/teachbot_interfaces/cmake/teachbot_interfacesConfig.cmake
-- Up-to-date symlink: /home/martijn/teachbot/install/teachbot_interfaces/share/teachbot_interfaces/cmake/teachbot_interfacesConfig-version.cmake
-- Up-to-date symlink: /home/martijn/teachbot/install/teachbot_interfaces/share/teachbot_interfaces/package.xml
-- Up-to-date: /home/martijn/teachbot/install/teachbot_interfaces/lib/libteachbot_interfaces__rosidl_generator_c.so
-- Up-to-date: /home/martijn/teachbot/install/teachbot_interfaces/lib/libteachbot_interfaces__rosidl_typesupport_fastrtps_c.so
-- Up-to-date: /home/martijn/teachbot/install/teachbot_interfaces/lib/libteachbot_interfaces__rosidl_typesupport_fastrtps_cpp.so
-- Up-to-date: /home/martijn/teachbot/install/teachbot_interfaces/lib/libteachbot_interfaces__rosidl_typesupport_introspection_c.so
-- Up-to-date: /home/martijn/teachbot/install/teachbot_interfaces/lib/libteachbot_interfaces__rosidl_typesupport_c.so
-- Up-to-date: /home/martijn/teachbot/install/teachbot_interfaces/lib/libteachbot_interfaces__rosidl_typesupport_introspection_cpp.so
-- Up-to-date: /home/martijn/teachbot/install/teachbot_interfaces/lib/libteachbot_interfaces__rosidl_typesupport_cpp.so
Listing '/home/martijn/teachbot/install/teachbot_interfaces/local/lib/python3.10/dist-packages/teachbot_interfaces'...
Listing '/home/martijn/teachbot/install/teachbot_interfaces/local/lib/python3.10/dist-packages/teachbot_interfaces/msg'...
-- Up-to-date: /home/martijn/teachbot/install/teachbot_interfaces/lib/libteachbot_interfaces__rosidl_generator_py.so
-- Up-to-date: /home/martijn/teachbot/install/teachbot_interfaces/share/teachbot_interfaces/cmake/export_teachbot_interfaces__rosidl_generator_cExport.cmake
-- Up-to-date: /home/martijn/teachbot/install/teachbot_interfaces/share/teachbot_interfaces/cmake/export_teachbot_interfaces__rosidl_generator_cExport-noconfig.cmake
-- Up-to-date: /home/martijn/teachbot/install/teachbot_interfaces/share/teachbot_interfaces/cmake/export_teachbot_interfaces__rosidl_typesupport_fastrtps_cExport.cmake
-- Up-to-date: /home/martijn/teachbot/install/teachbot_interfaces/share/teachbot_interfaces/cmake/export_teachbot_interfaces__rosidl_typesupport_fastrtps_cExport-noconfig.cmake
-- Up-to-date: /home/martijn/teachbot/install/teachbot_interfaces/share/teachbot_interfaces/cmake/export_teachbot_interfaces__rosidl_generator_cppExport.cmake
-- Up-to-date: /home/martijn/teachbot/install/teachbot_interfaces/share/teachbot_interfaces/cmake/export_teachbot_interfaces__rosidl_typesupport_fastrtps_cppExport.cmake
-- Up-to-date: /home/martijn/teachbot/install/teachbot_interfaces/share/teachbot_interfaces/cmake/export_teachbot_interfaces__rosidl_typesupport_fastrtps_cppExport-noconfig.cmake
-- Up-to-date: /home/martijn/teachbot/install/teachbot_interfaces/share/teachbot_interfaces/cmake/teachbot_interfaces__rosidl_typesupport_introspection_cExport.cmake
-- Up-to-date: /home/martijn/teachbot/install/teachbot_interfaces/share/teachbot_interfaces/cmake/teachbot_interfaces__rosidl_typesupport_introspection_cExport-noconfig.cmake
-- Up-to-date: /home/martijn/teachbot/install/teachbot_interfaces/share/teachbot_interfaces/cmake/teachbot_interfaces__rosidl_typesupport_cExport.cmake
-- Up-to-date: /home/martijn/teachbot/install/teachbot_interfaces/share/teachbot_interfaces/cmake/teachbot_interfaces__rosidl_typesupport_cExport-noconfig.cmake
-- Up-to-date: /home/martijn/teachbot/install/teachbot_interfaces/share/teachbot_interfaces/cmake/teachbot_interfaces__rosidl_typesupport_introspection_cppExport.cmake
-- Up-to-date: /home/martijn/teachbot/install/teachbot_interfaces/share/teachbot_interfaces/cmake/teachbot_interfaces__rosidl_typesupport_introspection_cppExport-noconfig.cmake
-- Up-to-date: /home/martijn/teachbot/install/teachbot_interfaces/share/teachbot_interfaces/cmake/teachbot_interfaces__rosidl_typesupport_cppExport.cmake
-- Up-to-date: /home/martijn/teachbot/install/teachbot_interfaces/share/teachbot_interfaces/cmake/teachbot_interfaces__rosidl_typesupport_cppExport-noconfig.cmake
-- Up-to-date: /home/martijn/teachbot/install/teachbot_interfaces/share/teachbot_interfaces/cmake/export_teachbot_interfaces__rosidl_generator_pyExport.cmake
-- Up-to-date: /home/martijn/teachbot/install/teachbot_interfaces/share/teachbot_interfaces/cmake/export_teachbot_interfaces__rosidl_generator_pyExport-noconfig.cmake
