[0.014s] Invoking command in '/home/martijn/teachbot/build/teachbot_interfaces': CMAKE_PREFIX_PATH=${CMAKE_PREFIX_PATH}:/home/martijn/interbotix_ws/install/interbotix_xs_modules:/home/martijn/interbotix_ws/install/interbotix_common_modules:/opt/ros/humble /usr/bin/cmake --build /home/martijn/teachbot/build/teachbot_interfaces -- -j16 -l16
[0.148s] Consolidate compiler generated dependencies of target teachbot_interfaces__rosidl_generator_c
[0.149s] [  2%] Built target teachbot_interfaces__cpp
[0.149s] [ 12%] Built target teachbot_interfaces__rosidl_generator_c
[0.149s] [ 12%] Built target ament_cmake_python_symlink_teachbot_interfaces
[0.149s] Consolidate compiler generated dependencies of target teachbot_interfaces__rosidl_typesupport_introspection_cpp
[0.149s] Consolidate compiler generated dependencies of target teachbot_interfaces__rosidl_typesupport_cpp
[0.149s] Consolidate compiler generated dependencies of target teachbot_interfaces__rosidl_typesupport_fastrtps_cpp
[0.149s] Consolidate compiler generated dependencies of target teachbot_interfaces__rosidl_typesupport_introspection_c
[0.149s] Consolidate compiler generated dependencies of target teachbot_interfaces__rosidl_typesupport_c
[0.149s] Consolidate compiler generated dependencies of target teachbot_interfaces__rosidl_typesupport_fastrtps_c
[0.149s] [ 41%] Built target teachbot_interfaces__rosidl_typesupport_introspection_c
[0.149s] [ 53%] Built target teachbot_interfaces__rosidl_typesupport_fastrtps_cpp
[0.149s] [ 53%] Built target teachbot_interfaces__rosidl_typesupport_cpp
[0.149s] [ 64%] Built target teachbot_interfaces__rosidl_typesupport_introspection_cpp
[0.149s] [ 53%] Built target teachbot_interfaces__rosidl_typesupport_c
[0.149s] [ 74%] Built target teachbot_interfaces__rosidl_typesupport_fastrtps_c
[0.149s] [ 74%] Built target teachbot_interfaces
[0.149s] [ 76%] Built target teachbot_interfaces__py
[0.149s] Consolidate compiler generated dependencies of target teachbot_interfaces__rosidl_generator_py
[0.149s] [ 84%] Built target teachbot_interfaces__rosidl_generator_py
[0.150s] Consolidate compiler generated dependencies of target teachbot_interfaces__rosidl_typesupport_introspection_c__pyext
[0.150s] Consolidate compiler generated dependencies of target teachbot_interfaces__rosidl_typesupport_c__pyext
[0.150s] Consolidate compiler generated dependencies of target teachbot_interfaces__rosidl_typesupport_fastrtps_c__pyext
[0.150s] [100%] Built target teachbot_interfaces__rosidl_typesupport_c__pyext
[0.150s] [100%] Built target teachbot_interfaces__rosidl_typesupport_introspection_c__pyext
[0.150s] [100%] Built target teachbot_interfaces__rosidl_typesupport_fastrtps_c__pyext
[0.290s] running egg_info
[0.291s] writing teachbot_interfaces.egg-info/PKG-INFO
[0.291s] writing dependency_links to teachbot_interfaces.egg-info/dependency_links.txt
[0.291s] writing top-level names to teachbot_interfaces.egg-info/top_level.txt
[0.291s] reading manifest file 'teachbot_interfaces.egg-info/SOURCES.txt'
[0.291s] writing manifest file 'teachbot_interfaces.egg-info/SOURCES.txt'
[0.291s] [100%] Built target ament_cmake_python_build_teachbot_interfaces_egg
[0.291s] Invoked command in '/home/martijn/teachbot/build/teachbot_interfaces' returned '0': CMAKE_PREFIX_PATH=${CMAKE_PREFIX_PATH}:/home/martijn/interbotix_ws/install/interbotix_xs_modules:/home/martijn/interbotix_ws/install/interbotix_common_modules:/opt/ros/humble /usr/bin/cmake --build /home/martijn/teachbot/build/teachbot_interfaces -- -j16 -l16
[0.292s] Invoking command in '/home/martijn/teachbot/build/teachbot_interfaces': CMAKE_PREFIX_PATH=${CMAKE_PREFIX_PATH}:/home/martijn/interbotix_ws/install/interbotix_xs_modules:/home/martijn/interbotix_ws/install/interbotix_common_modules:/opt/ros/humble /usr/bin/cmake --install /home/martijn/teachbot/build/teachbot_interfaces
[0.297s] -- Install configuration: ""
[0.297s] -- Execute custom install script
[0.297s] -- Up-to-date symlink: /home/martijn/teachbot/install/teachbot_interfaces/share/ament_index/resource_index/rosidl_interfaces/teachbot_interfaces
[0.298s] -- Up-to-date symlink: /home/martijn/teachbot/install/teachbot_interfaces/include/teachbot_interfaces/teachbot_interfaces/msg/detail/teachbot_pistol_state__functions.h
[0.298s] -- Up-to-date symlink: /home/martijn/teachbot/install/teachbot_interfaces/include/teachbot_interfaces/teachbot_interfaces/msg/detail/teachbot_pistol_state__struct.h
[0.298s] -- Up-to-date symlink: /home/martijn/teachbot/install/teachbot_interfaces/include/teachbot_interfaces/teachbot_interfaces/msg/detail/teachbot_pistol_state__type_support.h
[0.298s] -- Up-to-date symlink: /home/martijn/teachbot/install/teachbot_interfaces/include/teachbot_interfaces/teachbot_interfaces/msg/detail/teachbot_state__functions.h
[0.298s] -- Up-to-date symlink: /home/martijn/teachbot/install/teachbot_interfaces/include/teachbot_interfaces/teachbot_interfaces/msg/detail/teachbot_state__struct.h
[0.298s] -- Up-to-date symlink: /home/martijn/teachbot/install/teachbot_interfaces/include/teachbot_interfaces/teachbot_interfaces/msg/detail/teachbot_state__type_support.h
[0.298s] -- Up-to-date symlink: /home/martijn/teachbot/install/teachbot_interfaces/include/teachbot_interfaces/teachbot_interfaces/msg/rosidl_generator_c__visibility_control.h
[0.298s] -- Up-to-date symlink: /home/martijn/teachbot/install/teachbot_interfaces/include/teachbot_interfaces/teachbot_interfaces/msg/teachbot_pistol_state.h
[0.298s] -- Up-to-date symlink: /home/martijn/teachbot/install/teachbot_interfaces/include/teachbot_interfaces/teachbot_interfaces/msg/teachbot_state.h
[0.298s] -- Up-to-date symlink: /home/martijn/teachbot/install/teachbot_interfaces/share/teachbot_interfaces/environment/library_path.sh
[0.298s] -- Up-to-date symlink: /home/martijn/teachbot/install/teachbot_interfaces/share/teachbot_interfaces/environment/library_path.dsv
[0.299s] -- Up-to-date symlink: /home/martijn/teachbot/install/teachbot_interfaces/include/teachbot_interfaces/teachbot_interfaces/msg/detail/teachbot_pistol_state__rosidl_typesupport_fastrtps_c.h
[0.299s] -- Up-to-date symlink: /home/martijn/teachbot/install/teachbot_interfaces/include/teachbot_interfaces/teachbot_interfaces/msg/detail/teachbot_state__rosidl_typesupport_fastrtps_c.h
[0.299s] -- Up-to-date symlink: /home/martijn/teachbot/install/teachbot_interfaces/include/teachbot_interfaces/teachbot_interfaces/msg/rosidl_typesupport_fastrtps_c__visibility_control.h
[0.299s] -- Up-to-date symlink: /home/martijn/teachbot/install/teachbot_interfaces/include/teachbot_interfaces/teachbot_interfaces/msg/detail/teachbot_pistol_state__builder.hpp
[0.299s] -- Up-to-date symlink: /home/martijn/teachbot/install/teachbot_interfaces/include/teachbot_interfaces/teachbot_interfaces/msg/detail/teachbot_pistol_state__struct.hpp
[0.299s] -- Up-to-date symlink: /home/martijn/teachbot/install/teachbot_interfaces/include/teachbot_interfaces/teachbot_interfaces/msg/detail/teachbot_pistol_state__traits.hpp
[0.299s] -- Up-to-date symlink: /home/martijn/teachbot/install/teachbot_interfaces/include/teachbot_interfaces/teachbot_interfaces/msg/detail/teachbot_pistol_state__type_support.hpp
[0.299s] -- Up-to-date symlink: /home/martijn/teachbot/install/teachbot_interfaces/include/teachbot_interfaces/teachbot_interfaces/msg/detail/teachbot_state__builder.hpp
[0.299s] -- Up-to-date symlink: /home/martijn/teachbot/install/teachbot_interfaces/include/teachbot_interfaces/teachbot_interfaces/msg/detail/teachbot_state__struct.hpp
[0.299s] -- Up-to-date symlink: /home/martijn/teachbot/install/teachbot_interfaces/include/teachbot_interfaces/teachbot_interfaces/msg/detail/teachbot_state__traits.hpp
[0.299s] -- Up-to-date symlink: /home/martijn/teachbot/install/teachbot_interfaces/include/teachbot_interfaces/teachbot_interfaces/msg/detail/teachbot_state__type_support.hpp
[0.300s] -- Up-to-date symlink: /home/martijn/teachbot/install/teachbot_interfaces/include/teachbot_interfaces/teachbot_interfaces/msg/rosidl_generator_cpp__visibility_control.hpp
[0.300s] -- Up-to-date symlink: /home/martijn/teachbot/install/teachbot_interfaces/include/teachbot_interfaces/teachbot_interfaces/msg/teachbot_pistol_state.hpp
[0.300s] -- Up-to-date symlink: /home/martijn/teachbot/install/teachbot_interfaces/include/teachbot_interfaces/teachbot_interfaces/msg/teachbot_state.hpp
[0.300s] -- Up-to-date symlink: /home/martijn/teachbot/install/teachbot_interfaces/include/teachbot_interfaces/teachbot_interfaces/msg/detail/teachbot_pistol_state__rosidl_typesupport_fastrtps_cpp.hpp
[0.300s] -- Up-to-date symlink: /home/martijn/teachbot/install/teachbot_interfaces/include/teachbot_interfaces/teachbot_interfaces/msg/detail/teachbot_state__rosidl_typesupport_fastrtps_cpp.hpp
[0.300s] -- Up-to-date symlink: /home/martijn/teachbot/install/teachbot_interfaces/include/teachbot_interfaces/teachbot_interfaces/msg/rosidl_typesupport_fastrtps_cpp__visibility_control.h
[0.300s] -- Up-to-date symlink: /home/martijn/teachbot/install/teachbot_interfaces/include/teachbot_interfaces/teachbot_interfaces/msg/detail/teachbot_pistol_state__rosidl_typesupport_introspection_c.h
[0.300s] -- Up-to-date symlink: /home/martijn/teachbot/install/teachbot_interfaces/include/teachbot_interfaces/teachbot_interfaces/msg/detail/teachbot_state__rosidl_typesupport_introspection_c.h
[0.300s] -- Up-to-date symlink: /home/martijn/teachbot/install/teachbot_interfaces/include/teachbot_interfaces/teachbot_interfaces/msg/rosidl_typesupport_introspection_c__visibility_control.h
[0.301s] -- Up-to-date symlink: /home/martijn/teachbot/install/teachbot_interfaces/include/teachbot_interfaces/teachbot_interfaces/msg/detail/teachbot_pistol_state__rosidl_typesupport_introspection_cpp.hpp
[0.301s] -- Up-to-date symlink: /home/martijn/teachbot/install/teachbot_interfaces/include/teachbot_interfaces/teachbot_interfaces/msg/detail/teachbot_state__rosidl_typesupport_introspection_cpp.hpp
[0.301s] -- Up-to-date symlink: /home/martijn/teachbot/install/teachbot_interfaces/share/teachbot_interfaces/environment/pythonpath.sh
[0.301s] -- Up-to-date symlink: /home/martijn/teachbot/install/teachbot_interfaces/share/teachbot_interfaces/environment/pythonpath.dsv
[0.301s] -- Up-to-date symlink: /home/martijn/teachbot/install/teachbot_interfaces/local/lib/python3.10/dist-packages/teachbot_interfaces-0.0.1-py3.10.egg-info/PKG-INFO
[0.301s] -- Up-to-date symlink: /home/martijn/teachbot/install/teachbot_interfaces/local/lib/python3.10/dist-packages/teachbot_interfaces-0.0.1-py3.10.egg-info/SOURCES.txt
[0.301s] -- Up-to-date symlink: /home/martijn/teachbot/install/teachbot_interfaces/local/lib/python3.10/dist-packages/teachbot_interfaces-0.0.1-py3.10.egg-info/dependency_links.txt
[0.301s] -- Up-to-date symlink: /home/martijn/teachbot/install/teachbot_interfaces/local/lib/python3.10/dist-packages/teachbot_interfaces-0.0.1-py3.10.egg-info/top_level.txt
[0.301s] -- Up-to-date symlink: /home/martijn/teachbot/install/teachbot_interfaces/local/lib/python3.10/dist-packages/teachbot_interfaces/__init__.py
[0.301s] -- Up-to-date symlink: /home/martijn/teachbot/install/teachbot_interfaces/local/lib/python3.10/dist-packages/teachbot_interfaces/_teachbot_interfaces_s.ep.rosidl_typesupport_c.c
[0.302s] -- Up-to-date symlink: /home/martijn/teachbot/install/teachbot_interfaces/local/lib/python3.10/dist-packages/teachbot_interfaces/_teachbot_interfaces_s.ep.rosidl_typesupport_fastrtps_c.c
[0.302s] -- Up-to-date symlink: /home/martijn/teachbot/install/teachbot_interfaces/local/lib/python3.10/dist-packages/teachbot_interfaces/_teachbot_interfaces_s.ep.rosidl_typesupport_introspection_c.c
[0.302s] -- Up-to-date symlink: /home/martijn/teachbot/install/teachbot_interfaces/local/lib/python3.10/dist-packages/teachbot_interfaces/libteachbot_interfaces__rosidl_generator_py.so
[0.302s] -- Up-to-date symlink: /home/martijn/teachbot/install/teachbot_interfaces/local/lib/python3.10/dist-packages/teachbot_interfaces/msg/__init__.py
[0.302s] -- Up-to-date symlink: /home/martijn/teachbot/install/teachbot_interfaces/local/lib/python3.10/dist-packages/teachbot_interfaces/msg/_teachbot_pistol_state.py
[0.302s] -- Up-to-date symlink: /home/martijn/teachbot/install/teachbot_interfaces/local/lib/python3.10/dist-packages/teachbot_interfaces/msg/_teachbot_pistol_state_s.c
[0.302s] -- Up-to-date symlink: /home/martijn/teachbot/install/teachbot_interfaces/local/lib/python3.10/dist-packages/teachbot_interfaces/msg/_teachbot_state.py
[0.302s] -- Up-to-date symlink: /home/martijn/teachbot/install/teachbot_interfaces/local/lib/python3.10/dist-packages/teachbot_interfaces/msg/_teachbot_state_s.c
[0.302s] -- Up-to-date symlink: /home/martijn/teachbot/install/teachbot_interfaces/local/lib/python3.10/dist-packages/teachbot_interfaces/teachbot_interfaces_s__rosidl_typesupport_c.cpython-310-x86_64-linux-gnu.so
[0.302s] -- Up-to-date symlink: /home/martijn/teachbot/install/teachbot_interfaces/local/lib/python3.10/dist-packages/teachbot_interfaces/teachbot_interfaces_s__rosidl_typesupport_fastrtps_c.cpython-310-x86_64-linux-gnu.so
[0.302s] -- Up-to-date symlink: /home/martijn/teachbot/install/teachbot_interfaces/local/lib/python3.10/dist-packages/teachbot_interfaces/teachbot_interfaces_s__rosidl_typesupport_introspection_c.cpython-310-x86_64-linux-gnu.so
[0.302s] -- Up-to-date symlink: /home/martijn/teachbot/install/teachbot_interfaces/local/lib/python3.10/dist-packages/teachbot_interfaces/teachbot_interfaces_s__rosidl_typesupport_fastrtps_c.cpython-310-x86_64-linux-gnu.so
[0.302s] -- Up-to-date symlink: /home/martijn/teachbot/install/teachbot_interfaces/local/lib/python3.10/dist-packages/teachbot_interfaces/teachbot_interfaces_s__rosidl_typesupport_introspection_c.cpython-310-x86_64-linux-gnu.so
[0.302s] -- Up-to-date symlink: /home/martijn/teachbot/install/teachbot_interfaces/local/lib/python3.10/dist-packages/teachbot_interfaces/teachbot_interfaces_s__rosidl_typesupport_c.cpython-310-x86_64-linux-gnu.so
[0.303s] -- Up-to-date symlink: /home/martijn/teachbot/install/teachbot_interfaces/share/teachbot_interfaces/msg/TeachbotPistolState.idl
[0.303s] -- Up-to-date symlink: /home/martijn/teachbot/install/teachbot_interfaces/share/teachbot_interfaces/msg/TeachbotState.idl
[0.303s] -- Up-to-date symlink: /home/martijn/teachbot/install/teachbot_interfaces/share/teachbot_interfaces/msg/TeachbotPistolState.msg
[0.303s] -- Up-to-date symlink: /home/martijn/teachbot/install/teachbot_interfaces/share/teachbot_interfaces/msg/TeachbotState.msg
[0.303s] -- Up-to-date symlink: /home/martijn/teachbot/install/teachbot_interfaces/share/ament_index/resource_index/package_run_dependencies/teachbot_interfaces
[0.303s] -- Up-to-date symlink: /home/martijn/teachbot/install/teachbot_interfaces/share/ament_index/resource_index/parent_prefix_path/teachbot_interfaces
[0.303s] -- Up-to-date symlink: /home/martijn/teachbot/install/teachbot_interfaces/share/teachbot_interfaces/environment/ament_prefix_path.sh
[0.303s] -- Up-to-date symlink: /home/martijn/teachbot/install/teachbot_interfaces/share/teachbot_interfaces/environment/ament_prefix_path.dsv
[0.303s] -- Up-to-date symlink: /home/martijn/teachbot/install/teachbot_interfaces/share/teachbot_interfaces/environment/path.sh
[0.303s] -- Up-to-date symlink: /home/martijn/teachbot/install/teachbot_interfaces/share/teachbot_interfaces/environment/path.dsv
[0.303s] -- Up-to-date symlink: /home/martijn/teachbot/install/teachbot_interfaces/share/teachbot_interfaces/local_setup.bash
[0.303s] -- Up-to-date symlink: /home/martijn/teachbot/install/teachbot_interfaces/share/teachbot_interfaces/local_setup.sh
[0.303s] -- Up-to-date symlink: /home/martijn/teachbot/install/teachbot_interfaces/share/teachbot_interfaces/local_setup.zsh
[0.304s] -- Up-to-date symlink: /home/martijn/teachbot/install/teachbot_interfaces/share/teachbot_interfaces/local_setup.dsv
[0.304s] -- Symlinking: /home/martijn/teachbot/install/teachbot_interfaces/share/teachbot_interfaces/package.dsv
[0.313s] -- Up-to-date symlink: /home/martijn/teachbot/install/teachbot_interfaces/share/ament_index/resource_index/packages/teachbot_interfaces
[0.313s] -- Up-to-date symlink: /home/martijn/teachbot/install/teachbot_interfaces/share/teachbot_interfaces/cmake/rosidl_cmake-extras.cmake
[0.313s] -- Up-to-date symlink: /home/martijn/teachbot/install/teachbot_interfaces/share/teachbot_interfaces/cmake/ament_cmake_export_dependencies-extras.cmake
[0.313s] -- Up-to-date symlink: /home/martijn/teachbot/install/teachbot_interfaces/share/teachbot_interfaces/cmake/ament_cmake_export_include_directories-extras.cmake
[0.313s] -- Up-to-date symlink: /home/martijn/teachbot/install/teachbot_interfaces/share/teachbot_interfaces/cmake/ament_cmake_export_libraries-extras.cmake
[0.313s] -- Up-to-date symlink: /home/martijn/teachbot/install/teachbot_interfaces/share/teachbot_interfaces/cmake/ament_cmake_export_targets-extras.cmake
[0.313s] -- Up-to-date symlink: /home/martijn/teachbot/install/teachbot_interfaces/share/teachbot_interfaces/cmake/rosidl_cmake_export_typesupport_targets-extras.cmake
[0.313s] -- Up-to-date symlink: /home/martijn/teachbot/install/teachbot_interfaces/share/teachbot_interfaces/cmake/rosidl_cmake_export_typesupport_libraries-extras.cmake
[0.313s] -- Up-to-date symlink: /home/martijn/teachbot/install/teachbot_interfaces/share/teachbot_interfaces/cmake/teachbot_interfacesConfig.cmake
[0.313s] -- Up-to-date symlink: /home/martijn/teachbot/install/teachbot_interfaces/share/teachbot_interfaces/cmake/teachbot_interfacesConfig-version.cmake
[0.313s] -- Up-to-date symlink: /home/martijn/teachbot/install/teachbot_interfaces/share/teachbot_interfaces/package.xml
[0.313s] -- Up-to-date: /home/martijn/teachbot/install/teachbot_interfaces/lib/libteachbot_interfaces__rosidl_generator_c.so
[0.313s] -- Up-to-date: /home/martijn/teachbot/install/teachbot_interfaces/lib/libteachbot_interfaces__rosidl_typesupport_fastrtps_c.so
[0.313s] -- Up-to-date: /home/martijn/teachbot/install/teachbot_interfaces/lib/libteachbot_interfaces__rosidl_typesupport_fastrtps_cpp.so
[0.313s] -- Up-to-date: /home/martijn/teachbot/install/teachbot_interfaces/lib/libteachbot_interfaces__rosidl_typesupport_introspection_c.so
[0.313s] -- Up-to-date: /home/martijn/teachbot/install/teachbot_interfaces/lib/libteachbot_interfaces__rosidl_typesupport_c.so
[0.313s] -- Up-to-date: /home/martijn/teachbot/install/teachbot_interfaces/lib/libteachbot_interfaces__rosidl_typesupport_introspection_cpp.so
[0.313s] -- Up-to-date: /home/martijn/teachbot/install/teachbot_interfaces/lib/libteachbot_interfaces__rosidl_typesupport_cpp.so
[0.330s] Listing '/home/martijn/teachbot/install/teachbot_interfaces/local/lib/python3.10/dist-packages/teachbot_interfaces'...
[0.331s] Listing '/home/martijn/teachbot/install/teachbot_interfaces/local/lib/python3.10/dist-packages/teachbot_interfaces/msg'...
[0.333s] -- Up-to-date: /home/martijn/teachbot/install/teachbot_interfaces/lib/libteachbot_interfaces__rosidl_generator_py.so
[0.333s] -- Up-to-date: /home/martijn/teachbot/install/teachbot_interfaces/share/teachbot_interfaces/cmake/export_teachbot_interfaces__rosidl_generator_cExport.cmake
[0.333s] -- Up-to-date: /home/martijn/teachbot/install/teachbot_interfaces/share/teachbot_interfaces/cmake/export_teachbot_interfaces__rosidl_generator_cExport-noconfig.cmake
[0.333s] -- Up-to-date: /home/martijn/teachbot/install/teachbot_interfaces/share/teachbot_interfaces/cmake/export_teachbot_interfaces__rosidl_typesupport_fastrtps_cExport.cmake
[0.333s] -- Up-to-date: /home/martijn/teachbot/install/teachbot_interfaces/share/teachbot_interfaces/cmake/export_teachbot_interfaces__rosidl_typesupport_fastrtps_cExport-noconfig.cmake
[0.333s] -- Up-to-date: /home/martijn/teachbot/install/teachbot_interfaces/share/teachbot_interfaces/cmake/export_teachbot_interfaces__rosidl_generator_cppExport.cmake
[0.334s] -- Up-to-date: /home/martijn/teachbot/install/teachbot_interfaces/share/teachbot_interfaces/cmake/export_teachbot_interfaces__rosidl_typesupport_fastrtps_cppExport.cmake
[0.334s] -- Up-to-date: /home/martijn/teachbot/install/teachbot_interfaces/share/teachbot_interfaces/cmake/export_teachbot_interfaces__rosidl_typesupport_fastrtps_cppExport-noconfig.cmake
[0.334s] -- Up-to-date: /home/martijn/teachbot/install/teachbot_interfaces/share/teachbot_interfaces/cmake/teachbot_interfaces__rosidl_typesupport_introspection_cExport.cmake
[0.334s] -- Up-to-date: /home/martijn/teachbot/install/teachbot_interfaces/share/teachbot_interfaces/cmake/teachbot_interfaces__rosidl_typesupport_introspection_cExport-noconfig.cmake
[0.334s] -- Up-to-date: /home/martijn/teachbot/install/teachbot_interfaces/share/teachbot_interfaces/cmake/teachbot_interfaces__rosidl_typesupport_cExport.cmake
[0.334s] -- Up-to-date: /home/martijn/teachbot/install/teachbot_interfaces/share/teachbot_interfaces/cmake/teachbot_interfaces__rosidl_typesupport_cExport-noconfig.cmake
[0.334s] -- Up-to-date: /home/martijn/teachbot/install/teachbot_interfaces/share/teachbot_interfaces/cmake/teachbot_interfaces__rosidl_typesupport_introspection_cppExport.cmake
[0.334s] -- Up-to-date: /home/martijn/teachbot/install/teachbot_interfaces/share/teachbot_interfaces/cmake/teachbot_interfaces__rosidl_typesupport_introspection_cppExport-noconfig.cmake
[0.334s] -- Up-to-date: /home/martijn/teachbot/install/teachbot_interfaces/share/teachbot_interfaces/cmake/teachbot_interfaces__rosidl_typesupport_cppExport.cmake
[0.334s] -- Up-to-date: /home/martijn/teachbot/install/teachbot_interfaces/share/teachbot_interfaces/cmake/teachbot_interfaces__rosidl_typesupport_cppExport-noconfig.cmake
[0.334s] -- Up-to-date: /home/martijn/teachbot/install/teachbot_interfaces/share/teachbot_interfaces/cmake/export_teachbot_interfaces__rosidl_generator_pyExport.cmake
[0.334s] -- Up-to-date: /home/martijn/teachbot/install/teachbot_interfaces/share/teachbot_interfaces/cmake/export_teachbot_interfaces__rosidl_generator_pyExport-noconfig.cmake
[0.337s] Invoked command in '/home/martijn/teachbot/build/teachbot_interfaces' returned '0': CMAKE_PREFIX_PATH=${CMAKE_PREFIX_PATH}:/home/martijn/interbotix_ws/install/interbotix_xs_modules:/home/martijn/interbotix_ws/install/interbotix_common_modules:/opt/ros/humble /usr/bin/cmake --install /home/martijn/teachbot/build/teachbot_interfaces
