running develop
running egg_info
creating teachbot_follower.egg-info
writing teachbot_follower.egg-info/PKG-INFO
writing dependency_links to teachbot_follower.egg-info/dependency_links.txt
writing entry points to teachbot_follower.egg-info/entry_points.txt
writing requirements to teachbot_follower.egg-info/requires.txt
writing top-level names to teachbot_follower.egg-info/top_level.txt
writing manifest file 'teachbot_follower.egg-info/SOURCES.txt'
reading manifest file 'teachbot_follower.egg-info/SOURCES.txt'
writing manifest file 'teachbot_follower.egg-info/SOURCES.txt'
running build_ext
Creating /home/martijn/teachbot/install/teachbot_follower/lib/python3.10/site-packages/teachbot-follower.egg-link (link to .)
Installing follower_action script to /home/martijn/teachbot/install/teachbot_follower/lib/teachbot_follower
Installing follower_moveit_commander script to /home/martijn/teachbot/install/teachbot_follower/lib/teachbot_follower
Installing teachbot_enable_from_button script to /home/martijn/teachbot/install/teachbot_follower/lib/teachbot_follower
Installing teachbot_enable_gui script to /home/martijn/teachbot/install/teachbot_follower/lib/teachbot_follower

Installed /home/martijn/teachbot/build/teachbot_follower
running symlink_data
creating /home/martijn/teachbot/install/teachbot_follower/share/ament_index
creating /home/martijn/teachbot/install/teachbot_follower/share/ament_index/resource_index
creating /home/martijn/teachbot/install/teachbot_follower/share/ament_index/resource_index/packages
symbolically linking /home/martijn/teachbot/build/teachbot_follower/resource/teachbot_follower -> /home/martijn/teachbot/install/teachbot_follower/share/ament_index/resource_index/packages
symbolically linking /home/martijn/teachbot/build/teachbot_follower/package.xml -> /home/martijn/teachbot/install/teachbot_follower/share/teachbot_follower
creating /home/martijn/teachbot/install/teachbot_follower/share/teachbot_follower/teachbot_follower
symbolically linking /home/martijn/teachbot/build/teachbot_follower/teachbot_follower/follower_moveit_commander.py -> /home/martijn/teachbot/install/teachbot_follower/share/teachbot_follower/teachbot_follower
symbolically linking /home/martijn/teachbot/build/teachbot_follower/teachbot_follower/teachbot_enable_from_button.py -> /home/martijn/teachbot/install/teachbot_follower/share/teachbot_follower/teachbot_follower
symbolically linking /home/martijn/teachbot/build/teachbot_follower/teachbot_follower/__init__.py -> /home/martijn/teachbot/install/teachbot_follower/share/teachbot_follower/teachbot_follower
symbolically linking /home/martijn/teachbot/build/teachbot_follower/teachbot_follower/follower_action.py -> /home/martijn/teachbot/install/teachbot_follower/share/teachbot_follower/teachbot_follower
symbolically linking /home/martijn/teachbot/build/teachbot_follower/teachbot_follower/teachbot_enable_gui.py -> /home/martijn/teachbot/install/teachbot_follower/share/teachbot_follower/teachbot_follower
creating /home/martijn/teachbot/install/teachbot_follower/share/teachbot_follower/teachbot_follower/__pycache__
symbolically linking /home/martijn/teachbot/build/teachbot_follower/teachbot_follower/__pycache__/.gitignore -> /home/martijn/teachbot/install/teachbot_follower/share/teachbot_follower/teachbot_follower/__pycache__
creating /home/martijn/teachbot/install/teachbot_follower/share/teachbot_follower/launch
symbolically linking /home/martijn/teachbot/build/teachbot_follower/launch/follower_action.launch.py -> /home/martijn/teachbot/install/teachbot_follower/share/teachbot_follower/launch/
symbolically linking /home/martijn/teachbot/build/teachbot_follower/launch/follower_moveit_commander.launch.py -> /home/martijn/teachbot/install/teachbot_follower/share/teachbot_follower/launch/
creating /home/martijn/teachbot/install/teachbot_follower/share/teachbot_follower/config
symbolically linking /home/martijn/teachbot/build/teachbot_follower/config/ufLite6.yaml -> /home/martijn/teachbot/install/teachbot_follower/share/teachbot_follower/config/
symbolically linking /home/martijn/teachbot/build/teachbot_follower/config/ur.yaml -> /home/martijn/teachbot/install/teachbot_follower/share/teachbot_follower/config/
