[0.529s] Invoking command in '/home/martijn/teachbot/build/teachbot_follower': PYTHONPATH=/home/martijn/teachbot/build/teachbot_follower/prefix_override:/usr/lib/python3/dist-packages/colcon_core/task/python/colcon_distutils_commands:/home/martijn/teachbot/install/teachbot_follower/lib/python3.10/site-packages:${PYTHONPATH} /usr/bin/python3 -W ignore:setup.py install is deprecated -W ignore:easy_install command is deprecated setup.py develop --editable --build-directory /home/martijn/teachbot/build/teachbot_follower/build --no-deps symlink_data
[0.648s] running develop
[0.717s] running egg_info
[0.717s] creating teachbot_follower.egg-info
[0.717s] writing teachbot_follower.egg-info/PKG-INFO
[0.717s] writing dependency_links to teachbot_follower.egg-info/dependency_links.txt
[0.717s] writing entry points to teachbot_follower.egg-info/entry_points.txt
[0.717s] writing requirements to teachbot_follower.egg-info/requires.txt
[0.717s] writing top-level names to teachbot_follower.egg-info/top_level.txt
[0.717s] writing manifest file 'teachbot_follower.egg-info/SOURCES.txt'
[0.718s] reading manifest file 'teachbot_follower.egg-info/SOURCES.txt'
[0.718s] writing manifest file 'teachbot_follower.egg-info/SOURCES.txt'
[0.719s] running build_ext
[0.719s] Creating /home/martijn/teachbot/install/teachbot_follower/lib/python3.10/site-packages/teachbot-follower.egg-link (link to .)
[0.720s] Installing follower_action script to /home/martijn/teachbot/install/teachbot_follower/lib/teachbot_follower
[0.720s] Installing follower_moveit_commander script to /home/martijn/teachbot/install/teachbot_follower/lib/teachbot_follower
[0.720s] Installing teachbot_enable_from_button script to /home/martijn/teachbot/install/teachbot_follower/lib/teachbot_follower
[0.720s] Installing teachbot_enable_gui script to /home/martijn/teachbot/install/teachbot_follower/lib/teachbot_follower
[0.720s] 
[0.720s] Installed /home/martijn/teachbot/build/teachbot_follower
[0.720s] running symlink_data
[0.720s] creating /home/martijn/teachbot/install/teachbot_follower/share/ament_index
[0.720s] creating /home/martijn/teachbot/install/teachbot_follower/share/ament_index/resource_index
[0.720s] creating /home/martijn/teachbot/install/teachbot_follower/share/ament_index/resource_index/packages
[0.721s] symbolically linking /home/martijn/teachbot/build/teachbot_follower/resource/teachbot_follower -> /home/martijn/teachbot/install/teachbot_follower/share/ament_index/resource_index/packages
[0.721s] symbolically linking /home/martijn/teachbot/build/teachbot_follower/package.xml -> /home/martijn/teachbot/install/teachbot_follower/share/teachbot_follower
[0.721s] creating /home/martijn/teachbot/install/teachbot_follower/share/teachbot_follower/teachbot_follower
[0.721s] symbolically linking /home/martijn/teachbot/build/teachbot_follower/teachbot_follower/follower_moveit_commander.py -> /home/martijn/teachbot/install/teachbot_follower/share/teachbot_follower/teachbot_follower
[0.721s] symbolically linking /home/martijn/teachbot/build/teachbot_follower/teachbot_follower/teachbot_enable_from_button.py -> /home/martijn/teachbot/install/teachbot_follower/share/teachbot_follower/teachbot_follower
[0.721s] symbolically linking /home/martijn/teachbot/build/teachbot_follower/teachbot_follower/__init__.py -> /home/martijn/teachbot/install/teachbot_follower/share/teachbot_follower/teachbot_follower
[0.721s] symbolically linking /home/martijn/teachbot/build/teachbot_follower/teachbot_follower/follower_action.py -> /home/martijn/teachbot/install/teachbot_follower/share/teachbot_follower/teachbot_follower
[0.721s] symbolically linking /home/martijn/teachbot/build/teachbot_follower/teachbot_follower/teachbot_enable_gui.py -> /home/martijn/teachbot/install/teachbot_follower/share/teachbot_follower/teachbot_follower
[0.721s] creating /home/martijn/teachbot/install/teachbot_follower/share/teachbot_follower/teachbot_follower/__pycache__
[0.721s] symbolically linking /home/martijn/teachbot/build/teachbot_follower/teachbot_follower/__pycache__/.gitignore -> /home/martijn/teachbot/install/teachbot_follower/share/teachbot_follower/teachbot_follower/__pycache__
[0.721s] creating /home/martijn/teachbot/install/teachbot_follower/share/teachbot_follower/launch
[0.721s] symbolically linking /home/martijn/teachbot/build/teachbot_follower/launch/follower_action.launch.py -> /home/martijn/teachbot/install/teachbot_follower/share/teachbot_follower/launch/
[0.721s] symbolically linking /home/martijn/teachbot/build/teachbot_follower/launch/follower_moveit_commander.launch.py -> /home/martijn/teachbot/install/teachbot_follower/share/teachbot_follower/launch/
[0.721s] creating /home/martijn/teachbot/install/teachbot_follower/share/teachbot_follower/config
[0.721s] symbolically linking /home/martijn/teachbot/build/teachbot_follower/config/ufLite6.yaml -> /home/martijn/teachbot/install/teachbot_follower/share/teachbot_follower/config/
[0.721s] symbolically linking /home/martijn/teachbot/build/teachbot_follower/config/ur.yaml -> /home/martijn/teachbot/install/teachbot_follower/share/teachbot_follower/config/
[0.738s] Invoked command in '/home/martijn/teachbot/build/teachbot_follower' returned '0': PYTHONPATH=/home/martijn/teachbot/build/teachbot_follower/prefix_override:/usr/lib/python3/dist-packages/colcon_core/task/python/colcon_distutils_commands:/home/martijn/teachbot/install/teachbot_follower/lib/python3.10/site-packages:${PYTHONPATH} /usr/bin/python3 -W ignore:setup.py install is deprecated -W ignore:easy_install command is deprecated setup.py develop --editable --build-directory /home/martijn/teachbot/build/teachbot_follower/build --no-deps symlink_data
